2016-12-26 10:22:26:559: Application Version: 2.2.3.0 built Jan 1, 2010 3:00 am UTC
2016-12-26 10:22:26:559: Microsoft Windows 7 Ultimate Service Pack 1
2016-12-26 10:22:26:559: 6.01 build 7601 Service Pack 1
2016-12-26 10:22:26:559: Username: pablo
2016-12-26 10:22:26:559: =============================================================================
2016-12-26 10:22:26:559: Installation ID: cfb1a8e7-00c8-4dee-b07a-832a15d00d32
2016-12-26 10:22:30:506: Monitoring driver installed
2016-12-26 10:22:39:866: DumpPath: C:\Users\pablo\AppData\Local\Temp\<AppName>-1470776260.dmp
2016-12-26 10:22:39:866: Looking for in-progress session...
2016-12-26 10:22:39:866: MachineID: 769CE0D0-851A-400C-89B5-75C11341717D
2016-12-26 10:22:39:866: InstallationID: CFB1A8E7-00C8-4DEE-B07A-832A15D00D32
2016-12-26 10:22:39:866: Initializing user interface...
2016-12-26 10:22:42:549: Checking registration state...
2016-12-26 10:22:45:840: This version of AVG Driver Updater is unregistered.
2016-12-26 10:22:48:149: Comparing driver data from last session...
2016-12-26 10:22:48:836: Creating tray icon...
2016-12-26 10:22:48:836: Survey check...
2016-12-26 10:22:48:836: Not registered?
2016-12-26 10:22:48:867: AppStartFromBootCount: 2
2016-12-26 10:22:48:867: OnProcessEvent...missing track
2016-12-26 10:22:48:867: OnProcessEvent...missing track
2016-12-26 10:22:48:882: OnProcessEvent...missing track
2016-12-26 10:22:49:397: strVersionData: 2.2.2.0|2.0.4096.996
2016-12-26 10:22:55:843: OnProcessEvent...missing track
2016-12-26 10:22:56:092: OnProcessEvent...missing track
2016-12-26 10:22:56:903: OnProcessEvent...missing track
2016-12-26 10:23:01:537: OnProcessEvent...missing track
2016-12-26 10:23:01:537: OnProcessEvent...missing track
2016-12-26 10:23:01:537: OnProcessEvent...missing track
2016-12-26 10:23:01:537: OnProcessEvent...missing track
2016-12-26 10:23:01:537: OnProcessEvent...missing track
2016-12-26 10:23:01:537: OnProcessEvent...missing track
2016-12-26 10:23:18:463: OnProcessEvent...missing track
2016-12-26 10:23:18:463: OnProcessEvent...missing track
2016-12-26 10:23:18:977: OnProcessEvent...missing track
2016-12-26 10:23:28:322: OnProcessEvent...missing track
2016-12-26 10:23:53:875: OnProcessEvent...missing track
2016-12-26 10:23:53:875: OnProcessEvent...missing track
2016-12-26 10:24:04:030: OnProcessEvent...missing track
2016-12-26 10:24:09:038: OnProcessEvent...missing track
2016-12-26 10:24:21:518: OnProcessEvent...missing track
2016-12-26 10:24:53:108: OnProcessEvent...missing track
2016-12-26 10:24:58:198: OnProcessEvent...missing track
2016-12-26 10:25:10:304: OnProcessEvent...missing track
2016-12-26 10:25:11:349: OnProcessEvent...missing track
2016-12-26 10:25:11:349: OnProcessEvent...missing track
2016-12-26 10:25:11:349: OnProcessEvent...missing track
2016-12-26 10:25:15:561: OnProcessEvent...missing track
2016-12-26 10:25:15:561: OnProcessEvent...missing track
2016-12-26 10:27:28:097: OnProcessEvent...missing track
2016-12-26 10:27:52:696: OnProcessEvent...missing track
2016-12-26 10:27:58:999: OnProcessEvent...missing track
2016-12-26 10:30:02:946: OnProcessEvent...missing track
2016-12-26 10:30:04:896: OnProcessEvent...missing track
2016-12-26 10:30:05:098: OnProcessEvent...missing track
2016-12-26 10:31:07:877: OnProcessEvent...missing track
2016-12-26 10:31:07:877: OnProcessEvent...missing track
2016-12-26 10:31:08:641: OnProcessEvent...missing track
2016-12-26 10:31:30:232: OnProcessEvent...missing track
2016-12-26 10:32:16:033: OnProcessEvent...missing track
2016-12-26 10:32:17:110: OnProcessEvent...missing track
2016-12-26 10:32:17:141: OnProcessEvent...missing track
2016-12-26 10:32:17:141: OnProcessEvent...missing track
2016-12-26 10:32:17:157: OnProcessEvent...missing track
2016-12-26 10:32:22:523: OnProcessEvent...missing track
2016-12-26 10:32:22:523: OnProcessEvent...missing track
2016-12-26 10:33:37:221: OnProcessEvent...missing track
2016-12-26 10:33:37:221: OnProcessEvent...missing track
2016-12-26 10:33:37:221: OnProcessEvent...missing track
2016-12-26 10:33:42:485: OnProcessEvent...missing track
2016-12-26 10:33:42:485: OnProcessEvent...missing track
2016-12-26 10:37:02:695: OnProcessEvent...missing track
2016-12-26 10:42:05:668: OnProcessEvent...missing track
2016-12-26 10:42:05:668: OnProcessEvent...missing track
2016-12-26 10:43:07:901: OnProcessEvent...missing track
2016-12-26 10:43:07:901: OnProcessEvent...missing track
2016-12-26 10:45:12:163: OnProcessEvent...missing track
2016-12-26 10:46:06:404: OnProcessEvent...missing track
2016-12-26 10:47:45:309: OnProcessEvent...missing track
2016-12-26 10:48:00:862: OnProcessEvent...missing track
2016-12-26 10:49:07:054: OnProcessEvent...missing track
2016-12-26 10:49:58:175: OnProcessEvent...missing track
2016-12-26 10:50:33:298: OnProcessEvent...missing track
2016-12-26 10:51:23:086: OnProcessEvent...missing track
2016-12-26 10:51:29:670: OnProcessEvent...missing track
2016-12-26 10:51:30:669: OnProcessEvent...missing track
2016-12-26 10:51:32:986: OnProcessEvent...missing track
2016-12-26 10:51:57:930: OnProcessEvent...missing track
2016-12-26 10:52:40:478: OnProcessEvent...missing track
2016-12-26 10:53:00:727: OnProcessEvent...missing track
2016-12-26 10:54:14:647: OnProcessEvent...missing track
2016-12-26 10:54:15:708: OnProcessEvent...missing track
2016-12-26 10:54:47:492: OnProcessEvent...missing track
2016-12-26 10:55:00:783: OnProcessEvent...missing track
2016-12-26 10:55:00:783: OnProcessEvent...missing track
2016-12-26 10:55:23:026: OnProcessEvent...missing track
2016-12-26 10:55:24:071: OnProcessEvent...missing track
2016-12-26 10:55:25:178: OnProcessEvent...missing track
2016-12-26 10:55:26:317: OnProcessEvent...missing track
2016-12-26 10:55:27:518: OnProcessEvent...missing track
2016-12-26 10:55:29:780: OnProcessEvent...missing track
2016-12-26 10:55:31:013: New device: {5d624f94-8850-40c3-a3fa-a4fd2080baf3}\vwifimp\7&1704cc16
2016-12-26 10:55:31:013: NOT a USB device
2016-12-26 10:55:31:091: New device: {5d624f94-8850-40c3-a3fa-a4fd2080baf3}\vwifimp\7&1704cc16
2016-12-26 10:55:31:091: NOT a USB device
2016-12-26 10:55:46:481: OnProcessEvent...missing track
2016-12-26 10:55:46:481: OnProcessEvent...missing track
2016-12-26 10:56:10:020: OnProcessEvent...missing track
2016-12-26 10:56:10:020: OnProcessEvent...missing track
2016-12-26 11:00:37:593: OnProcessEvent...missing track
2016-12-26 11:01:07:724: OnProcessEvent...missing track
2016-12-26 11:01:07:724: OnProcessEvent...missing track
2016-12-26 11:04:35:028: OnProcessEvent...missing track
2016-12-26 11:06:28:950: OnProcessEvent...missing track
2016-12-26 11:06:33:676: OnProcessEvent...missing track
2016-12-26 11:07:01:788: OnProcessEvent...missing track
2016-12-26 11:07:34:515: OnProcessEvent...missing track
2016-12-26 11:07:35:607: OnProcessEvent...missing track
2016-12-26 11:07:35:607: OnProcessEvent...missing track
2016-12-26 11:07:35:607: OnProcessEvent...missing track
2016-12-26 11:07:40:552: OnProcessEvent...missing track
2016-12-26 11:07:40:552: OnProcessEvent...missing track
2016-12-26 11:12:31:789: OnProcessEvent...missing track
2016-12-26 11:13:07:607: OnProcessEvent...missing track
2016-12-26 11:13:07:622: OnProcessEvent...missing track
2016-12-26 11:13:39:306: OnProcessEvent...missing track
2016-12-26 11:15:02:173: OnProcessEvent...missing track
2016-12-26 11:15:02:173: OnProcessEvent...missing track
2016-12-26 11:15:57:319: OnProcessEvent...missing track
2016-12-26 11:15:57:319: OnProcessEvent...missing track
2016-12-26 11:17:02:949: OnProcessEvent...missing track
2016-12-26 11:17:02:949: OnProcessEvent...missing track
2016-12-26 11:31:07:628: OnProcessEvent...missing track
2016-12-26 11:31:07:628: OnProcessEvent...missing track
2016-12-26 11:31:08:813: OnProcessEvent...missing track
2016-12-26 11:31:08:813: OnProcessEvent...missing track
2016-12-26 11:31:16:145: OnProcessEvent...missing track
2016-12-26 11:33:06:718: OnProcessEvent...missing track
2016-12-26 11:33:29:947: OnProcessEvent...missing track
2016-12-26 11:33:31:273: OnProcessEvent...missing track
2016-12-26 11:33:31:273: OnProcessEvent...missing track
2016-12-26 11:33:31:273: OnProcessEvent...missing track
2016-12-26 11:33:31:273: OnProcessEvent...missing track
2016-12-26 11:33:31:273: OnProcessEvent...missing track
2016-12-26 11:33:31:273: OnProcessEvent...missing track
2016-12-26 11:33:31:273: OnProcessEvent...missing track
2016-12-26 11:33:31:647: OnProcessEvent...missing track
2016-12-26 11:33:32:490: OnProcessEvent...missing track
2016-12-26 11:33:33:301: OnProcessEvent...missing track
2016-12-26 11:33:33:379: OnProcessEvent...missing track
2016-12-26 11:33:33:394: OnProcessEvent...missing track
2016-12-26 11:33:34:424: OnProcessEvent...missing track
2016-12-26 11:33:34:424: OnProcessEvent...missing track
2016-12-26 11:33:35:203: OnProcessEvent...missing track
2016-12-26 11:33:36:772: OnProcessEvent...missing track
2016-12-26 11:33:38:775: OnProcessEvent...missing track
2016-12-26 11:33:39:836: OnProcessEvent...missing track
2016-12-26 11:33:39:836: OnProcessEvent...missing track
2016-12-26 11:33:39:836: OnProcessEvent...missing track
2016-12-26 11:33:39:836: OnProcessEvent...missing track
2016-12-26 11:33:44:298: OnProcessEvent...missing track
2016-12-26 11:33:46:436: OnProcessEvent...missing track
2016-12-26 11:33:46:436: OnProcessEvent...missing track
2016-12-26 11:33:46:436: OnProcessEvent...missing track
2016-12-26 11:33:47:544: OnProcessEvent...missing track
2016-12-26 11:33:49:681: OnProcessEvent...missing track
2016-12-26 11:33:49:681: OnProcessEvent...missing track
2016-12-26 11:33:54:018: OnProcessEvent...missing track
2016-12-26 11:33:54:018: OnProcessEvent...missing track
2016-12-26 11:33:54:018: OnProcessEvent...missing track
2016-12-26 11:34:10:897: OnProcessEvent...missing track
2016-12-26 11:34:11:724: OnProcessEvent...missing track
2016-12-26 11:34:11:724: OnProcessEvent...missing track
2016-12-26 11:34:13:019: OnProcessEvent...missing track
2016-12-26 11:34:13:019: OnProcessEvent...missing track
2016-12-26 11:35:23:437: OnProcessEvent...missing track
2016-12-26 11:35:23:437: OnProcessEvent...missing track
2016-12-26 11:35:35:418: OnProcessEvent...missing track
2016-12-26 11:35:40:722: OnProcessEvent...missing track
2016-12-26 11:36:55:680: OnProcessEvent...missing track
2016-12-26 11:36:58:005: OnProcessEvent...missing track
2016-12-26 11:36:59:144: OnProcessEvent...missing track
2016-12-26 11:37:00:331: OnProcessEvent...missing track
2016-12-26 11:37:01:392: OnProcessEvent...missing track
2016-12-26 11:37:01:454: OnProcessEvent...missing track
2016-12-26 11:37:03:546: OnProcessEvent...missing track
2016-12-26 11:37:09:084: OnProcessEvent...missing track
2016-12-26 11:37:14:607: OnProcessEvent...missing track
2016-12-26 11:37:14:622: OnProcessEvent...missing track
2016-12-26 11:37:15:886: OnProcessEvent...missing track
2016-12-26 11:37:36:353: OnProcessEvent...missing track
2016-12-26 11:37:39:676: OnProcessEvent...missing track
2016-12-26 11:37:44:169: OnProcessEvent...missing track
2016-12-26 11:38:34:011: OnProcessEvent...missing track
2016-12-26 11:38:38:450: OnProcessEvent...missing track
2016-12-26 11:38:53:675: OnProcessEvent...missing track
2016-12-26 11:39:10:399: OnProcessEvent...missing track
2016-12-26 11:39:12:739: OnProcessEvent...missing track
2016-12-26 11:39:15:032: OnProcessEvent...missing track
2016-12-26 11:39:24:609: OnProcessEvent...missing track
2016-12-26 11:39:29:148: OnProcessEvent...missing track
2016-12-26 11:40:21:018: OnProcessEvent...missing track
2016-12-26 11:40:22:235: OnProcessEvent...missing track
2016-12-26 11:40:40:128: OnProcessEvent...missing track
2016-12-26 11:41:17:022: OnProcessEvent...missing track
2016-12-26 11:41:17:022: OnProcessEvent...missing track
2016-12-26 11:41:17:022: OnProcessEvent...missing track
2016-12-26 11:41:21:496: OnProcessEvent...missing track
2016-12-26 11:41:23:540: OnProcessEvent...missing track
2016-12-26 11:41:33:447: OnProcessEvent...missing track
2016-12-26 11:42:20:993: OnProcessEvent...missing track
2016-12-26 11:42:20:993: OnProcessEvent...missing track
2016-12-26 11:42:55:830: OnProcessEvent...missing track
2016-12-26 11:43:13:208: OnProcessEvent...missing track
2016-12-26 11:43:18:715: OnProcessEvent...missing track
2016-12-26 11:43:26:640: OnProcessEvent...missing track
2016-12-26 11:43:31:148: OnProcessEvent...missing track
2016-12-26 11:43:35:749: OnProcessEvent...missing track
2016-12-26 11:43:41:038: OnProcessEvent...missing track
2016-12-26 11:44:43:188: OnProcessEvent...missing track
2016-12-26 11:45:50:378: OnProcessEvent...missing track
2016-12-26 11:45:55:682: OnProcessEvent...missing track
2016-12-26 11:46:07:959: OnProcessEvent...missing track
2016-12-26 11:46:07:959: OnProcessEvent...missing track
2016-12-26 11:46:08:864: OnProcessEvent...missing track
2016-12-26 11:46:08:864: OnProcessEvent...missing track
2016-12-26 11:46:08:864: OnProcessEvent...missing track
2016-12-26 11:46:09:020: OnProcessEvent...missing track
2016-12-26 11:46:13:122: OnProcessEvent...missing track
2016-12-26 11:46:24:230: OnProcessEvent...missing track
2016-12-26 11:46:24:230: OnProcessEvent...missing track
2016-12-26 11:46:29:333: OnProcessEvent...missing track
2016-12-26 11:46:29:333: OnProcessEvent...missing track
2016-12-26 11:46:29:629: OnProcessEvent...missing track
2016-12-26 11:46:29:629: OnProcessEvent...missing track
2016-12-26 11:46:29:629: OnProcessEvent...missing track
2016-12-26 11:46:30:394: OnProcessEvent...missing track
2016-12-26 11:46:31:939: OnProcessEvent...missing track
2016-12-26 11:46:31:939: OnProcessEvent...missing track
2016-12-26 11:46:31:939: OnProcessEvent...missing track
2016-12-26 11:46:37:961: OnProcessEvent...missing track
2016-12-26 11:46:37:961: OnProcessEvent...missing track
2016-12-26 11:46:40:207: OnProcessEvent...missing track
2016-12-26 11:46:41:346: OnProcessEvent...missing track
2016-12-26 11:46:41:705: OnProcessEvent...missing track
2016-12-26 11:46:46:759: OnProcessEvent...missing track
2016-12-26 11:47:43:060: OnProcessEvent...missing track
2016-12-26 11:48:01:062: OnProcessEvent...missing track
2016-12-26 11:48:35:819: OnProcessEvent...missing track
2016-12-26 11:49:53:585: OnProcessEvent...missing track
2016-12-26 11:49:54:669: OnProcessEvent...missing track
2016-12-26 11:49:54:669: OnProcessEvent...missing track
2016-12-26 11:49:54:758: New device: USB\VID_148F&PID_3070
2016-12-26 11:49:55:009: OnProcessEvent...missing track
2016-12-26 11:49:55:805: New device: {5d624f94-8850-40c3-a3fa-a4fd2080baf3}\vwifimp\7&1704cc16
2016-12-26 11:49:55:805: NOT a USB device
2016-12-26 11:49:56:070: New device: {5d624f94-8850-40c3-a3fa-a4fd2080baf3}\vwifimp\7&1704cc16
2016-12-26 11:49:56:070: NOT a USB device
2016-12-26 11:49:58:457: Quick scan collect...
2016-12-26 11:49:59:549: Quick scan collected.
2016-12-26 11:49:59:549: Quick scan Analyze...
2016-12-26 11:49:59:549: Sending update request: GetDriverUpdates
2016-12-26 11:50:00:017: OnProcessEvent...missing track
2016-12-26 11:50:00:017: OnProcessEvent...missing track
2016-12-26 11:50:00:173: OnProcessEvent...missing track
2016-12-26 11:50:01:015: Request failed: CInternetException: No se pudo resolver el nombre de servidor ni su dirección

2016-12-26 11:50:01:015: Quick scan...completed
2016-12-26 11:50:01:390: Quick scan found 0 updates
2016-12-26 11:50:01:390: OnProcessEvent...missing track
2016-12-26 11:50:01:390: OnProcessEvent...missing track
2016-12-26 11:50:06:662: OnProcessEvent...missing track
2016-12-26 11:50:09:892: OnProcessEvent...missing track
2016-12-26 11:50:09:892: OnProcessEvent...missing track
2016-12-26 11:50:14:010: OnProcessEvent...missing track
2016-12-26 11:50:15:086: OnProcessEvent...missing track
2016-12-26 11:50:15:086: OnProcessEvent...missing track
2016-12-26 11:50:22:622: OnProcessEvent...missing track
2016-12-26 11:50:24:837: OnProcessEvent...missing track
2016-12-26 11:50:24:837: OnProcessEvent...missing track
2016-12-26 11:50:37:006: OnProcessEvent...missing track
2016-12-26 11:50:42:731: OnProcessEvent...missing track
2016-12-26 11:50:47:114: OnProcessEvent...missing track
2016-12-26 11:51:19:500: OnProcessEvent...missing track
2016-12-26 11:51:20:608: OnProcessEvent...missing track
2016-12-26 11:51:21:927: New device: USB\VID_148F&PID_3070
2016-12-26 11:51:22:988: New device: {5d624f94-8850-40c3-a3fa-a4fd2080baf3}\vwifimp\7&1704cc16
2016-12-26 11:51:22:988: NOT a USB device
2016-12-26 11:51:22:988: OnProcessEvent...missing track
2016-12-26 11:51:23:253: New device: {5d624f94-8850-40c3-a3fa-a4fd2080baf3}\vwifimp\7&1704cc16
2016-12-26 11:51:23:253: NOT a USB device
2016-12-26 11:51:25:531: Quick scan collect...
2016-12-26 11:51:26:404: Quick scan collected.
2016-12-26 11:51:26:404: Quick scan Analyze...
2016-12-26 11:51:26:404: Sending update request: GetDriverUpdates
2016-12-26 11:51:28:386: OnProcessEvent...missing track
2016-12-26 11:51:28:448: OnProcessEvent...missing track
2016-12-26 11:51:36:249: OnProcessEvent...missing track
2016-12-26 11:51:38:527: OnProcessEvent...missing track
2016-12-26 11:51:38:527: OnProcessEvent...missing track
2016-12-26 11:51:40:929: Request failed: CInternetException: No se pudo resolver el nombre de servidor ni su dirección

2016-12-26 11:51:40:929: Quick scan...completed
2016-12-26 11:51:41:257: Quick scan found 0 updates
2016-12-26 11:53:00:536: OnProcessEvent...missing track
2016-12-26 11:53:05:871: OnProcessEvent...missing track
2016-12-26 11:55:14:930: OnProcessEvent...missing track
2016-12-26 11:55:20:568: OnProcessEvent...missing track
2016-12-26 11:55:30:926: OnProcessEvent...missing track
2016-12-26 11:55:30:926: OnProcessEvent...missing track
2016-12-26 11:55:35:060: OnProcessEvent...missing track
2016-12-26 12:00:37:490: OnProcessEvent...missing track
2016-12-26 12:00:37:490: OnProcessEvent...missing track
2016-12-26 12:00:37:490: OnProcessEvent...missing track
2016-12-26 12:00:37:490: OnProcessEvent...missing track
2016-12-26 12:00:38:457: OnProcessEvent...missing track
2016-12-26 12:01:47:035: OnProcessEvent...missing track
2016-12-26 12:01:47:035: OnProcessEvent...missing track
2016-12-26 12:05:38:979: OnProcessEvent...missing track
2016-12-26 12:07:59:098: OnProcessEvent...missing track
2016-12-26 12:09:55:899: OnProcessEvent...missing track
2016-12-26 12:09:58:008: OnProcessEvent...missing track
2016-12-26 12:09:58:256: OnProcessEvent...missing track
2016-12-26 12:10:04:853: OnProcessEvent...missing track
2016-12-26 12:13:15:938: OnProcessEvent...missing track
2016-12-26 12:14:59:553: OnProcessEvent...missing track
2016-12-26 12:15:08:445: OnProcessEvent...missing track
2016-12-26 12:15:12:719: OnProcessEvent...missing track
2016-12-26 12:15:15:964: OnProcessEvent...missing track
2016-12-26 12:15:17:243: OnProcessEvent...missing track
2016-12-26 12:15:18:273: OnProcessEvent...missing track
2016-12-26 12:15:20:582: OnProcessEvent...missing track
2016-12-26 12:15:21:596: OnProcessEvent...missing track
2016-12-26 12:15:31:595: OnProcessEvent...missing track
2016-12-26 12:15:33:779: OnProcessEvent...missing track
2016-12-26 12:15:35:995: OnProcessEvent...missing track
2016-12-26 12:15:39:239: OnProcessEvent...missing track
2016-12-26 12:15:40:253: OnProcessEvent...missing track
2016-12-26 12:15:41:486: OnProcessEvent...missing track
2016-12-26 12:15:41:486: OnProcessEvent...missing track
2016-12-26 12:15:42:406: OnProcessEvent...missing track
2016-12-26 12:15:42:406: OnProcessEvent...missing track
2016-12-26 12:15:43:318: New device: USB\VID_148F&PID_3070
2016-12-26 12:15:44:379: New device: {5d624f94-8850-40c3-a3fa-a4fd2080baf3}\vwifimp\7&1704cc16
2016-12-26 12:15:44:379: NOT a USB device
2016-12-26 12:15:44:644: New device: {5d624f94-8850-40c3-a3fa-a4fd2080baf3}\vwifimp\7&1704cc16
2016-12-26 12:15:44:644: NOT a USB device
2016-12-26 12:15:47:541: Quick scan collect...
2016-12-26 12:15:48:680: Quick scan collected.
2016-12-26 12:15:48:680: Quick scan Analyze...
2016-12-26 12:15:48:680: OnProcessEvent...missing track
2016-12-26 12:15:48:680: Sending update request: GetDriverUpdates
2016-12-26 12:15:49:460: OnProcessEvent...missing track
2016-12-26 12:15:49:460: OnProcessEvent...missing track
2016-12-26 12:15:49:460: OnProcessEvent...missing track
2016-12-26 12:15:53:036: OnProcessEvent...missing track
2016-12-26 12:15:53:036: OnProcessEvent...missing track
2016-12-26 12:15:54:003: OnProcessEvent...missing track
2016-12-26 12:15:58:433: OnProcessEvent...missing track
2016-12-26 12:16:00:009: OnProcessEvent...missing track
2016-12-26 12:16:01:304: OnProcessEvent...missing track
2016-12-26 12:16:01:304: OnProcessEvent...missing track
2016-12-26 12:16:03:597: OnProcessEvent...missing track
2016-12-26 12:16:03:597: OnProcessEvent...missing track
2016-12-26 12:16:04:721: OnProcessEvent...missing track
2016-12-26 12:16:06:266: OnProcessEvent...missing track
2016-12-26 12:16:07:014: OnProcessEvent...missing track
2016-12-26 12:16:09:479: OnProcessEvent...missing track
2016-12-26 12:16:10:259: OnProcessEvent...missing track
2016-12-26 12:16:11:601: OnProcessEvent...missing track
2016-12-26 12:16:12:272: Request failed: CInternetException: No se pudo resolver el nombre de servidor ni su dirección

2016-12-26 12:16:12:272: Quick scan...completed
2016-12-26 12:16:12:521: Quick scan found 0 updates
2016-12-26 12:16:13:722: OnProcessEvent...missing track
2016-12-26 12:16:13:722: OnProcessEvent...missing track
2016-12-26 12:16:20:041: OnProcessEvent...missing track
2016-12-26 12:16:21:257: OnProcessEvent...missing track
2016-12-26 12:16:22:334: OnProcessEvent...missing track
2016-12-26 12:16:30:134: OnProcessEvent...missing track
2016-12-26 12:16:37:013: OnProcessEvent...missing track
2016-12-26 12:16:37:013: OnProcessEvent...missing track
2016-12-26 12:16:55:609: OnProcessEvent...missing track
2016-12-26 12:16:55:609: OnProcessEvent...missing track
2016-12-26 12:17:11:287: OnProcessEvent...missing track
2016-12-26 12:17:11:287: OnProcessEvent...missing track
2016-12-26 12:17:12:581: OnProcessEvent...missing track
2016-12-26 12:17:12:581: OnProcessEvent...missing track
2016-12-26 12:17:13:471: OnProcessEvent...missing track
2016-12-26 12:17:13:642: OnProcessEvent...missing track
2016-12-26 12:17:13:642: OnProcessEvent...missing track
2016-12-26 12:17:37:853: OnProcessEvent...missing track
2016-12-26 12:19:11:146: OnProcessEvent...missing track
2016-12-26 12:20:00:567: OnProcessEvent...missing track
2016-12-26 12:20:06:121: OnProcessEvent...missing track
2016-12-26 12:20:12:922: OnProcessEvent...missing track
2016-12-26 12:20:17:212: OnProcessEvent...missing track
2016-12-26 12:22:02:388: OnProcessEvent...missing track
2016-12-26 12:22:03:355: OnProcessEvent...missing track
2016-12-26 12:22:45:490: OnProcessEvent...missing track
2016-12-26 12:23:10:045: OnProcessEvent...missing track
2016-12-26 12:23:10:045: OnProcessEvent...missing track
2016-12-26 12:23:11:324: OnProcessEvent...missing track
2016-12-26 12:23:15:801: OnProcessEvent...missing track
2016-12-26 12:23:57:375: OnProcessEvent...missing track
2016-12-26 12:24:02:913: OnProcessEvent...missing track
2016-12-26 12:25:03:176: OnProcessEvent...missing track
2016-12-26 12:25:11:997: OnProcessEvent...missing track
2016-12-26 12:25:14:118: OnProcessEvent...missing track
2016-12-26 12:25:14:134: OnProcessEvent...missing track
2016-12-26 12:25:15:195: OnProcessEvent...missing track
2016-12-26 12:25:15:678: OnProcessEvent...missing track
2016-12-26 12:26:42:977: OnProcessEvent...missing track
2016-12-26 12:26:42:977: OnProcessEvent...missing track
2016-12-26 12:26:48:608: OnProcessEvent...missing track
2016-12-26 12:26:53:979: OnProcessEvent...missing track
2016-12-26 12:26:53:979: OnProcessEvent...missing track
2016-12-26 12:26:56:121: OnProcessEvent...missing track
2016-12-26 12:26:57:244: OnProcessEvent...missing track
2016-12-26 12:27:02:033: OnProcessEvent...missing track
2016-12-26 12:27:06:543: OnProcessEvent...missing track
2016-12-26 12:27:06:543: OnProcessEvent...missing track
2016-12-26 12:27:07:650: OnProcessEvent...missing track
2016-12-26 12:27:08:063: OnProcessEvent...missing track
2016-12-26 12:27:08:063: OnProcessEvent...missing track
2016-12-26 12:27:08:064: OnProcessEvent...missing track
2016-12-26 12:27:08:709: OnProcessEvent...missing track
2016-12-26 12:27:11:034: OnProcessEvent...missing track
2016-12-26 12:27:15:129: OnProcessEvent...missing track
2016-12-26 12:27:17:966: OnProcessEvent...missing track
2016-12-26 12:27:19:074: OnProcessEvent...missing track
2016-12-26 12:27:19:074: OnProcessEvent...missing track
2016-12-26 12:27:31:436: OnProcessEvent...missing track
2016-12-26 12:27:31:436: OnProcessEvent...missing track
2016-12-26 12:27:32:542: OnProcessEvent...missing track
2016-12-26 12:27:32:558: OnProcessEvent...missing track
2016-12-26 12:27:34:695: OnProcessEvent...missing track
2016-12-26 12:27:35:303: OnProcessEvent...missing track
2016-12-26 12:27:36:380: OnProcessEvent...missing track
2016-12-26 12:27:36:863: OnProcessEvent...missing track
2016-12-26 12:27:37:924: OnProcessEvent...missing track
2016-12-26 12:27:37:924: OnProcessEvent...missing track
2016-12-26 12:27:37:924: OnProcessEvent...missing track
2016-12-26 12:27:44:157: OnProcessEvent...missing track
2016-12-26 12:27:45:265: OnProcessEvent...missing track
2016-12-26 12:27:47:447: OnProcessEvent...missing track
2016-12-26 12:27:47:447: OnProcessEvent...missing track
2016-12-26 12:28:15:171: OnProcessEvent...missing track
2016-12-26 12:28:19:749: OnProcessEvent...missing track
2016-12-26 12:28:29:414: OnProcessEvent...missing track
2016-12-26 12:28:33:891: OnProcessEvent...missing track
2016-12-26 12:28:37:495: OnProcessEvent...missing track
2016-12-26 12:28:37:557: OnProcessEvent...missing track
2016-12-26 12:28:43:140: OnProcessEvent...missing track
2016-12-26 12:28:44:201: OnProcessEvent...missing track
2016-12-26 12:28:54:918: OnProcessEvent...missing track
2016-12-26 12:28:54:918: OnProcessEvent...missing track
2016-12-26 12:28:59:536: OnProcessEvent...missing track
2016-12-26 12:28:59:536: OnProcessEvent...missing track
2016-12-26 12:28:59:536: OnProcessEvent...missing track
2016-12-26 12:28:59:536: OnProcessEvent...missing track
2016-12-26 12:29:05:167: OnProcessEvent...missing track
2016-12-26 12:29:06:212: OnProcessEvent...missing track
2016-12-26 12:29:09:520: OnProcessEvent...missing track
2016-12-26 12:29:09:520: OnProcessEvent...missing track
2016-12-26 12:29:14:075: OnProcessEvent...missing track
2016-12-26 12:29:15:167: OnProcessEvent...missing track
2016-12-26 12:29:19:472: OnProcessEvent...missing track
2016-12-26 12:29:19:550: OnProcessEvent...missing track
2016-12-26 12:29:19:550: OnProcessEvent...missing track
2016-12-26 12:29:20:534: OnProcessEvent...missing track
2016-12-26 12:29:21:829: OnProcessEvent...missing track
2016-12-26 12:29:24:169: OnProcessEvent...missing track
2016-12-26 12:29:27:757: OnProcessEvent...missing track
2016-12-26 12:29:28:937: OnProcessEvent...missing track
2016-12-26 12:29:29:958: OnProcessEvent...missing track
2016-12-26 12:29:29:958: OnProcessEvent...missing track
2016-12-26 12:29:34:451: OnProcessEvent...missing track
2016-12-26 12:29:39:084: OnProcessEvent...missing track
2016-12-26 12:29:46:659: OnProcessEvent...missing track
2016-12-26 12:29:49:062: OnProcessEvent...missing track
2016-12-26 12:29:50:107: OnProcessEvent...missing track
2016-12-26 12:29:50:107: OnProcessEvent...missing track
2016-12-26 12:29:57:525: OnProcessEvent...missing track
2016-12-26 12:29:57:712: OnProcessEvent...missing track
2016-12-26 12:29:59:818: OnProcessEvent...missing track
2016-12-26 12:29:59:818: OnProcessEvent...missing track
2016-12-26 12:30:01:135: OnProcessEvent...missing track
2016-12-26 12:30:03:303: OnProcessEvent...missing track
2016-12-26 12:30:03:303: OnProcessEvent...missing track
2016-12-26 12:30:05:238: OnProcessEvent...missing track
2016-12-26 12:30:06:298: OnProcessEvent...missing track
2016-12-26 12:30:07:624: OnProcessEvent...missing track
2016-12-26 12:30:07:624: OnProcessEvent...missing track
2016-12-26 12:30:08:779: OnProcessEvent...missing track
2016-12-26 12:30:15:112: OnProcessEvent...missing track
2016-12-26 12:30:16:454: OnProcessEvent...missing track
2016-12-26 12:30:18:310: OnProcessEvent...missing track
2016-12-26 12:30:18:310: OnProcessEvent...missing track
2016-12-26 12:30:23:709: OnProcessEvent...missing track
2016-12-26 12:30:26:189: OnProcessEvent...missing track
2016-12-26 12:30:26:189: OnProcessEvent...missing track
2016-12-26 12:30:26:189: OnProcessEvent...missing track
2016-12-26 12:30:27:297: OnProcessEvent...missing track
2016-12-26 12:30:27:983: OnProcessEvent...missing track
2016-12-26 12:30:32:398: OnProcessEvent...missing track
2016-12-26 12:30:34:598: OnProcessEvent...missing track
2016-12-26 12:30:36:751: OnProcessEvent...missing track
2016-12-26 12:30:36:751: OnProcessEvent...missing track
2016-12-26 12:30:44:863: OnProcessEvent...missing track
2016-12-26 12:30:49:934: OnProcessEvent...missing track
2016-12-26 12:30:49:934: OnProcessEvent...missing track
2016-12-26 12:30:49:934: OnProcessEvent...missing track
2016-12-26 12:30:52:820: OnProcessEvent...missing track
2016-12-26 12:30:52:820: OnProcessEvent...missing track
2016-12-26 12:30:52:820: OnProcessEvent...missing track
2016-12-26 12:30:57:063: OnProcessEvent...missing track
2016-12-26 12:31:00:729: OnProcessEvent...missing track
2016-12-26 12:31:04:114: OnProcessEvent...missing track
2016-12-26 12:31:04:114: OnProcessEvent...missing track
2016-12-26 12:31:06:329: OnProcessEvent...missing track
2016-12-26 12:31:09:278: OnProcessEvent...missing track
2016-12-26 12:31:14:475: OnProcessEvent...missing track
2016-12-26 12:31:14:849: OnProcessEvent...missing track
2016-12-26 12:31:14:849: OnProcessEvent...missing track
2016-12-26 12:31:17:112: OnProcessEvent...missing track
2016-12-26 12:31:18:204: OnProcessEvent...missing track
2016-12-26 12:31:20:060: OnProcessEvent...missing track
2016-12-26 12:31:23:539: OnProcessEvent...missing track
2016-12-26 12:31:24:304: OnProcessEvent...missing track
2016-12-26 12:31:25:880: OnProcessEvent...missing track
2016-12-26 12:31:28:751: OnProcessEvent...missing track
2016-12-26 12:31:30:966: OnProcessEvent...missing track
2016-12-26 12:31:34:554: OnProcessEvent...missing track
2016-12-26 12:31:34:569: OnProcessEvent...missing track
2016-12-26 12:31:34:569: OnProcessEvent...missing track
2016-12-26 12:31:34:881: OnProcessEvent...missing track
2016-12-26 12:31:37:112: OnProcessEvent...missing track
2016-12-26 12:31:43:477: OnProcessEvent...missing track
2016-12-26 12:31:48:291: OnProcessEvent...missing track
2016-12-26 12:31:49:476: OnProcessEvent...missing track
2016-12-26 12:31:53:423: OnProcessEvent...missing track
2016-12-26 12:31:55:732: OnProcessEvent...missing track
2016-12-26 12:31:56:075: OnProcessEvent...missing track
2016-12-26 12:31:56:075: OnProcessEvent...missing track
2016-12-26 12:31:56:075: OnProcessEvent...missing track
2016-12-26 12:31:57:167: OnProcessEvent...missing track
2016-12-26 12:32:01:488: OnProcessEvent...missing track
2016-12-26 12:32:03:345: OnProcessEvent...missing track
2016-12-26 12:32:05:778: OnProcessEvent...missing track
2016-12-26 12:32:05:872: OnProcessEvent...missing track
2016-12-26 12:32:06:855: OnProcessEvent...missing track
2016-12-26 12:32:07:697: New device: ROOT#*ISATAP#0002#{cac88484-7515-4c03-82e6-71a87abac361}
2016-12-26 12:32:07:697: NOT a USB device
2016-12-26 12:32:07:728: New device: ROOT#*ISATAP#0002#{ad498944-762f-11d0-8dcb-00c04fc3358c}\{C435FF68-B22C-47B8-B3E6-4FFEAE9D5B8F}
2016-12-26 12:32:07:728: NOT a USB device
2016-12-26 12:32:07:947: OnProcessEvent...missing track
2016-12-26 12:32:11:223: OnProcessEvent...missing track
2016-12-26 12:32:11:379: OnProcessEvent...missing track
2016-12-26 12:32:11:379: OnProcessEvent...missing track
2016-12-26 12:32:22:252: OnProcessEvent...missing track
2016-12-26 12:32:22:252: OnProcessEvent...missing track
2016-12-26 12:32:22:346: OnProcessEvent...missing track
2016-12-26 12:32:27:946: OnProcessEvent...missing track
2016-12-26 12:32:30:458: OnProcessEvent...missing track
2016-12-26 12:32:32:753: OnProcessEvent...missing track
2016-12-26 12:32:34:203: New device: USB\VID_148F&PID_3070
2016-12-26 12:32:35:264: New device: {5d624f94-8850-40c3-a3fa-a4fd2080baf3}\vwifimp\7&1704cc16
2016-12-26 12:32:35:264: NOT a USB device
2016-12-26 12:32:35:529: New device: {5d624f94-8850-40c3-a3fa-a4fd2080baf3}\vwifimp\7&1704cc16
2016-12-26 12:32:35:529: NOT a USB device
2016-12-26 12:32:36:590: OnProcessEvent...missing track
2016-12-26 12:32:38:212: Quick scan collect...
2016-12-26 12:32:39:367: Quick scan collected.
2016-12-26 12:32:39:382: Quick scan Analyze...
2016-12-26 12:32:39:382: OnProcessEvent...missing track
2016-12-26 12:32:39:382: Sending update request: GetDriverUpdates
2016-12-26 12:32:40:069: OnProcessEvent...missing track
2016-12-26 12:32:41:207: OnProcessEvent...missing track
2016-12-26 12:32:41:207: OnProcessEvent...missing track
2016-12-26 12:32:44:516: OnProcessEvent...missing track
2016-12-26 12:32:51:068: OnProcessEvent...missing track
2016-12-26 12:32:51:068: OnProcessEvent...missing track
2016-12-26 12:32:51:068: OnProcessEvent...missing track
2016-12-26 12:32:51:068: OnProcessEvent...missing track
2016-12-26 12:32:52:144: OnProcessEvent...missing track
2016-12-26 12:32:54:531: Request failed: CInternetException: No se pudo resolver el nombre de servidor ni su dirección

2016-12-26 12:32:54:531: Quick scan...completed
2016-12-26 12:32:54:858: Quick scan found 0 updates
2016-12-26 12:33:35:099: OnProcessEvent...missing track
2016-12-26 12:33:35:099: OnProcessEvent...missing track
2016-12-26 12:33:40:838: OnProcessEvent...missing track
2016-12-26 12:33:44:301: OnProcessEvent...missing track
2016-12-26 12:33:44:317: OnProcessEvent...missing track
2016-12-26 12:33:45:378: OnProcessEvent...missing track
2016-12-26 12:33:45:456: OnProcessEvent...missing track
2016-12-26 12:33:47:593: OnProcessEvent...missing track
2016-12-26 12:33:48:607: OnProcessEvent...missing track
2016-12-26 12:33:48:716: OnProcessEvent...missing track
2016-12-26 12:33:50:824: OnProcessEvent...missing track
2016-12-26 12:33:55:395: OnProcessEvent...missing track
2016-12-26 12:33:56:534: OnProcessEvent...missing track
2016-12-26 12:34:01:962: OnProcessEvent...missing track
2016-12-26 12:34:01:962: OnProcessEvent...missing track
2016-12-26 12:34:05:363: OnProcessEvent...missing track
2016-12-26 12:34:11:073: OnProcessEvent...missing track
2016-12-26 12:34:27:859: OnProcessEvent...missing track
2016-12-26 12:34:33:413: OnProcessEvent...missing track
2016-12-26 12:34:34:498: OnProcessEvent...missing track
2016-12-26 12:35:35:997: OnProcessEvent...missing track
2016-12-26 12:35:40:631: OnProcessEvent...missing track
2016-12-26 12:35:46:122: OnProcessEvent...missing track
2016-12-26 12:36:00:318: OnProcessEvent...missing track
2016-12-26 12:36:04:904: OnProcessEvent...missing track
2016-12-26 12:36:17:355: OnProcessEvent...missing track
2016-12-26 12:36:36:886: OnProcessEvent...missing track
2016-12-26 12:37:25:137: OnProcessEvent...missing track
2016-12-26 12:37:26:229: OnProcessEvent...missing track
2016-12-26 12:37:26:229: OnProcessEvent...missing track
2016-12-26 12:37:27:430: OnProcessEvent...missing track
2016-12-26 12:37:30:472: OnProcessEvent...missing track
2016-12-26 12:37:30:472: OnProcessEvent...missing track
2016-12-26 12:37:33:810: OnProcessEvent...missing track
2016-12-26 12:37:37:164: OnProcessEvent...missing track
2016-12-26 12:38:14:232: OnProcessEvent...missing track
2016-12-26 12:38:15:121: OnProcessEvent...missing track
2016-12-26 12:38:15:121: OnProcessEvent...missing track
2016-12-26 12:38:15:386: OnProcessEvent...missing track
2016-12-26 12:38:15:386: OnProcessEvent...missing track
2016-12-26 12:38:16:197: OnProcessEvent...missing track
2016-12-26 12:38:20:643: OnProcessEvent...missing track
2016-12-26 12:38:38:274: OnProcessEvent...missing track
2016-12-26 12:38:38:274: OnProcessEvent...missing track
2016-12-26 12:38:42:673: OnProcessEvent...missing track
2016-12-26 12:38:42:970: OnProcessEvent...missing track
2016-12-26 12:38:55:965: OnProcessEvent...missing track
2016-12-26 12:38:55:965: OnProcessEvent...missing track
2016-12-26 12:38:57:135: OnProcessEvent...missing track
2016-12-26 12:38:59:022: OnProcessEvent...missing track
2016-12-26 12:38:59:022: OnProcessEvent...missing track
2016-12-26 12:38:59:022: OnProcessEvent...missing track
2016-12-26 12:38:59:022: OnProcessEvent...missing track
2016-12-26 12:39:12:719: OnProcessEvent...missing track
2016-12-26 12:39:12:719: OnProcessEvent...missing track
2016-12-26 12:39:18:336: OnProcessEvent...missing track
2016-12-26 12:39:35:137: OnProcessEvent...missing track
2016-12-26 12:39:36:089: OnProcessEvent...missing track
2016-12-26 12:39:51:813: OnProcessEvent...missing track
2016-12-26 12:39:51:813: OnProcessEvent...missing track
2016-12-26 12:40:00:534: OnProcessEvent...missing track
2016-12-26 12:40:07:133: OnProcessEvent...missing track
2016-12-26 12:40:07:133: OnProcessEvent...missing track
2016-12-26 12:40:07:133: OnProcessEvent...missing track
2016-12-26 12:40:07:133: OnProcessEvent...missing track
2016-12-26 12:40:09:535: OnProcessEvent...missing track
2016-12-26 12:40:11:984: OnProcessEvent...missing track
2016-12-26 12:40:11:984: OnProcessEvent...missing track
2016-12-26 12:40:52:092: OnProcessEvent...missing track
2016-12-26 12:40:52:092: OnProcessEvent...missing track
2016-12-26 12:40:52:092: OnProcessEvent...missing track
2016-12-26 12:40:53:387: OnProcessEvent...missing track
2016-12-26 12:40:57:973: OnProcessEvent...missing track
2016-12-26 12:40:57:973: OnProcessEvent...missing track
2016-12-26 12:41:13:261: OnProcessEvent...missing track
2016-12-26 12:41:18:207: OnProcessEvent...missing track
2016-12-26 12:41:18:222: OnProcessEvent...missing track
2016-12-26 12:41:18:222: OnProcessEvent...missing track
2016-12-26 12:41:19:361: OnProcessEvent...missing track
2016-12-26 12:42:04:780: OnProcessEvent...missing track
2016-12-26 12:42:05:965: OnProcessEvent...missing track
2016-12-26 12:42:05:965: OnProcessEvent...missing track
2016-12-26 12:42:05:965: OnProcessEvent...missing track
2016-12-26 12:42:05:997: OnProcessEvent...missing track
2016-12-26 12:42:10:942: OnProcessEvent...missing track
2016-12-26 12:42:10:989: OnProcessEvent...missing track
2016-12-26 12:42:11:597: OnProcessEvent...missing track
2016-12-26 12:42:11:597: OnProcessEvent...missing track
2016-12-26 12:42:15:856: OnProcessEvent...missing track
2016-12-26 12:42:29:475: OnProcessEvent...missing track
2016-12-26 12:42:29:475: OnProcessEvent...missing track
2016-12-26 12:42:29:475: OnProcessEvent...missing track
2016-12-26 12:42:33:593: OnProcessEvent...missing track
2016-12-26 12:42:33:593: OnProcessEvent...missing track
2016-12-26 12:42:33:593: OnProcessEvent...missing track
2016-12-26 12:42:36:136: OnProcessEvent...missing track
2016-12-26 12:42:38:335: OnProcessEvent...missing track
2016-12-26 12:42:39:583: OnProcessEvent...missing track
2016-12-26 12:42:40:207: OnProcessEvent...missing track
2016-12-26 12:42:47:227: OnProcessEvent...missing track
2016-12-26 12:42:47:227: OnProcessEvent...missing track
2016-12-26 12:42:48:397: OnProcessEvent...missing track
2016-12-26 12:43:33:014: OnProcessEvent...missing track
2016-12-26 12:43:37:959: OnProcessEvent...missing track
2016-12-26 12:43:37:959: OnProcessEvent...missing track
2016-12-26 12:43:40:314: OnProcessEvent...missing track
2016-12-26 12:43:40:314: OnProcessEvent...missing track
2016-12-26 12:43:41:640: OnProcessEvent...missing track
2016-12-26 12:43:41:640: OnProcessEvent...missing track
2016-12-26 12:43:42:436: OnProcessEvent...missing track
2016-12-26 12:43:48:255: OnProcessEvent...missing track
2016-12-26 12:43:58:988: OnProcessEvent...missing track
2016-12-26 12:44:02:428: OnProcessEvent...missing track
2016-12-26 12:44:02:428: OnProcessEvent...missing track
2016-12-26 12:44:02:428: OnProcessEvent...missing track
2016-12-26 12:44:05:782: OnProcessEvent...missing track
2016-12-26 12:44:16:126: OnProcessEvent...missing track
2016-12-26 12:44:17:202: OnProcessEvent...missing track
2016-12-26 12:44:20:541: OnProcessEvent...missing track
2016-12-26 12:44:20:541: OnProcessEvent...missing track
2016-12-26 12:44:22:849: OnProcessEvent...missing track
2016-12-26 12:44:22:849: OnProcessEvent...missing track
2016-12-26 12:44:30:805: OnProcessEvent...missing track
2016-12-26 12:44:30:837: OnProcessEvent...missing track
2016-12-26 12:44:37:825: OnProcessEvent...missing track
2016-12-26 12:44:37:825: OnProcessEvent...missing track
2016-12-26 12:44:37:825: OnProcessEvent...missing track
2016-12-26 12:44:39:073: OnProcessEvent...missing track
2016-12-26 12:44:39:307: OnProcessEvent...missing track
2016-12-26 12:44:39:307: OnProcessEvent...missing track
2016-12-26 12:44:39:307: OnProcessEvent...missing track
2016-12-26 12:44:39:307: OnProcessEvent...missing track
2016-12-26 12:44:41:398: OnProcessEvent...missing track
2016-12-26 12:44:42:490: OnProcessEvent...missing track
2016-12-26 12:44:43:629: OnProcessEvent...missing track
2016-12-26 12:44:44:861: OnProcessEvent...missing track
2016-12-26 12:44:44:861: OnProcessEvent...missing track
2016-12-26 12:44:45:937: OnProcessEvent...missing track
2016-12-26 12:44:45:937: OnProcessEvent...missing track
2016-12-26 12:44:45:937: OnProcessEvent...missing track
2016-12-26 12:44:45:937: OnProcessEvent...missing track
2016-12-26 12:44:45:937: OnProcessEvent...missing track
2016-12-26 12:44:49:213: OnProcessEvent...missing track
2016-12-26 12:44:49:213: OnProcessEvent...missing track
2016-12-26 12:44:50:290: OnProcessEvent...missing track
2016-12-26 12:44:50:290: OnProcessEvent...missing track
2016-12-26 12:44:58:012: OnProcessEvent...missing track
2016-12-26 12:44:58:012: OnProcessEvent...missing track
2016-12-26 12:44:58:012: OnProcessEvent...missing track
2016-12-26 12:45:00:321: OnProcessEvent...missing track
2016-12-26 12:45:03:628: OnProcessEvent...missing track
2016-12-26 12:45:08:058: OnProcessEvent...missing track
2016-12-26 12:45:15:765: OnProcessEvent...missing track
2016-12-26 12:45:38:135: OnProcessEvent...missing track
2016-12-26 12:45:49:976: OnProcessEvent...missing track
2016-12-26 12:45:56:652: OnProcessEvent...missing track
2016-12-26 12:45:57:308: OnProcessEvent...missing track
2016-12-26 12:45:57:308: OnProcessEvent...missing track
2016-12-26 12:46:04:640: OnProcessEvent...missing track
2016-12-26 12:46:04:640: OnProcessEvent...missing track
2016-12-26 12:46:07:822: OnProcessEvent...missing track
2016-12-26 12:46:07:822: OnProcessEvent...missing track
2016-12-26 12:46:57:633: OnProcessEvent...missing track
2016-12-26 12:47:15:745: OnProcessEvent...missing track
2016-12-26 12:47:15:745: OnProcessEvent...missing track
2016-12-26 12:47:37:538: OnProcessEvent...missing track
2016-12-26 12:47:41:765: OnProcessEvent...missing track
2016-12-26 12:47:50:486: OnProcessEvent...missing track
2016-12-26 12:48:00:595: OnProcessEvent...missing track
2016-12-26 12:48:00:595: OnProcessEvent...missing track
2016-12-26 12:48:01:531: OnProcessEvent...missing track
2016-12-26 12:48:01:531: OnProcessEvent...missing track
2016-12-26 12:48:05:002: OnProcessEvent...missing track
2016-12-26 12:48:10:399: OnProcessEvent...missing track
2016-12-26 12:48:30:617: OnProcessEvent...missing track
2016-12-26 12:48:30:617: OnProcessEvent...missing track
2016-12-26 12:48:30:617: OnProcessEvent...missing track
2016-12-26 12:48:52:925: OnProcessEvent...missing track
2016-12-26 12:48:52:987: OnProcessEvent...missing track
2016-12-26 12:49:18:571: OnProcessEvent...missing track
2016-12-26 12:49:18:571: OnProcessEvent...missing track
2016-12-26 12:49:19:492: OnProcessEvent...missing track
2016-12-26 12:49:19:492: OnProcessEvent...missing track
2016-12-26 12:49:19:492: OnProcessEvent...missing track
2016-12-26 12:49:23:844: OnProcessEvent...missing track
2016-12-26 12:49:39:093: OnProcessEvent...missing track
2016-12-26 12:49:52:447: OnProcessEvent...missing track
2016-12-26 12:49:53:414: OnProcessEvent...missing track
2016-12-26 12:49:57:891: OnProcessEvent...missing track
2016-12-26 12:50:05:878: OnProcessEvent...missing track
2016-12-26 12:50:06:970: OnProcessEvent...missing track
2016-12-26 12:50:07:017: OnProcessEvent...missing track
2016-12-26 12:50:28:093: OnProcessEvent...missing track
2016-12-26 12:50:32:461: OnProcessEvent...missing track
2016-12-26 12:50:42:507: OnProcessEvent...missing track
2016-12-26 12:50:43:568: OnProcessEvent...missing track
2016-12-26 12:50:50:432: OnProcessEvent...missing track
2016-12-26 12:50:52:054: OnProcessEvent...missing track
2016-12-26 12:51:18:314: OnProcessEvent...missing track
2016-12-26 12:51:18:314: OnProcessEvent...missing track
2016-12-26 12:51:18:454: OnProcessEvent...missing track
2016-12-26 12:51:47:845: OnProcessEvent...missing track
2016-12-26 12:52:02:337: OnProcessEvent...missing track
2016-12-26 12:52:23:241: OnProcessEvent...missing track
2016-12-26 12:52:23:241: OnProcessEvent...missing track
2016-12-26 12:52:24:333: OnProcessEvent...missing track
2016-12-26 12:52:25:456: OnProcessEvent...missing track
2016-12-26 12:52:25:472: OnProcessEvent...missing track
2016-12-26 12:52:45:346: OnProcessEvent...missing track
2016-12-26 12:52:45:378: OnProcessEvent...missing track
2016-12-26 12:52:46:376: OnProcessEvent...missing track
2016-12-26 12:52:49:636: OnProcessEvent...missing track
2016-12-26 12:52:49:636: OnProcessEvent...missing track
2016-12-26 12:52:52:023: OnProcessEvent...missing track
2016-12-26 12:52:54:441: New device: {5d624f94-8850-40c3-a3fa-a4fd2080baf3}\vwifimp\7&1704cc16
2016-12-26 12:52:54:472: NOT a USB device
2016-12-26 12:52:54:504: New device: {5d624f94-8850-40c3-a3fa-a4fd2080baf3}\vwifimp\7&1704cc16
2016-12-26 12:52:54:504: NOT a USB device
2016-12-26 12:52:56:578: OnProcessEvent...missing track
2016-12-26 12:52:58:060: OnProcessEvent...missing track
2016-12-26 12:52:58:060: OnProcessEvent...missing track
2016-12-26 12:52:59:152: OnProcessEvent...missing track
2016-12-26 12:52:59:152: OnProcessEvent...missing track
2016-12-26 12:53:01:602: OnProcessEvent...missing track
2016-12-26 12:53:08:402: OnProcessEvent...missing track
2016-12-26 12:53:08:418: OnProcessEvent...missing track
2016-12-26 12:53:10:555: OnProcessEvent...missing track
2016-12-26 12:53:10:555: OnProcessEvent...missing track
2016-12-26 12:53:12:614: OnProcessEvent...missing track
2016-12-26 12:53:20:492: OnProcessEvent...missing track
2016-12-26 12:53:20:508: OnProcessEvent...missing track
2016-12-26 12:53:27:185: OnProcessEvent...missing track
2016-12-26 12:53:27:356: OnProcessEvent...missing track
2016-12-26 12:53:35:936: OnProcessEvent...missing track
2016-12-26 12:53:35:936: OnProcessEvent...missing track
2016-12-26 12:53:46:887: OnProcessEvent...missing track
2016-12-26 12:53:53:221: OnProcessEvent...missing track
2016-12-26 12:54:02:909: OnProcessEvent...missing track
2016-12-26 12:54:04:047: OnProcessEvent...missing track
2016-12-26 12:54:08:821: OnProcessEvent...missing track
2016-12-26 12:54:16:450: OnProcessEvent...missing track
2016-12-26 12:54:21:005: OnProcessEvent...missing track
2016-12-26 12:54:21:005: OnProcessEvent...missing track
2016-12-26 12:54:21:005: OnProcessEvent...missing track
2016-12-26 12:54:22:066: OnProcessEvent...missing track
2016-12-26 12:54:42:818: OnProcessEvent...missing track
2016-12-26 12:54:51:585: OnProcessEvent...missing track
2016-12-26 12:54:51:585: OnProcessEvent...missing track
2016-12-26 12:54:52:849: OnProcessEvent...missing track
2016-12-26 12:55:20:726: OnProcessEvent...missing track
2016-12-26 12:55:21:818: OnProcessEvent...missing track
2016-12-26 12:55:21:818: OnProcessEvent...missing track
2016-12-26 12:55:21:818: OnProcessEvent...missing track
2016-12-26 12:55:21:818: OnProcessEvent...missing track
2016-12-26 12:55:26:545: OnProcessEvent...missing track
2016-12-26 12:55:26:545: OnProcessEvent...missing track
2016-12-26 12:55:30:024: OnProcessEvent...missing track
2016-12-26 12:55:31:053: OnProcessEvent...missing track
2016-12-26 12:55:31:100: OnProcessEvent...missing track
2016-12-26 12:55:31:100: OnProcessEvent...missing track
2016-12-26 12:55:31:240: OnProcessEvent...missing track
2016-12-26 12:56:03:798: OnProcessEvent...missing track
2016-12-26 12:56:36:121: OnProcessEvent...missing track
2016-12-26 12:56:36:121: OnProcessEvent...missing track
2016-12-26 12:56:44:592: OnProcessEvent...missing track
2016-12-26 12:56:44:670: OnProcessEvent...missing track
2016-12-26 12:56:46:058: OnProcessEvent...missing track
2016-12-26 12:56:47:436: OnProcessEvent...missing track
2016-12-26 12:56:47:489: OnProcessEvent...missing track
2016-12-26 12:56:47:489: OnProcessEvent...missing track
2016-12-26 12:56:47:489: OnProcessEvent...missing track
2016-12-26 12:56:51:844: OnProcessEvent...missing track
2016-12-26 12:57:00:097: OnProcessEvent...missing track
2016-12-26 12:57:04:017: OnProcessEvent...missing track
2016-12-26 12:57:15:007: OnProcessEvent...missing track
2016-12-26 12:57:31:269: OnProcessEvent...missing track
2016-12-26 12:57:32:406: OnProcessEvent...missing track
2016-12-26 12:57:42:442: OnProcessEvent...missing track
2016-12-26 12:57:42:443: OnProcessEvent...missing track
2016-12-26 12:57:43:723: OnProcessEvent...missing track
2016-12-26 12:57:44:708: OnProcessEvent...missing track
2016-12-26 12:57:51:600: OnProcessEvent...missing track
2016-12-26 12:57:52:437: OnProcessEvent...missing track
2016-12-26 12:58:31:467: OnProcessEvent...missing track
2016-12-26 12:58:31:467: OnProcessEvent...missing track
2016-12-26 12:58:31:467: OnProcessEvent...missing track
2016-12-26 12:58:31:467: OnProcessEvent...missing track
2016-12-26 12:58:32:528: OnProcessEvent...missing track
2016-12-26 12:58:32:528: OnProcessEvent...missing track
2016-12-26 12:58:32:528: OnProcessEvent...missing track
2016-12-26 12:58:48:253: OnProcessEvent...missing track
2016-12-26 12:58:48:253: OnProcessEvent...missing track
2016-12-26 12:59:02:777: OnProcessEvent...missing track
2016-12-26 12:59:26:021: OnProcessEvent...missing track
2016-12-26 13:00:37:281: OnProcessEvent...missing track
2016-12-26 13:00:38:639: OnProcessEvent...missing track
2016-12-26 13:00:38:639: OnProcessEvent...missing track
2016-12-26 13:00:38:639: OnProcessEvent...missing track
2016-12-26 13:00:39:621: OnProcessEvent...missing track
2016-12-26 13:00:44:707: OnProcessEvent...missing track
2016-12-26 13:01:45:001: OnProcessEvent...missing track
2016-12-26 13:01:45:001: OnProcessEvent...missing track
2016-12-26 13:03:12:315: OnProcessEvent...missing track
2016-12-26 13:03:16:729: OnProcessEvent...missing track
2016-12-26 13:03:16:729: OnProcessEvent...missing track
2016-12-26 13:03:16:729: OnProcessEvent...missing track
2016-12-26 13:03:17:868: OnProcessEvent...missing track
2016-12-26 13:03:17:868: OnProcessEvent...missing track
2016-12-26 13:03:17:868: OnProcessEvent...missing track
2016-12-26 13:03:21:039: OnProcessEvent...missing track
2016-12-26 13:03:23:519: OnProcessEvent...missing track
2016-12-26 13:03:24:986: OnProcessEvent...missing track
2016-12-26 13:03:24:986: OnProcessEvent...missing track
2016-12-26 13:03:26:109: OnProcessEvent...missing track
2016-12-26 13:03:29:681: OnProcessEvent...missing track
2016-12-26 13:03:29:713: OnProcessEvent...missing track
2016-12-26 13:04:54:234: OnProcessEvent...missing track
2016-12-26 13:05:08:788: OnProcessEvent...missing track
2016-12-26 13:05:12:033: OnProcessEvent...missing track
2016-12-26 13:05:39:973: OnProcessEvent...missing track
2016-12-26 13:06:40:345: OnProcessEvent...missing track
2016-12-26 13:07:12:699: OnProcessEvent...missing track
2016-12-26 13:08:03:855: OnProcessEvent...missing track
2016-12-26 13:09:02:865: OnProcessEvent...missing track
2016-12-26 13:09:03:972: OnProcessEvent...missing track
2016-12-26 13:09:05:236: OnProcessEvent...missing track
2016-12-26 13:09:16:312: OnProcessEvent...missing track
2016-12-26 13:09:35:376: OnProcessEvent...missing track
2016-12-26 13:09:35:407: OnProcessEvent...missing track
2016-12-26 13:09:36:624: OnProcessEvent...missing track
2016-12-26 13:09:36:639: OnProcessEvent...missing track
2016-12-26 13:09:36:639: OnProcessEvent...missing track
2016-12-26 13:09:36:639: OnProcessEvent...missing track
2016-12-26 13:09:36:639: OnProcessEvent...missing track
2016-12-26 13:09:40:992: OnProcessEvent...missing track
2016-12-26 13:09:46:826: OnProcessEvent...missing track
2016-12-26 13:09:51:756: OnProcessEvent...missing track
2016-12-26 13:09:51:756: OnProcessEvent...missing track
2016-12-26 13:09:52:973: OnProcessEvent...missing track
2016-12-26 13:09:54:096: OnProcessEvent...missing track
2016-12-26 13:09:55:281: OnProcessEvent...missing track
2016-12-26 13:10:09:883: OnProcessEvent...missing track
2016-12-26 13:10:11:022: OnProcessEvent...missing track
2016-12-26 13:10:21:505: OnProcessEvent...missing track
2016-12-26 13:10:26:107: OnProcessEvent...missing track
2016-12-26 13:10:40:334: OnProcessEvent...missing track
2016-12-26 13:11:02:420: OnProcessEvent...missing track
2016-12-26 13:11:16:195: OnProcessEvent...missing track
2016-12-26 13:11:16:195: OnProcessEvent...missing track
2016-12-26 13:11:16:367: OnProcessEvent...missing track
2016-12-26 13:11:17:428: OnProcessEvent...missing track
2016-12-26 13:11:18:192: OnProcessEvent...missing track
2016-12-26 13:11:31:795: OnProcessEvent...missing track
2016-12-26 13:11:32:903: OnProcessEvent...missing track
2016-12-26 13:11:32:918: OnProcessEvent...missing track
2016-12-26 13:11:33:745: OnProcessEvent...missing track
2016-12-26 13:11:33:745: OnProcessEvent...missing track
2016-12-26 13:11:34:962: OnProcessEvent...missing track
2016-12-26 13:11:34:962: OnProcessEvent...missing track
2016-12-26 13:11:34:962: OnProcessEvent...missing track
2016-12-26 13:11:37:099: OnProcessEvent...missing track
2016-12-26 13:12:05:523: OnProcessEvent...missing track
2016-12-26 13:12:34:367: OnProcessEvent...missing track
2016-12-26 13:12:39:094: OnProcessEvent...missing track
2016-12-26 13:12:42:401: OnProcessEvent...missing track
2016-12-26 13:12:47:487: OnProcessEvent...missing track
2016-12-26 13:13:27:376: OnProcessEvent...missing track
2016-12-26 13:13:42:789: OnProcessEvent...missing track
2016-12-26 13:13:43:834: OnProcessEvent...missing track
2016-12-26 13:13:43:881: OnProcessEvent...missing track
2016-12-26 13:14:04:551: OnProcessEvent...missing track
2016-12-26 13:15:37:745: OnProcessEvent...missing track
2016-12-26 13:15:37:745: OnProcessEvent...missing track
2016-12-26 13:15:37:745: OnProcessEvent...missing track
2016-12-26 13:15:40:241: OnProcessEvent...missing track
2016-12-26 13:15:40:241: OnProcessEvent...missing track
2016-12-26 13:15:40:241: OnProcessEvent...missing track
2016-12-26 13:15:40:241: OnProcessEvent...missing track
2016-12-26 13:15:42:456: OnProcessEvent...missing track
2016-12-26 13:15:44:578: OnProcessEvent...missing track
2016-12-26 13:15:58:306: OnProcessEvent...missing track
2016-12-26 13:16:02:939: OnProcessEvent...missing track
2016-12-26 13:16:07:635: OnProcessEvent...missing track
2016-12-26 13:16:07:651: OnProcessEvent...missing track
2016-12-26 13:16:12:095: OnProcessEvent...missing track
2016-12-26 13:16:23:050: OnProcessEvent...missing track
2016-12-26 13:16:46:949: OnProcessEvent...missing track
2016-12-26 13:17:30:130: OnProcessEvent...missing track
2016-12-26 13:17:30:130: OnProcessEvent...missing track
2016-12-26 13:17:55:949: OnProcessEvent...missing track
2016-12-26 13:17:57:057: OnProcessEvent...missing track
2016-12-26 13:17:57:057: OnProcessEvent...missing track
2016-12-26 13:17:58:305: OnProcessEvent...missing track
2016-12-26 13:18:04:327: OnProcessEvent...missing track
2016-12-26 13:18:06:635: OnProcessEvent...missing track
2016-12-26 13:18:07:743: OnProcessEvent...missing track
2016-12-26 13:18:31:347: OnProcessEvent...missing track
2016-12-26 13:18:33:546: OnProcessEvent...missing track
2016-12-26 13:18:33:546: OnProcessEvent...missing track
2016-12-26 13:18:36:011: OnProcessEvent...missing track
2016-12-26 13:18:38:199: OnProcessEvent...missing track
2016-12-26 13:18:43:831: OnProcessEvent...missing track
2016-12-26 13:18:47:122: OnProcessEvent...missing track
2016-12-26 13:18:48:230: OnProcessEvent...missing track
2016-12-26 13:20:36:354: OnProcessEvent...missing track
2016-12-26 13:20:37:539: OnProcessEvent...missing track
2016-12-26 13:20:38:773: OnProcessEvent...missing track
2016-12-26 13:20:38:773: OnProcessEvent...missing track
2016-12-26 13:20:39:927: OnProcessEvent...missing track
2016-12-26 13:20:39:927: OnProcessEvent...missing track
2016-12-26 13:20:41:085: OnProcessEvent...missing track
2016-12-26 13:20:42:364: OnProcessEvent...missing track
2016-12-26 13:20:42:395: OnProcessEvent...missing track
2016-12-26 13:20:43:518: OnProcessEvent...missing track
2016-12-26 13:20:47:949: OnProcessEvent...missing track
2016-12-26 13:20:51:240: OnProcessEvent...missing track
2016-12-26 13:20:54:594: OnProcessEvent...missing track
2016-12-26 13:20:54:594: OnProcessEvent...missing track
2016-12-26 13:20:56:934: OnProcessEvent...missing track
2016-12-26 13:21:13:267: OnProcessEvent...missing track
2016-12-26 13:22:07:509: OnProcessEvent...missing track
2016-12-26 13:31:07:691: OnProcessEvent...missing track
2016-12-26 13:31:07:691: OnProcessEvent...missing track
2016-12-26 13:31:08:783: OnProcessEvent...missing track
2016-12-26 13:31:08:783: OnProcessEvent...missing track
2016-12-26 13:46:07:501: OnProcessEvent...missing track
2016-12-26 13:46:07:501: OnProcessEvent...missing track
2016-12-26 13:46:08:671: OnProcessEvent...missing track
2016-12-26 13:46:08:671: OnProcessEvent...missing track
2016-12-26 13:48:01:084: OnProcessEvent...missing track
2016-12-26 13:52:02:292: OnProcessEvent...missing track
2016-12-26 13:53:01:213: OnProcessEvent...missing track
2016-12-26 13:54:32:692: OnProcessEvent...missing track
2016-12-26 13:54:32:692: OnProcessEvent...missing track
2016-12-26 13:55:30:708: OnProcessEvent...missing track
2016-12-26 13:55:38:742: OnProcessEvent...missing track
2016-12-26 13:56:33:358: OnProcessEvent...missing track
2016-12-26 13:56:33:358: OnProcessEvent...missing track
2016-12-26 14:00:37:920: OnProcessEvent...missing track
2016-12-26 14:00:37:920: OnProcessEvent...missing track
2016-12-26 14:00:37:920: OnProcessEvent...missing track
2016-12-26 14:00:37:920: OnProcessEvent...missing track
2016-12-26 14:00:38:372: OnProcessEvent...missing track
2016-12-26 14:01:08:636: OnProcessEvent...missing track
2016-12-26 14:01:08:636: OnProcessEvent...missing track
2016-12-26 14:01:41:537: OnProcessEvent...missing track
2016-12-26 14:01:41:537: OnProcessEvent...missing track
2016-12-26 14:05:38:329: OnProcessEvent...missing track
2016-12-26 14:08:02:474: OnProcessEvent...missing track
2016-12-26 14:10:02:984: OnProcessEvent...missing track
2016-12-26 14:24:16:820: OnProcessEvent...missing track
2016-12-26 14:36:39:694: OnProcessEvent...missing track
2016-12-26 14:36:40:506: OnProcessEvent...missing track
2016-12-26 14:36:40:506: OnProcessEvent...missing track
2016-12-26 14:36:40:724: OnProcessEvent...missing track
2016-12-26 14:36:40:724: OnProcessEvent...missing track
2016-12-26 14:36:41:816: OnProcessEvent...missing track
2016-12-26 14:36:42:877: OnProcessEvent...missing track
2016-12-26 14:36:48:134: OnProcessEvent...missing track
2016-12-26 14:36:50:380: OnProcessEvent...missing track
2016-12-26 14:36:51:504: OnProcessEvent...missing track
2016-12-26 14:39:06:818: OnProcessEvent...missing track
2016-12-26 14:39:07:879: OnProcessEvent...missing track
2016-12-26 14:39:07:879: OnProcessEvent...missing track
2016-12-26 14:39:12:185: OnProcessEvent...missing track
2016-12-26 14:39:18:550: OnProcessEvent...missing track
2016-12-26 14:39:18:550: OnProcessEvent...missing track
2016-12-26 14:40:08:048: OnProcessEvent...missing track
2016-12-26 14:40:09:062: OnProcessEvent...missing track
2016-12-26 14:40:09:172: OnProcessEvent...missing track
2016-12-26 14:40:09:172: OnProcessEvent...missing track
2016-12-26 14:40:10:123: OnProcessEvent...missing track
2016-12-26 14:40:10:217: OnProcessEvent...missing track
2016-12-26 14:40:10:217: OnProcessEvent...missing track
2016-12-26 14:40:16:800: OnProcessEvent...missing track
2016-12-26 14:40:20:092: OnProcessEvent...missing track
2016-12-26 14:40:20:092: OnProcessEvent...missing track
2016-12-26 14:40:35:538: OnProcessEvent...missing track
2016-12-26 14:41:58:080: OnProcessEvent...missing track
2016-12-26 14:42:18:360: OnProcessEvent...missing track
2016-12-26 14:42:55:831: OnProcessEvent...missing track
2016-12-26 14:43:03:657: OnProcessEvent...missing track
2016-12-26 14:46:20:545: OnProcessEvent...missing track
2016-12-26 14:46:21:902: OnProcessEvent...missing track
2016-12-26 14:46:21:933: OnProcessEvent...missing track
2016-12-26 14:46:29:936: OnProcessEvent...missing track
2016-12-26 14:46:29:936: OnProcessEvent...missing track
2016-12-26 14:46:30:872: OnProcessEvent...missing track
2016-12-26 14:46:30:888: OnProcessEvent...missing track
2016-12-26 14:46:30:997: OnProcessEvent...missing track
2016-12-26 14:46:34:538: OnProcessEvent...missing track
2016-12-26 14:46:34:569: OnProcessEvent...missing track
2016-12-26 14:46:35:552: OnProcessEvent...missing track
2016-12-26 14:46:35:552: OnProcessEvent...missing track
2016-12-26 14:46:35:552: OnProcessEvent...missing track
2016-12-26 14:46:37:861: OnProcessEvent...missing track
2016-12-26 14:46:38:969: OnProcessEvent...missing track
2016-12-26 14:46:39:998: OnProcessEvent...missing track
2016-12-26 14:46:46:520: OnProcessEvent...missing track
2016-12-26 14:46:49:757: OnProcessEvent...missing track
2016-12-26 14:46:49:804: OnProcessEvent...missing track
2016-12-26 14:46:49:804: OnProcessEvent...missing track
2016-12-26 14:46:51:005: OnProcessEvent...missing track
2016-12-26 14:46:52:144: OnProcessEvent...missing track
2016-12-26 14:46:52:175: OnProcessEvent...missing track
2016-12-26 14:46:52:175: OnProcessEvent...missing track
2016-12-26 14:46:53:282: OnProcessEvent...missing track
2016-12-26 14:46:53:298: OnProcessEvent...missing track
2016-12-26 14:46:55:451: OnProcessEvent...missing track
2016-12-26 14:46:55:451: OnProcessEvent...missing track
2016-12-26 14:46:56:714: OnProcessEvent...missing track
2016-12-26 14:47:00:022: OnProcessEvent...missing track
2016-12-26 14:47:28:164: OnProcessEvent...missing track
2016-12-26 14:48:00:300: OnProcessEvent...missing track
2016-12-26 14:48:00:300: OnProcessEvent...missing track
2016-12-26 14:48:00:300: OnProcessEvent...missing track
2016-12-26 14:48:00:300: OnProcessEvent...missing track
2016-12-26 14:48:01:408: OnProcessEvent...missing track
2016-12-26 14:48:01:408: OnProcessEvent...missing track
2016-12-26 14:48:01:408: OnProcessEvent...missing track
2016-12-26 14:49:52:839: OnProcessEvent...missing track
2016-12-26 14:51:46:766: OnProcessEvent...missing track
2016-12-26 14:52:27:404: OnProcessEvent...missing track
2016-12-26 14:52:52:286: OnProcessEvent...missing track
2016-12-26 14:53:00:772: OnProcessEvent...missing track
2016-12-26 14:53:35:933: OnProcessEvent...missing track
2016-12-26 14:53:40:456: OnProcessEvent...missing track
2016-12-26 14:53:40:612: OnProcessEvent...missing track
2016-12-26 14:53:50:830: OnProcessEvent...missing track
2016-12-26 14:53:51:907: OnProcessEvent...missing track
2016-12-26 14:54:00:908: OnProcessEvent...missing track
2016-12-26 14:54:00:908: OnProcessEvent...missing track
2016-12-26 14:54:03:388: Session Ending...  Preparing to shutdown.
2016-12-26 14:54:03:388: Cancelling scanning...
2016-12-26 14:54:03:388: Stopping session...
2016-12-26 14:54:03:388: Saving session for restart.
2016-12-26 14:54:04:824: Releasing singleton mutex.
2016-12-26 14:54:04:824: Cleaning up engine storage.
2016-12-26 14:54:05:401: Restoring Windows Automatic Update settings.
2016-12-26 14:54:05:916: Closing pop-up windows...
2016-12-26 14:54:05:916: Closing main window...
2016-12-26 14:54:05:916: Done
