[AVG.Lng] INFO 2017-01-12 03:37:28,253 PABLO-PC PID:2868 THID:1420 ID:{92E43B1B-87EB-4c5b-8B4C-F1F0E33933BA}:224.186580.8d42da06d71dd560377137522d3e5aec2c749943.7 MSG:aA8raG73tnfvnNg6MuGK1P5z8XoeXxbI3d/TMC+VxUFprLpEs5AaQHmfNyTP37TmRb0IcB3d62QmYdlmmIqGCunGRzTDZj5eI7Vpuzuc1927B6CiP3IzhMA7bu2+IFyF0HELgSpMW8G13qYxtoox5rG9CHAd1ecRh+2BJ+UPG/dgFm8142Y+XiO1ebsfwKed5oItXvL+a8W9vvMQN/B0hPBxC4EqTFvBtYA==
[AVG.Lng] INFO 2017-01-12 03:37:28,285 PABLO-PC PID:2868 THID:1420 ID:{92E43B1B-87EB-4c5b-8B4C-F1F0E33933BA}:255.186580.8d42da06d71dd560377137522d3e5aec2c749943.7 MSG:aD/kLyVqmkEsbgo+wNcu+9YD4sS1M
[AVG.Lng] INFO 2017-01-12 03:37:28,285 PABLO-PC PID:2868 THID:1420 ID:{92E43B1B-87EB-4c5b-8B4C-F1F0E33933BA}:305.186580.8d42da06d71dd560377137522d3e5aec2c749943.7 MSG:*
[AVG.Lng] INFO 2017-01-12 03:38:50,512 PABLO-PC PID:2544 THID:2720 ID:{92E43B1B-87EB-4c5b-8B4C-F1F0E33933BA}:224.186580.8d42da06d71dd560377137522d3e5aec2c749943.7 MSG:aBUSkeamTf2Jn0zW1xRg2dDtvJoOQC5TSrRZ/oqfdy6T41v2b41wDQfhIIytx1H7TihMgH0zch0nit3u1GF07w9hyzHi5+3VZbb9V95pPdCVmf1DazFrXk6JCZ7Pf1sWg+7CMtZRMYzLoLGZ1JLE+xJYHNy0/op1EnYxagHtLK5y5FbMazfF1EW2/VfeaS3QscWNAza05qKDBVHfsvrG6wo+6jP2UTGMy6CxmdTM=
[AVG.Lng] INFO 2017-01-12 03:38:50,527 PABLO-PC PID:2544 THID:2720 ID:{92E43B1B-87EB-4c5b-8B4C-F1F0E33933BA}:255.186580.8d42da06d71dd560377137522d3e5aec2c749943.7 MSG:aCrCXUf5H5gm35MzRI6RBWL0eyPgP
[AVG.Lng] INFO 2017-01-12 03:38:50,527 PABLO-PC PID:2544 THID:2720 ID:{92E43B1B-87EB-4c5b-8B4C-F1F0E33933BA}:305.186580.8d42da06d71dd560377137522d3e5aec2c749943.7 MSG:*
[AVG.Lng] INFO 2017-01-12 05:20:31,392 PABLO-PC PID:1716 THID:2300 ID:{92E43B1B-87EB-4c5b-8B4C-F1F0E33933BA}:224.186580.8d42da06d71dd560377137522d3e5aec2c749943.7 MSG:aCrCXUf5H5j741vnWPJxASf5S4PZEbl/w0H0Lp7InEiViVsmbVGjJN5DYMn+V9BXMgbMCxg/nxstXQv2Zltk19sXrgHqaJexN8rqZlGPLAhijRpb+DycM96lSfMPfQWMLFTq4/SN4qUSAvHchwJVV8YGzAsYN5NujNFTtxve+SpSx4YAymiXsTfK+mZ101xIPwiXpzWwxHKjINQOhq0tjQxU6uP0jeKlElw==
[AVG.Lng] INFO 2017-01-12 05:20:31,455 PABLO-PC PID:1716 THID:2300 ID:{92E43B1B-87EB-4c5b-8B4C-F1F0E33933BA}:255.186580.8d42da06d71dd560377137522d3e5aec2c749943.7 MSG:aCIZsD+TafKCYfhiaxwEcbK/9+Rua
[AVG.Lng] INFO 2017-01-12 05:20:32,812 PABLO-PC PID:1716 THID:2300 ID:{92E43B1B-87EB-4c5b-8B4C-F1F0E33933BA}:305.186580.8d42da06d71dd560377137522d3e5aec2c749943.7 MSG:*
[AVG.Lng] INFO 2017-01-12 05:21:17,027 PABLO-PC PID:2576 THID:3008 ID:{92E43B1B-87EB-4c5b-8B4C-F1F0E33933BA}:224.186580.8d42da06d71dd560377137522d3e5aec2c749943.7 MSG:aDkxXujl+2pVBhdf9rJI4ZASPg4VTsbt3Ouu/tGqOutahRczJeDPL61qyBCNUajF8BtEd857j+dQusjNwEfG1eg56P7spFtCuS+m3v/PFejVZn/XcD+D4NjW/p6UShbTSoiO95w8jq5hK1kF9AQ9xaxrFCsHtnePZUYkSRXLnpSVvHUDZXRzQ5kvpt7/zwXo8ToPly26DhwVWqbf6c+LLsNYpva8PI6uYStZBfRY=
[AVG.Lng] INFO 2017-01-12 05:21:17,027 PABLO-PC PID:2576 THID:3008 ID:{92E43B1B-87EB-4c5b-8B4C-F1F0E33933BA}:255.186580.8d42da06d71dd560377137522d3e5aec2c749943.7 MSG:aAQ5rkEN9AMZJvhEaTu/83BNRF9ft
[AVG.Lng] INFO 2017-01-12 05:21:17,027 PABLO-PC PID:2576 THID:3008 ID:{92E43B1B-87EB-4c5b-8B4C-F1F0E33933BA}:305.186580.8d42da06d71dd560377137522d3e5aec2c749943.7 MSG:*
[AVG.Lng] INFO 2017-01-12 06:07:29,572 PABLO-PC PID:5020 THID:3384 ID:{92E43B1B-87EB-4c5b-8B4C-F1F0E33933BA}:224.186580.8d42da06d71dd560377137522d3e5aec2c749943.7 MSG:aDMnXyfcWhgsKWD+sMR2wCPPxhPNtlxCY9lwIagoAJM8GXmaj6r5o0ZLNlyehp0qAZvVilXYcIg2ktHN2v4sBC5OSwOKTdIx4ADRf7m5K8lmu5fL7Jt5Dn49zfw5nZlXhcTIXxZ2uCKKCqdJ59MYKvWb1YpV0Hz9lx6JjKd7sfmnnmMCqk3SMeAAwX+d5VuJOz4aNyEXIU8DuFABsE2xVqXEyF8WdrgiilQ==
[AVG.Lng] INFO 2017-01-12 06:07:29,572 PABLO-PC PID:5020 THID:3384 ID:{92E43B1B-87EB-4c5b-8B4C-F1F0E33933BA}:255.186580.8d42da06d71dd560377137522d3e5aec2c749943.7 MSG:aA8raG73tncyoBDuLp1q0Lt+wdonc
[AVG.Lng] INFO 2017-01-12 06:07:29,646 PABLO-PC PID:5020 THID:3384 ID:{92E43B1B-87EB-4c5b-8B4C-F1F0E33933BA}:305.186580.8d42da06d71dd560377137522d3e5aec2c749943.7 MSG:*
[AVG.Lng] INFO 2017-01-12 06:39:57,775 PABLO-PC PID:4960 THID:4260 ID:{92E43B1B-87EB-4c5b-8B4C-F1F0E33933BA}:224.186580.8d42da06d71dd560377137522d3e5aec2c749943.7 MSG:aCIZsD+TafJfXTC2d2Dkdfeyx0RXRpZoQdO0tpwDI50taqVTjVEoYgJeGTMab1EoTwkpDZegDOY4BltZJ/X1dEQDdeySAuHbk3SBN34duXyyxpacdmuzJFw3CWsNtrpZlLcUlhSNaePOH4gmYzrUKLsJKQ2XqACTmYoDGFpwaInN013tsgLh25N0kTdaQck870MbYLvn62UhspSWhGaSWLS3FJYUjWnjzkA==
[AVG.Lng] INFO 2017-01-12 06:39:57,776 PABLO-PC PID:4960 THID:4260 ID:{92E43B1B-87EB-4c5b-8B4C-F1F0E33933BA}:255.186580.8d42da06d71dd560377137522d3e5aec2c749943.7 MSG:aA8raG73tncyoBDuLp1q0Lt+wdonc
[AVG.Lng] INFO 2017-01-12 06:39:57,790 PABLO-PC PID:4960 THID:4260 ID:{92E43B1B-87EB-4c5b-8B4C-F1F0E33933BA}:305.186580.8d42da06d71dd560377137522d3e5aec2c749943.7 MSG:*
[AVG.Lng] INFO 2017-01-12 06:40:59,422 PABLO-PC PID:3640 THID:4976 ID:{92E43B1B-87EB-4c5b-8B4C-F1F0E33933BA}:224.186580.8d42da06d71dd560377137522d3e5aec2c749943.7 MSG:aALNbkW96pd35xCVAohCCE2Xq1uIiQNeG/yTSrlm3a/FuJvnm97WGdS1Bu9rRnmOgSAB0W/q7jz/BxHABAnNfea+FM5B/Eq/m86hFAv1HwEI4+qC7fhGUx/Bwyr8hvGX1bUCIyICl5gY9Jf6EhPsjt1QUY2mJxZUyvv9RNGFlTybO4kzyCxivrvOoRQL9Q8BLL+awrB9y6/STZtrgQNsalxlKiICApeYGPSX+hJM=
[AVG.Lng] INFO 2017-01-12 06:40:59,423 PABLO-PC PID:3640 THID:4976 ID:{92E43B1B-87EB-4c5b-8B4C-F1F0E33933BA}:255.186580.8d42da06d71dd560377137522d3e5aec2c749943.7 MSG:aD/kLyVqmkEsbgo+wNcu+9YD4sS1M
[AVG.Lng] INFO 2017-01-12 06:40:59,427 PABLO-PC PID:3640 THID:4976 ID:{92E43B1B-87EB-4c5b-8B4C-F1F0E33933BA}:305.186580.8d42da06d71dd560377137522d3e5aec2c749943.7 MSG:*
[AVG.Lng] INFO 2017-01-12 08:03:15,499 PABLO-PC PID:3044 THID:4052 ID:{92E43B1B-87EB-4c5b-8B4C-F1F0E33933BA}:224.186580.8d42da06d71dd560377137522d3e5aec2c749943.7 MSG:aBUSkeamTf2Jn0zW1xRg2dDtvJoOQC5TSrRZ/oqfdy6T41v2b41wDQfhIIytx1H6ogR8na0va71nr9zX1biZUts0fs1LN8XURbb9V95pPdCVme1CL20LH1dQ5CMbKu7qKj7qM/ZRMYzLoLGZ1JLU+lYEfJ2tJ2fIxiOElqg9BK9S5FbMazfF1EW27Vf6NU2QyBxgvuLhU14q1XnekvrG6wo+6jP2UTGMy/w==
[AVG.Lng] INFO 2017-01-12 08:03:15,523 PABLO-PC PID:3044 THID:4052 ID:{92E43B1B-87EB-4c5b-8B4C-F1F0E33933BA}:255.186580.8d42da06d71dd560377137522d3e5aec2c749943.7 MSG:aCYTZ21LLxh51xnVwfn1QYWRdZS0b
[AVG.Lng] INFO 2017-01-12 08:03:16,057 PABLO-PC PID:3044 THID:4052 ID:{92E43B1B-87EB-4c5b-8B4C-F1F0E33933BA}:305.186580.8d42da06d71dd560377137522d3e5aec2c749943.7 MSG:*
[AVG.Lng] INFO 2017-01-12 20:56:47,429 PABLO-PC PID:3788 THID:3792 ID:{92E43B1B-87EB-4c5b-8B4C-F1F0E33933BA}:224.186580.8d42da06d71dd560377137522d3e5aec2c749943.7 MSG:aDZralSWSgG8+9fX/LYLrKm3Xy873EaoyxMTxmyrRZUApLB8UX6W+dWbvOrFWM2IB+3KX8feNcnmGwFfoLCPu1n3Bzb5B8IocNJmVvXLVqXsww73GvFj5Nb3rhv9HtxRuXkBucii13gZ2i3/vA1IiPPtyl/H1jm8R5dZHt01EkbQJy832QfCKHDSdlbRlyblsUaDC9d9O6WrcjPmdM70UJl5AbnIotd4GYQ==
[AVG.Lng] INFO 2017-01-12 20:56:47,630 PABLO-PC PID:3788 THID:3792 ID:{92E43B1B-87EB-4c5b-8B4C-F1F0E33933BA}:255.186580.8d42da06d71dd560377137522d3e5aec2c749943.7 MSG:aALNbkW96peq29hBHvSiDAiam/uxp
[AVG.Lng] INFO 2017-01-12 20:56:49,445 PABLO-PC PID:3788 THID:3792 ID:{92E43B1B-87EB-4c5b-8B4C-F1F0E33933BA}:305.186580.8d42da06d71dd560377137522d3e5aec2c749943.7 MSG:*
[AVG.Lng] INFO 2017-01-12 20:57:19,227 PABLO-PC PID:2792 THID:2796 ID:{92E43B1B-87EB-4c5b-8B4C-F1F0E33933BA}:224.186580.8d42da06d71dd560377137522d3e5aec2c749943.7 MSG:aBORTM8h5so+f1gi2UC/DF6S7+8URykbU+zU6hZXGGfnLWSVzrRhnej2/01KPqMe/lDyJTSQx0d1LWs42COtuL5nSOzLYEbi0lbpo9A94gUb5q42cTZsFlfRhIpTtzRf9yD9UXdoIBwkt25YM2s2HqIgonn9XT8vQNGHvA2v9fnD4tURQrBu4/JW6aPQPfIFP7rediyz4eqaXdzLLjKpon7w1VBXaCAcJLduWDM0=
[AVG.Lng] INFO 2017-01-12 20:57:19,228 PABLO-PC PID:2792 THID:2796 ID:{92E43B1B-87EB-4c5b-8B4C-F1F0E33933BA}:255.186580.8d42da06d71dd560377137522d3e5aec2c749943.7 MSG:aALNbkW96peq29hBHvSiDAiam/uxp
[AVG.Lng] INFO 2017-01-12 20:57:19,238 PABLO-PC PID:2792 THID:2796 ID:{92E43B1B-87EB-4c5b-8B4C-F1F0E33933BA}:305.186580.8d42da06d71dd560377137522d3e5aec2c749943.7 MSG:*
[AVG.Lng] INFO 2017-01-13 00:36:58,595 PABLO-PC PID:4776 THID:5032 ID:{92E43B1B-87EB-4c5b-8B4C-F1F0E33933BA}:224.186580.8d42da06d71dd560377137522d3e5aec2c749943.7 MSG:aBUSkeamTf2Jn0zW1xRg2dDtvJoOQC5TSrRZ/oqfdy6T41v2b41wDQfhIIytx1H6ogR8na0va71nr9zX1biZUts0fs1LN8XURbb9V95pPdCVme1CL20LH1dQ5CMbKu7qKj7qM/ZRMYzLoLGZ1JLU+lYEfJ2tJ2fIxiOElqg9BK9S5FbMazfF1EW27Vf6NU2QyBxgvuLhU14q1XnekvrG6wo+6jP2UTGMy/w==
[AVG.Lng] INFO 2017-01-13 00:36:58,798 PABLO-PC PID:4776 THID:5032 ID:{92E43B1B-87EB-4c5b-8B4C-F1F0E33933BA}:255.186580.8d42da06d71dd560377137522d3e5aec2c749943.7 MSG:aCIZsD+TafKCYfhiaxwEcbK/9+Rua
[AVG.Lng] INFO 2017-01-13 00:36:59,000 PABLO-PC PID:4776 THID:5032 ID:{92E43B1B-87EB-4c5b-8B4C-F1F0E33933BA}:305.186580.8d42da06d71dd560377137522d3e5aec2c749943.7 MSG:*
[AVG.Lng] INFO 2017-01-13 00:38:39,298 PABLO-PC PID:352 THID:4692 ID:{92E43B1B-87EB-4c5b-8B4C-F1F0E33933BA}:224.186580.8d42da06d71dd560377137522d3e5aec2c749943.7 MSG:aCyImk5Zn/S+0uZq6sREzkce6Irm5xJIpAml8o4MMJEfg3wO3JrEpdVrYeaW836D6hDlqWdIb5Hz0KpoxPhR5q5IUTpKGD/cUvtX6+O5GccCaqlTg5ZXRaA09ZLL7BypD47lymVGhSQZKvDz76brg7ZgtfWuhZf5xixG7BF0CafTzczHw8gX3XL7V+vjuQnHJjbZE94T2rltuK3TtmmBVIZezctFRoUkGSrw8+/4=
[AVG.Lng] INFO 2017-01-13 00:38:39,298 PABLO-PC PID:352 THID:4692 ID:{92E43B1B-87EB-4c5b-8B4C-F1F0E33933BA}:255.186580.8d42da06d71dd560377137522d3e5aec2c749943.7 MSG:aCyImk5Zn/Rj7i6+9rikygIT2Crfy
[AVG.Lng] INFO 2017-01-13 00:38:39,298 PABLO-PC PID:352 THID:4692 ID:{92E43B1B-87EB-4c5b-8B4C-F1F0E33933BA}:305.186580.8d42da06d71dd560377137522d3e5aec2c749943.7 MSG:*
[AVG.Lng] INFO 2017-01-13 04:45:42,855 PABLO-PC PID:1612 THID:1116 ID:{92E43B1B-87EB-4c5b-8B4C-F1F0E33933BA}:224.186580.8d42da06d71dd560377137522d3e5aec2c749943.7 MSG:aALNbkW96pd35xCVAohCCE2Xq1uIiQNeG/yTSrlm3a/FuJvnm97WGdS1Bu9rRnmOgSAB0W/q7jz/BxHABAnNfea+FM5B/Eq/m86hFAv1HwEI4+qC7fhGUx/Bwyr8hvGX1bUCIyICl5gY9Jf6EhPsjt1QUY2mJxZUyvv9RNGFlTybO4kzyCxivrvOoRQL9Q8BLL+awrB9y6/STZtrgQNsalxlKiICApeYGPSX+hJM=
[AVG.Lng] INFO 2017-01-13 04:45:43,459 PABLO-PC PID:1612 THID:1116 ID:{92E43B1B-87EB-4c5b-8B4C-F1F0E33933BA}:255.186580.8d42da06d71dd560377137522d3e5aec2c749943.7 MSG:aCYTZ21LLxh51xnVwfn1QYWRdZS0b
[AVG.Lng] INFO 2017-01-13 04:45:43,564 PABLO-PC PID:1612 THID:1116 ID:{92E43B1B-87EB-4c5b-8B4C-F1F0E33933BA}:305.186580.8d42da06d71dd560377137522d3e5aec2c749943.7 MSG:*
[AVG.Lng] INFO 2017-01-13 04:46:16,593 PABLO-PC PID:1076 THID:3840 ID:{92E43B1B-87EB-4c5b-8B4C-F1F0E33933BA}:224.186580.8d42da06d71dd560377137522d3e5aec2c749943.7 MSG:aCYTZ21LLxik69EB3YUVRcCcRTSNQSi8F2lwrsXdAnD4GeXRI8bX11gps2oFQ5iikLShBn0DMErZXkgjo0L7WgZTfzvA2qcxaMJggNT4SEyF6BTsrGwN8AqNzXNUaJu0QcRUFLoallaUaCJ/fBYdomS0oQZ9Czw/eNIQYt7HZqePg1c64NqnMWjCcIDwpDgM2G2ZEGHgVbF3CFCO3biztWHEVBS6GpZWlDQ==
[AVG.Lng] INFO 2017-01-13 04:46:16,593 PABLO-PC PID:1076 THID:3840 ID:{92E43B1B-87EB-4c5b-8B4C-F1F0E33933BA}:255.186580.8d42da06d71dd560377137522d3e5aec2c749943.7 MSG:aBUSkeamTf1Uo4QCy2iA3ZXgjDo3b
[AVG.Lng] INFO 2017-01-13 04:46:16,609 PABLO-PC PID:1076 THID:3840 ID:{92E43B1B-87EB-4c5b-8B4C-F1F0E33933BA}:305.186580.8d42da06d71dd560377137522d3e5aec2c749943.7 MSG:*
[AVG.Lng] INFO 2017-01-13 21:02:58,075 PABLO-PC PID:792 THID:4004 ID:{92E43B1B-87EB-4c5b-8B4C-F1F0E33933BA}:224.186580.8d42da06d71dd560377137522d3e5aec2c749943.7 MSG:aCyImk5Zn/S+0uZq6sREzkce6Irm5xJIpAml8o4MMJEfg3wO3JrEpdVrYeaW836CBjzVtLdUdjGz9atRxSG8W3od5MbjyBfdcvtX6+O5GccCarlSx8o3BLntGC8fualVpl7Ny0VGhSQZKvDz76b7gvI81bS3XHpEEnnzELikIabzzczHw8gX3XL7R+vH5WmHX+80rgpGb0XEaIXSlmmBVIZezctFRoUkGXQ==
[AVG.Lng] INFO 2017-01-13 21:02:58,075 PABLO-PC PID:792 THID:4004 ID:{92E43B1B-87EB-4c5b-8B4C-F1F0E33933BA}:255.186580.8d42da06d71dd560377137522d3e5aec2c749943.7 MSG:aDkxXujl+2qIOt+L6s6o5dUfDq4sY
[AVG.Lng] INFO 2017-01-13 21:02:58,122 PABLO-PC PID:792 THID:4004 ID:{92E43B1B-87EB-4c5b-8B4C-F1F0E33933BA}:305.186580.8d42da06d71dd560377137522d3e5aec2c749943.7 MSG:*
[AVG.Lng] INFO 2017-01-14 01:32:51,089 PABLO-PC PID:3232 THID:3236 ID:{92E43B1B-87EB-4c5b-8B4C-F1F0E33933BA}:224.186580.8d42da06d71dd560377137522d3e5aec2c749943.7 MSG:aCYTZ21LLxik69EB3YUVRcCcRTSNQSi8F2lwrsXdAnD4GeXRI8bX11gps2oFQ5iikLShBn0DMErZXkgjo0L7WgZTfzvA2qcxaMJggNT4SEyF6BTsrGwN8AqNzXNUaJu0QcRUFLoallaUaCJ/fBYdomS0oQZ9Czw/eNIQYt7HZqePg1c64NqnMWjCcIDwpDgM2G2ZEGHgVbF3CFCO3biztWHEVBS6GpZWlDQ==
[AVG.Lng] INFO 2017-01-14 01:32:51,417 PABLO-PC PID:3232 THID:3236 ID:{92E43B1B-87EB-4c5b-8B4C-F1F0E33933BA}:255.186580.8d42da06d71dd560377137522d3e5aec2c749943.7 MSG:aD/kLyVqmkEsbgo+wNcu+9YD4sS1M
[AVG.Lng] INFO 2017-01-14 01:32:53,554 PABLO-PC PID:3232 THID:3236 ID:{92E43B1B-87EB-4c5b-8B4C-F1F0E33933BA}:305.186580.8d42da06d71dd560377137522d3e5aec2c749943.7 MSG:*
[AVG.Lng] INFO 2017-01-14 01:34:18,441 PABLO-PC PID:3608 THID:3612 ID:{92E43B1B-87EB-4c5b-8B4C-F1F0E33933BA}:224.186580.8d42da06d71dd560377137522d3e5aec2c749943.7 MSG:aDMnXyfcWhgsKWD+sMR2wCPPxhPNtlxCY9lwIagoAJM8GXmaj6r5o0ZLNlyehp0r7bfll4XEaSh2t9D02yfBufob/v8jnfowwADRf7m5K8lmu4fKqMcZT2fkIEHtyCyrLBTgXjZ2uCKKCqdJ59MIK7HHtctMCZFAQ0s8cA6rmfiHnmMCqk3SMeAA0X+5uTvJQuf3ivVClLOqaHgAkE2xVqXEyF8WdrgiigqnSeeM=
[AVG.Lng] INFO 2017-01-14 01:34:18,504 PABLO-PC PID:3608 THID:3612 ID:{92E43B1B-87EB-4c5b-8B4C-F1F0E33933BA}:255.186580.8d42da06d71dd560377137522d3e5aec2c749943.7 MSG:aDkxXujl+2qIOt+L6s6o5dUfDq4sY
[AVG.Lng] INFO 2017-01-14 01:34:18,722 PABLO-PC PID:3608 THID:3612 ID:{92E43B1B-87EB-4c5b-8B4C-F1F0E33933BA}:305.186580.8d42da06d71dd560377137522d3e5aec2c749943.7 MSG:*
[AVG.Lng] INFO 2017-01-14 12:10:24,289 PABLO-PC PID:884 THID:2560 ID:{92E43B1B-87EB-4c5b-8B4C-F1F0E33933BA}:224.186580.8d42da06d71dd560377137522d3e5aec2c749943.7 MSG:aCrCXUf5H5j741vnWPJxASf5S4PZEbl/w0H0Lp7InEiViVsmbVGjJN5DYMn+V9BXMgbMCxg/nxstXQv2Zltk19sXrgHqaJexN8rqZlGPLAhijRpb+DycM96lSfMPfQWMLFTq4/SN4qUSAvHchwJVV8YGzAsYN5NujNFTtxve+SpSx4YAymiXsTfK+mZ101xIPwiXpzWwxHKjINQOhq0tjQxU6uP0jeKlElw==
[AVG.Lng] INFO 2017-01-14 12:10:24,788 PABLO-PC PID:884 THID:2560 ID:{92E43B1B-87EB-4c5b-8B4C-F1F0E33933BA}:255.186580.8d42da06d71dd560377137522d3e5aec2c749943.7 MSG:aDMnXyfcWhjxFagqrLiWxGbC9rP0m
[AVG.Lng] INFO 2017-01-14 12:10:26,832 PABLO-PC PID:884 THID:2560 ID:{92E43B1B-87EB-4c5b-8B4C-F1F0E33933BA}:305.186580.8d42da06d71dd560377137522d3e5aec2c749943.7 MSG:*
[AVG.Lng] INFO 2017-01-14 12:11:44,299 PABLO-PC PID:3228 THID:3232 ID:{92E43B1B-87EB-4c5b-8B4C-F1F0E33933BA}:224.186580.8d42da06d71dd560377137522d3e5aec2c749943.7 MSG:aD/kLyVqmkHxUsLq3KvO/5MO0mSMH8VH3dvab9WaHwz1UVUe6XA29VVFv73zo6YSTiCekb/SX1G152xns2dOOtHLPY8hKzppHXtza9XWk/bWepO96W6AStnmig+QejM05VzM2lCsd3SZBC6oivYzEhJQzs12H6c5gBuA42brFnusTqByqPsSaD17c2vV1oP28ibj/bTrDbYUatJO7f+uyWyM5NtwrHd0mQQuqIqo=
[AVG.Lng] INFO 2017-01-14 12:11:44,299 PABLO-PC PID:3228 THID:3232 ID:{92E43B1B-87EB-4c5b-8B4C-F1F0E33933BA}:255.186580.8d42da06d71dd560377137522d3e5aec2c749943.7 MSG:aBwx2NG2tC79V73UYQDmD+rAzkJDk
[AVG.Lng] INFO 2017-01-14 12:11:44,299 PABLO-PC PID:3228 THID:3232 ID:{92E43B1B-87EB-4c5b-8B4C-F1F0E33933BA}:305.186580.8d42da06d71dd560377137522d3e5aec2c749943.7 MSG:*
[AVG.Lng] INFO 2017-01-14 13:04:55,519 PABLO-PC PID:1612 THID:3920 ID:{92E43B1B-87EB-4c5b-8B4C-F1F0E33933BA}:224.186580.8d42da06d71dd560377137522d3e5aec2c749943.7 MSG:aALNbkW96pd35xCVAohCCE2Xq1uIiQNeG/yTSrlm3a/FuJvnm97WGdS1Bu9rRnmPbQwxzL/295y/IhD5BdAgwDLroTLoLGK+u86hFAv1HwEI4/qDqaQmEgYYLpco00RrfGUqIgICl5gY9Jf6EhP8j5kMMcy//vvpHq5IuHhVvT27O4kzyCxivrvOsRQvqW9BVWZ3f2QoflN7nbNqoQNsalxlKiICApeYGKg==
[AVG.Lng] INFO 2017-01-14 13:04:55,519 PABLO-PC PID:1612 THID:3920 ID:{92E43B1B-87EB-4c5b-8B4C-F1F0E33933BA}:255.186580.8d42da06d71dd560377137522d3e5aec2c749943.7 MSG:aA8raG73tncyoBDuLp1q0Lt+wdonc
[AVG.Lng] INFO 2017-01-14 13:04:55,566 PABLO-PC PID:1612 THID:3920 ID:{92E43B1B-87EB-4c5b-8B4C-F1F0E33933BA}:305.186580.8d42da06d71dd560377137522d3e5aec2c749943.7 MSG:*
[AVG.Lng] INFO 2017-01-14 21:02:51,186 PABLO-PC PID:1952 THID:1960 ID:{92E43B1B-87EB-4c5b-8B4C-F1F0E33933BA}:224.186580.8d42da06d71dd560377137522d3e5aec2c749943.7 MSG:aAQ5rkEN9APEGjCQdUdf9zVAdP9mmvl53upkztVVo1ZruN4c2gvSO3DopqjDklxdWQ5YSfsQAgzXKkOM8Qfw25NQ4A5FTFQrKDOBEXw6Av5wNDUmA+u8dNrXNK6QtY9ue7VH2GPXk7q8qTe9usfJXQV+CBUy3fpk4tavCCSLqJru1X3zzJx8KggzgRF8OhL+VGhFZl5uMYgXW2zv7TASk/Jlb9lD15O6vKk3vbqY=
[AVG.Lng] INFO 2017-01-14 21:02:51,311 PABLO-PC PID:1952 THID:1960 ID:{92E43B1B-87EB-4c5b-8B4C-F1F0E33933BA}:255.186580.8d42da06d71dd560377137522d3e5aec2c749943.7 MSG:aCyImk5Zn/Rj7i6+9rikygIT2Crfy
[AVG.Lng] INFO 2017-01-14 21:02:51,326 PABLO-PC PID:1952 THID:1960 ID:{92E43B1B-87EB-4c5b-8B4C-F1F0E33933BA}:305.186580.8d42da06d71dd560377137522d3e5aec2c749943.7 MSG:*
[AVG.Lng] INFO 2017-01-14 21:03:10,358 PABLO-PC PID:3220 THID:3224 ID:{92E43B1B-87EB-4c5b-8B4C-F1F0E33933BA}:224.186580.8d42da06d71dd560377137522d3e5aec2c749943.7 MSG:aBUSkeamTf2Jn0zW1xRg2dDtvJoOQC5TSrRZ/oqfdy6T41v2b41wDQfhIIytx1H6ogR8na0va71nr9zX1biZUts0fs1LN8XURbb9V95pPdCVme1CL20LH1dQ5CMbKu7qKj7qM/ZRMYzLoLGZ1JLU+lYEfJ2tJ2fIxiOElqg9BK9S5FbMazfF1EW27Vf6NU2QyBxgvuLhU14q1XnekvrG6wo+6jP2UTGMy/w==
[AVG.Lng] INFO 2017-01-14 21:03:10,358 PABLO-PC PID:3220 THID:3224 ID:{92E43B1B-87EB-4c5b-8B4C-F1F0E33933BA}:255.186580.8d42da06d71dd560377137522d3e5aec2c749943.7 MSG:aAuF91dkT5dFt9dc/2uLrlK07WTkr
[AVG.Lng] INFO 2017-01-14 21:03:10,358 PABLO-PC PID:3220 THID:3224 ID:{92E43B1B-87EB-4c5b-8B4C-F1F0E33933BA}:305.186580.8d42da06d71dd560377137522d3e5aec2c749943.7 MSG:*
[AVG.Lng] INFO 2017-01-14 22:06:57,175 PABLO-PC PID:3792 THID:3796 ID:{92E43B1B-87EB-4c5b-8B4C-F1F0E33933BA}:224.186580.8d42da06d71dd560377137522d3e5aec2c749943.7 MSG:aAuF91dkT5eYix+I4xdrqhe53cTdg6ywd2bptLehYhwpq3qBS3J9WokUwcmqXXFOTA8hPU6omxplh/KW3msrMpCS6av69ce+VKKuCepqNqNSzYwc/K6J/GqCVGkmFPvYkHbLRNKuPNtFVVDc0wj0TrgPIT1OoJdvxAuq16Puts8ZQsGq2vXHvlSivgnONkbjD0gB4DEi0b0XB8mUr8TT2bB2y0TSrjzbRQg==
[AVG.Lng] INFO 2017-01-14 22:06:57,362 PABLO-PC PID:3792 THID:3796 ID:{92E43B1B-87EB-4c5b-8B4C-F1F0E33933BA}:255.186580.8d42da06d71dd560377137522d3e5aec2c749943.7 MSG:aDMnXyfcWhjxFagqrLiWxGbC9rP0m
[AVG.Lng] INFO 2017-01-14 22:06:57,378 PABLO-PC PID:3792 THID:3796 ID:{92E43B1B-87EB-4c5b-8B4C-F1F0E33933BA}:305.186580.8d42da06d71dd560377137522d3e5aec2c749943.7 MSG:*
[AVG.Lng] INFO 2017-01-14 22:07:57,660 PABLO-PC PID:2608 THID:2368 ID:{92E43B1B-87EB-4c5b-8B4C-F1F0E33933BA}:224.186580.8d42da06d71dd560377137522d3e5aec2c749943.7 MSG:aALNbkW96pd35xCVAohCCE2Xq1uIiQNeG/yTSrlm3a/FuJvnm97WGdS1Bu9rRnmOgSAB0W/q7jz/BxHABAnNfea+FM5B/Eq/m86hFAv1HwEI4+qC7fhGUx/Bwyr8hvGX1bUCIyICl5gY9Jf6EhPsjt1QUY2mJxZUyvv9RNGFlTybO4kzyCxivrvOoRQL9Q8BLL+awrB9y6/STZtrgQNsalxlKiICApeYGPSX+hJM=
[AVG.Lng] INFO 2017-01-14 22:07:57,691 PABLO-PC PID:2608 THID:2368 ID:{92E43B1B-87EB-4c5b-8B4C-F1F0E33933BA}:255.186580.8d42da06d71dd560377137522d3e5aec2c749943.7 MSG:aBUSkeamTf1Uo4QCy2iA3ZXgjDo3b
[AVG.Lng] INFO 2017-01-14 22:07:57,707 PABLO-PC PID:2608 THID:2368 ID:{92E43B1B-87EB-4c5b-8B4C-F1F0E33933BA}:305.186580.8d42da06d71dd560377137522d3e5aec2c749943.7 MSG:*
[AVG.Lng] INFO 2017-01-15 02:36:08,279 PABLO-PC PID:3032 THID:2160 ID:{92E43B1B-87EB-4c5b-8B4C-F1F0E33933BA}:224.186580.8d42da06d71dd560377137522d3e5aec2c749943.7 MSG:aDZralSWSgG8+9fX/LYLrKm3Xy873EaoyxMTxmyrRZUApLB8UX6W+dWbvOrFWM2IB+3KX8feNcnmGwFfoLCPu1n3Bzb5B8IocNJmVvXLVqXsww73GvFj5Nb3rhv9HtxRuXkBucii13gZ2i3/vA1IiPPtyl/H1jm8R5dZHt01EkbQJy832QfCKHDSdlbRlyblsUaDC9d9O6WrcjPmdM70UJl5AbnIotd4GYQ==
[AVG.Lng] INFO 2017-01-15 02:36:08,435 PABLO-PC PID:3032 THID:2160 ID:{92E43B1B-87EB-4c5b-8B4C-F1F0E33933BA}:255.186580.8d42da06d71dd560377137522d3e5aec2c749943.7 MSG:aAuF91dkT5dFt9dc/2uLrlK07WTkr
[AVG.Lng] INFO 2017-01-15 02:36:09,012 PABLO-PC PID:3032 THID:2160 ID:{92E43B1B-87EB-4c5b-8B4C-F1F0E33933BA}:305.186580.8d42da06d71dd560377137522d3e5aec2c749943.7 MSG:*
[AVG.Lng] INFO 2017-01-15 02:36:19,090 PABLO-PC PID:2236 THID:2240 ID:{92E43B1B-87EB-4c5b-8B4C-F1F0E33933BA}:224.186580.8d42da06d71dd560377137522d3e5aec2c749943.7 MSG:aDMnXyfcWhgsKWD+sMR2wCPPxhPNtlxCY9lwIagoAJM8GXmaj6r5o0ZLNlyehp0r7bfll4XEaSh2t9D02yfBufob/v8jnfowwADRf7m5K8lmu4fKqMcZT2fkIEHtyCyrLBTgXjZ2uCKKCqdJ59MIK7HHtctMCZFAQ0s8cA6rmfiHnmMCqk3SMeAA0X+5uTvJQuf3ivVClLOqaHgAkE2xVqXEyF8WdrgiigqnSeeM=
[AVG.Lng] INFO 2017-01-15 02:36:19,184 PABLO-PC PID:2236 THID:2240 ID:{92E43B1B-87EB-4c5b-8B4C-F1F0E33933BA}:255.186580.8d42da06d71dd560377137522d3e5aec2c749943.7 MSG:aA8raG73tncyoBDuLp1q0Lt+wdonc
[AVG.Lng] INFO 2017-01-15 02:36:19,698 PABLO-PC PID:2236 THID:2240 ID:{92E43B1B-87EB-4c5b-8B4C-F1F0E33933BA}:305.186580.8d42da06d71dd560377137522d3e5aec2c749943.7 MSG:*
[AVG.Lng] INFO 2017-01-15 19:22:15,492 PABLO-PC PID:3584 THID:3588 ID:{92E43B1B-87EB-4c5b-8B4C-F1F0E33933BA}:224.186580.8d42da06d71dd560377137522d3e5aec2c749943.7 MSG:aBwx2NG2tC4ga3UAfXwGC6/N/uJ6vKlUWk4qQ0J5X+q5bYvflfJNwu/0VpyFmC3E+VXju7QQaWuMZyNuCLFWqEh5XYR8JzwH7ELEgXQBWwLqua86W5GMGEeql57TzMYuALA6GgwuDEMjtceJ/M2oxA1V47u0GGUeLet7L3U0y1XBqXWFXCc8B+xC1IFQXStCtzwixpYd1Fk6LwpjWhzuLyCwOhoMLgxDI+g==
[AVG.Lng] INFO 2017-01-15 19:22:15,586 PABLO-PC PID:3584 THID:3588 ID:{92E43B1B-87EB-4c5b-8B4C-F1F0E33933BA}:255.186580.8d42da06d71dd560377137522d3e5aec2c749943.7 MSG:aBtfKZVsoBhTIPTOJDumnPSGW5Qug
[AVG.Lng] INFO 2017-01-15 19:22:15,632 PABLO-PC PID:3584 THID:3588 ID:{92E43B1B-87EB-4c5b-8B4C-F1F0E33933BA}:305.186580.8d42da06d71dd560377137522d3e5aec2c749943.7 MSG:*
[AVG.Lng] INFO 2017-01-15 19:22:45,632 PABLO-PC PID:2360 THID:1100 ID:{92E43B1B-87EB-4c5b-8B4C-F1F0E33933BA}:224.186580.8d42da06d71dd560377137522d3e5aec2c749943.7 MSG:aAuF91dkT5eYix+I4xdrqhe53cTdg6ywd2bptLehYhwpq3qBS3J9WokUwcmqXXFPoCMRIJ60grolovOv37LGj0THXFdTJe+/dKKuCepqNqNSzZwduPLpvXNbudTyQU4kOabjRfKuPNtFVVDc0wjkT/xTQXxXeXrSEF4fKwo+ns45QsGq2vXHvlSirgnqaiajdpHsXeV3ZEG+1+GVj8TT2bB2y0TSrjzbRVVQ3NNU=
[AVG.Lng] INFO 2017-01-15 19:22:45,648 PABLO-PC PID:2360 THID:1100 ID:{92E43B1B-87EB-4c5b-8B4C-F1F0E33933BA}:255.186580.8d42da06d71dd560377137522d3e5aec2c749943.7 MSG:aDMnXyfcWhjxFagqrLiWxGbC9rP0m
[AVG.Lng] INFO 2017-01-15 19:22:45,648 PABLO-PC PID:2360 THID:1100 ID:{92E43B1B-87EB-4c5b-8B4C-F1F0E33933BA}:305.186580.8d42da06d71dd560377137522d3e5aec2c749943.7 MSG:*
[AVG.Lng] INFO 2017-01-15 19:43:59,496 PABLO-PC PID:1256 THID:3280 ID:{92E43B1B-87EB-4c5b-8B4C-F1F0E33933BA}:224.186580.8d42da06d71dd560377137522d3e5aec2c749943.7 MSG:aBtfKZVsoBiOHDwaOEdGmLGLazQXrOAuzr796oRKOShs5Lvdo1cTWPll7bWheJg5dUWOnRuM3hYFWDkrOYLGI9/CM3U4/SgxQjWNmzE6G5H0/zrsNoHFYtNaQDcV/6Ds1TkKGDqLUtk1JHyg2C0dOYFFjp0bhNJjpNRhakQHW95WEht0GP0oMUI1nZsVZmvRqXq3EPsNnSOu393KnC+I7fU5Chg6i1LZNXg==
[AVG.Lng] INFO 2017-01-15 19:43:59,496 PABLO-PC PID:1256 THID:3280 ID:{92E43B1B-87EB-4c5b-8B4C-F1F0E33933BA}:255.186580.8d42da06d71dd560377137522d3e5aec2c749943.7 MSG:aALNbkW96peq29hBHvSiDAiam/uxp
[AVG.Lng] INFO 2017-01-15 19:43:59,496 PABLO-PC PID:1256 THID:3280 ID:{92E43B1B-87EB-4c5b-8B4C-F1F0E33933BA}:305.186580.8d42da06d71dd560377137522d3e5aec2c749943.7 MSG:*
[AVG.Lng] INFO 2017-01-15 19:44:08,056 PABLO-PC PID:3328 THID:2240 ID:{92E43B1B-87EB-4c5b-8B4C-F1F0E33933BA}:224.186580.8d42da06d71dd560377137522d3e5aec2c749943.7 MSG:aDZralSWSgG8+9fX/LYLrKm3Xy873EaoyxMTxmyrRZUApLB8UX6W+dWbvOrFWM2J68H6QhfCLGmmPgBmoWliBo2isspQ1+opUNJmVvXLVqXswx72Xq0Dpc8uQ6YpS2mtEKkpuOii13gZ2i3/vA1Yibexqh7eD9QBk8Ls4nTlOkfwJy832QfCKHDSZlb1y0alyJ9utgMojlkCohvnVM70UJl5AbnIotd4Gdot/7xQ=
[AVG.Lng] INFO 2017-01-15 19:44:08,088 PABLO-PC PID:3328 THID:2240 ID:{92E43B1B-87EB-4c5b-8B4C-F1F0E33933BA}:255.186580.8d42da06d71dd560377137522d3e5aec2c749943.7 MSG:aBUSkeamTf1Uo4QCy2iA3ZXgjDo3b
[AVG.Lng] INFO 2017-01-15 19:44:08,088 PABLO-PC PID:3328 THID:2240 ID:{92E43B1B-87EB-4c5b-8B4C-F1F0E33933BA}:305.186580.8d42da06d71dd560377137522d3e5aec2c749943.7 MSG:*
[AVG.Lng] INFO 2017-01-16 06:28:23,167 PABLO-PC PID:512 THID:112 ID:{92E43B1B-87EB-4c5b-8B4C-F1F0E33933BA}:224.186580.8d42da06d71dd560377137522d3e5aec2c749943.7 MSG:aCrCXUf5H5j741vnWPJxASf5S4PZEbl/w0H0Lp7InEiViVsmbVGjJN5DYMn+V9BW3ir8FsgjhrtteArPZ4KJag9CG/1DuL+wF8rqZlGPLAhijQpavGD8csd8pE7bKLBwhYTC4tSN4qUSAvHchwJFVoJarEoB7n7TWITmS7IO0Styx4YAymiXsTfK6mZRjzwIRtF6GuHlcY4K8PwPpq0tjQxU6uP0jeKlEgLx3Idc=
[AVG.Lng] INFO 2017-01-16 06:28:23,323 PABLO-PC PID:512 THID:112 ID:{92E43B1B-87EB-4c5b-8B4C-F1F0E33933BA}:255.186580.8d42da06d71dd560377137522d3e5aec2c749943.7 MSG:aA8raG73tncyoBDuLp1q0Lt+wdonc
[AVG.Lng] INFO 2017-01-16 06:28:48,995 PABLO-PC PID:512 THID:112 ID:{92E43B1B-87EB-4c5b-8B4C-F1F0E33933BA}:305.186580.8d42da06d71dd560377137522d3e5aec2c749943.7 MSG:*
[AVG.Lng] INFO 2017-01-16 06:29:00,653 PABLO-PC PID:3948 THID:3944 ID:{92E43B1B-87EB-4c5b-8B4C-F1F0E33933BA}:224.186580.8d42da06d71dd560377137522d3e5aec2c749943.7 MSG:aDMnXyfcWhgsKWD+sMR2wCPPxhPNtlxCY9lwIagoAJM8GXmaj6r5o0ZLNlyehp0qAZvVilXYcIg2ktHN2v4sBC5OSwOKTdIx4ADRf7m5K8lmu5fL7Jt5Dn49zfw5nZlXhcTIXxZ2uCKKCqdJ59MYKvWb1YpV0Hz9lx6JjKd7sfmnnmMCqk3SMeAAwX+d5VuJOz4aNyEXIU8DuFABsE2xVqXEyF8WdrgiilQ==
[AVG.Lng] INFO 2017-01-16 06:29:00,653 PABLO-PC PID:3948 THID:3944 ID:{92E43B1B-87EB-4c5b-8B4C-F1F0E33933BA}:255.186580.8d42da06d71dd560377137522d3e5aec2c749943.7 MSG:aCrCXUf5H5gm35MzRI6RBWL0eyPgP
[AVG.Lng] INFO 2017-01-16 06:29:00,747 PABLO-PC PID:3948 THID:3944 ID:{92E43B1B-87EB-4c5b-8B4C-F1F0E33933BA}:305.186580.8d42da06d71dd560377137522d3e5aec2c749943.7 MSG:*
[AVG.Lng] INFO 2017-01-16 07:01:03,242 PABLO-PC PID:4640 THID:376 ID:{92E43B1B-87EB-4c5b-8B4C-F1F0E33933BA}:224.186580.8d42da06d71dd560377137522d3e5aec2c749943.7 MSG:aA8raG73tnfvnNg6MuGK1P5z8XoeXxbI3d/TMC+VxUFprLpEs5AaQHmfNyTP37TmRb0IcB3d62QmYdlmmIqGCunGRzTDZj5eI7Vpuzuc1927B6CiP3IzhMA7bu2+IFyF0HELgSpMW8G13qYxtoox5rG9CHAd1ecRh+2BJ+UPG/dgFm8142Y+XiO1ebsfwKed5oItXvL+a8W9vvMQN/B0hPBxC4EqTFvBtYA==
[AVG.Lng] INFO 2017-01-16 07:01:03,367 PABLO-PC PID:4640 THID:376 ID:{92E43B1B-87EB-4c5b-8B4C-F1F0E33933BA}:255.186580.8d42da06d71dd560377137522d3e5aec2c749943.7 MSG:aBORTM8h5srjQ5D2xTxfCBuf308ta
[AVG.Lng] INFO 2017-01-16 07:01:04,303 PABLO-PC PID:4640 THID:376 ID:{92E43B1B-87EB-4c5b-8B4C-F1F0E33933BA}:305.186580.8d42da06d71dd560377137522d3e5aec2c749943.7 MSG:*
[AVG.Lng] INFO 2017-01-17 06:29:58,143 PABLO-PC PID:700 THID:3432 ID:{92E43B1B-87EB-4c5b-8B4C-F1F0E33933BA}:224.186580.8d42da06d71dd560377137522d3e5aec2c749943.7 MSG:aALNbkW96pd35xCVAohCCE2Xq1uIiQNeG/yTSrlm3a/FuJvnm97WGdS1Bu9rRnmPbQwxzL/295y/IhD5BdAgwDLroTLoLGK+u86hFAv1HwEI4/qDqaQmEgYYLpco00RrfGUqIgICl5gY9Jf6EhP8j5kMMcy//vvpHq5IuHhVvT27O4kzyCxivrvOsRQvqW9BVWZ3f2QoflN7nbNqoQNsalxlKiICApeYGKg==
[AVG.Lng] INFO 2017-01-17 06:29:58,345 PABLO-PC PID:700 THID:3432 ID:{92E43B1B-87EB-4c5b-8B4C-F1F0E33933BA}:255.186580.8d42da06d71dd560377137522d3e5aec2c749943.7 MSG:aAQ5rkEN9AMZJvhEaTu/83BNRF9ft
[AVG.Lng] INFO 2017-01-17 06:29:59,749 PABLO-PC PID:700 THID:3432 ID:{92E43B1B-87EB-4c5b-8B4C-F1F0E33933BA}:305.186580.8d42da06d71dd560377137522d3e5aec2c749943.7 MSG:*
[AVG.Lng] INFO 2017-01-18 01:05:41,752 PABLO-PC PID:5032 THID:1772 ID:{92E43B1B-87EB-4c5b-8B4C-F1F0E33933BA}:224.186580.8d42da06d71dd560377137522d3e5aec2c749943.7 MSG:aDkxXujl+2pVBhdf9rJI4ZASPg4VTsbt3Ouu/tGqOutahRczJeDPL61qyBCNUajEHDd0ah5nlkcQn8n0wZ4raDxsXQJFdHNDmS+m3v/PFejVZm/WNGPjocEPEyNAH6Mv41im9rw8jq5hK1kF9AQtxOg3dGoeb5oysRORtbwbtpW1vHUDZXRzQ5kvtt7bk2WoiOPiKvnvu+C8io7eyc+LLsNYpva8PI6uYXQ==
[AVG.Lng] INFO 2017-01-18 01:05:41,846 PABLO-PC PID:5032 THID:1772 ID:{92E43B1B-87EB-4c5b-8B4C-F1F0E33933BA}:255.186580.8d42da06d71dd560377137522d3e5aec2c749943.7 MSG:aBORTM8h5srjQ5D2xTxfCBuf308ta
[AVG.Lng] INFO 2017-01-18 01:05:41,877 PABLO-PC PID:5032 THID:1772 ID:{92E43B1B-87EB-4c5b-8B4C-F1F0E33933BA}:305.186580.8d42da06d71dd560377137522d3e5aec2c749943.7 MSG:*
[AVG.Lng] INFO 2017-01-18 01:06:11,748 PABLO-PC PID:5776 THID:4204 ID:{92E43B1B-87EB-4c5b-8B4C-F1F0E33933BA}:224.186580.8d42da06d71dd560377137522d3e5aec2c749943.7 MSG:aCrCXUf5H5j741vnWPJxASf5S4PZEbl/w0H0Lp7InEiViVsmbVGjJN5DYMn+V9BW3ir8FsgjhrtteArPZ4KJag9CG/1DuL+wF8rqZlGPLAhijQpavGD8csd8pE7bKLBwhYTC4tSN4qUSAvHchwJFVoJarEoB7n7TWITmS7IO0Styx4YAymiXsTfK6mZRjzwIRtF6GuHlcY4K8PwPpq0tjQxU6uP0jeKlEgLx3Idc=
[AVG.Lng] INFO 2017-01-18 01:06:11,763 PABLO-PC PID:5776 THID:4204 ID:{92E43B1B-87EB-4c5b-8B4C-F1F0E33933BA}:255.186580.8d42da06d71dd560377137522d3e5aec2c749943.7 MSG:aCIZsD+TafKCYfhiaxwEcbK/9+Rua
[AVG.Lng] INFO 2017-01-18 01:06:11,779 PABLO-PC PID:5776 THID:4204 ID:{92E43B1B-87EB-4c5b-8B4C-F1F0E33933BA}:305.186580.8d42da06d71dd560377137522d3e5aec2c749943.7 MSG:*
[AVG.Lng] INFO 2017-01-18 23:55:56,853 PABLO-PC PID:4592 THID:4400 ID:{92E43B1B-87EB-4c5b-8B4C-F1F0E33933BA}:224.186580.8d42da06d71dd560377137522d3e5aec2c749943.7 MSG:aCYTZ21LLxik69EB3YUVRcCcRTSNQSi8F2lwrsXdAnD4GeXRI8bX11gps2oFQ5iikLShBn0DMErZXkgjo0L7WgZTfzvA2qcxaMJggNT4SEyF6BTsrGwN8AqNzXNUaJu0QcRUFLoallaUaCJ/fBYdomS0oQZ9Czw/eNIQYt7HZqePg1c64NqnMWjCcIDwpDgM2G2ZEGHgVbF3CFCO3biztWHEVBS6GpZWlDQ==
[AVG.Lng] INFO 2017-01-18 23:55:57,009 PABLO-PC PID:4592 THID:4400 ID:{92E43B1B-87EB-4c5b-8B4C-F1F0E33933BA}:255.186580.8d42da06d71dd560377137522d3e5aec2c749943.7 MSG:aDZralSWSgFhxx8D4MrrqOy6b48C8
[AVG.Lng] INFO 2017-01-18 23:55:58,164 PABLO-PC PID:4592 THID:4400 ID:{92E43B1B-87EB-4c5b-8B4C-F1F0E33933BA}:305.186580.8d42da06d71dd560377137522d3e5aec2c749943.7 MSG:*
[AVG.Lng] INFO 2017-01-21 10:33:27,790 PABLO-PC PID:6832 THID:4212 ID:{92E43B1B-87EB-4c5b-8B4C-F1F0E33933BA}:224.186580.8d42da06d71dd560377137522d3e5aec2c749943.7 MSG:aAuF91dkT5eYix+I4xdrqhe53cTdg6ywd2bptLehYhwpq3qBS3J9WokUwcmqXXFOTA8hPU6omxplh/KW3msrMpCS6av69ce+VKKuCepqNqNSzYwc/K6J/GqCVGkmFPvYkHbLRNKuPNtFVVDc0wj0TrgPIT1OoJdvxAuq16Puts8ZQsGq2vXHvlSivgnONkbjD0gB4DEi0b0XB8mUr8TT2bB2y0TSrjzbRQg==
[AVG.Lng] INFO 2017-01-21 10:33:28,203 PABLO-PC PID:6832 THID:4212 ID:{92E43B1B-87EB-4c5b-8B4C-F1F0E33933BA}:255.186580.8d42da06d71dd560377137522d3e5aec2c749943.7 MSG:aBUSkeamTf1Uo4QCy2iA3ZXgjDo3b
[AVG.Lng] INFO 2017-01-21 10:33:28,214 PABLO-PC PID:6832 THID:4212 ID:{92E43B1B-87EB-4c5b-8B4C-F1F0E33933BA}:305.186580.8d42da06d71dd560377137522d3e5aec2c749943.7 MSG:*
[AVG.Lng] INFO 2017-01-21 10:41:06,360 PABLO-PC PID:1184 THID:2716 ID:{92E43B1B-87EB-4c5b-8B4C-F1F0E33933BA}:224.186580.8d42da06d71dd560377137522d3e5aec2c749943.7 MSG:aCYTZ21LLxik69EB3YUVRcCcRTSNQSi8F2lwrsXdAnD4GeXRI8bX11gps2oFQ5ijfJiRG60fKeqZe0kaopsW59IGysdpCo8wSMJggNT4SEyF6ATt6DBtsRNUIM6APS5I6BR8FZoallaUaCJ/fBYNoyDowUdk0tGCrIelnncXTqavg1c64NqnMWjCYIDU+FhMobR0rbW14E3e2HiP/biztWHEVBS6GpZWlGgif3xI=
[AVG.Lng] INFO 2017-01-21 10:41:06,435 PABLO-PC PID:1184 THID:2716 ID:{92E43B1B-87EB-4c5b-8B4C-F1F0E33933BA}:255.186580.8d42da06d71dd560377137522d3e5aec2c749943.7 MSG:aAuF91dkT5dFt9dc/2uLrlK07WTkr
[AVG.Lng] INFO 2017-01-21 10:41:06,445 PABLO-PC PID:1184 THID:2716 ID:{92E43B1B-87EB-4c5b-8B4C-F1F0E33933BA}:305.186580.8d42da06d71dd560377137522d3e5aec2c749943.7 MSG:*
[AVG.Lng] INFO 2017-01-23 07:06:06,732 PABLO-PC PID:2796 THID:6496 ID:{92E43B1B-87EB-4c5b-8B4C-F1F0E33933BA}:224.186580.8d42da06d71dd560377137522d3e5aec2c749943.7 MSG:aCIZsD+TafJfXTC2d2Dkdfeyx0RXRpZoQdO0tpwDI50taqVTjVEoYgJeGTMab1EoTwkpDZegDOY4BltZJ/X1dEQDdeySAuHbk3SBN34duXyyxpacdmuzJFw3CWsNtrpZlLcUlhSNaePOH4gmYzrUKLsJKQ2XqACTmYoDGFpwaInN013tsgLh25N0kTdaQck870MbYLvn62UhspSWhGaSWLS3FJYUjWnjzkA==
[AVG.Lng] INFO 2017-01-23 07:06:06,864 PABLO-PC PID:2796 THID:6496 ID:{92E43B1B-87EB-4c5b-8B4C-F1F0E33933BA}:255.186580.8d42da06d71dd560377137522d3e5aec2c749943.7 MSG:aDZralSWSgFhxx8D4MrrqOy6b48C8
[AVG.Lng] INFO 2017-01-23 07:06:08,827 PABLO-PC PID:2796 THID:6496 ID:{92E43B1B-87EB-4c5b-8B4C-F1F0E33933BA}:305.186580.8d42da06d71dd560377137522d3e5aec2c749943.7 MSG:*
[AVG.Lng] INFO 2017-01-23 07:12:37,762 PABLO-PC PID:3268 THID:5020 ID:{92E43B1B-87EB-4c5b-8B4C-F1F0E33933BA}:224.186580.8d42da06d71dd560377137522d3e5aec2c749943.7 MSG:aBORTM8h5so+f1gi2UC/DF6S7+8URykbU+zU6hZXGGfnLWSVzrRhnej2/01KPqMe/lDyJTSQx0d1LWs42COtuL5nSOzLYEbi0lbpo9A94gUb5q42cTZsFlfRhIpTtzRf9yD9UXdoIBwkt25YM2s2HqIgonn9XT8vQNGHvA2v9fnD4tURQrBu4/JW6aPQPfIFP7rediyz4eqaXdzLLjKpon7w1VBXaCAcJLduWDM0=
[AVG.Lng] INFO 2017-01-23 07:12:37,784 PABLO-PC PID:3268 THID:5020 ID:{92E43B1B-87EB-4c5b-8B4C-F1F0E33933BA}:255.186580.8d42da06d71dd560377137522d3e5aec2c749943.7 MSG:aCrCXUf5H5gm35MzRI6RBWL0eyPgP
[AVG.Lng] INFO 2017-01-23 07:12:37,794 PABLO-PC PID:3268 THID:5020 ID:{92E43B1B-87EB-4c5b-8B4C-F1F0E33933BA}:305.186580.8d42da06d71dd560377137522d3e5aec2c749943.7 MSG:*
[AVG.Lng] INFO 2017-01-24 04:00:12,182 PABLO-PC PID:2576 THID:2580 ID:{92E43B1B-87EB-4c5b-8B4C-F1F0E33933BA}:224.186580.8d42da06d71dd560377137522d3e5aec2c749943.7 MSG:aDkxXujl+2pVBhdf9rJI4ZASPg4VTsbt3Ouu/tGqOutahRczJeDPL61qyBCNUajEHDd0ah5nlkcQn8n0wZ4raDxsXQJFdHNDmS+m3v/PFejVZm/WNGPjocEPEyNAH6Mv41im9rw8jq5hK1kF9AQtxOg3dGoeb5oysRORtbwbtpW1vHUDZXRzQ5kvtt7bk2WoiOPiKvnvu+C8io7eyc+LLsNYpva8PI6uYXQ==
[AVG.Lng] INFO 2017-01-24 04:00:12,447 PABLO-PC PID:2576 THID:2580 ID:{92E43B1B-87EB-4c5b-8B4C-F1F0E33933BA}:255.186580.8d42da06d71dd560377137522d3e5aec2c749943.7 MSG:aCYTZ21LLxh51xnVwfn1QYWRdZS0b
[AVG.Lng] INFO 2017-01-24 04:00:13,321 PABLO-PC PID:2576 THID:2580 ID:{92E43B1B-87EB-4c5b-8B4C-F1F0E33933BA}:305.186580.8d42da06d71dd560377137522d3e5aec2c749943.7 MSG:*
[AVG.Lng] INFO 2017-01-24 04:05:32,856 PABLO-PC PID:4036 THID:644 ID:{92E43B1B-87EB-4c5b-8B4C-F1F0E33933BA}:224.186580.8d42da06d71dd560377137522d3e5aec2c749943.7 MSG:aCyImk5Zn/S+0uZq6sREzkce6Irm5xJIpAml8o4MMJEfg3wO3JrEpdVrYeaW836D6hDlqWdIb5Hz0KpoxPhR5q5IUTpKGD/cUvtX6+O5GccCaqlTg5ZXRaA09ZLL7BypD47lymVGhSQZKvDz76brg7ZgtfWuhZf5xixG7BF0CafTzczHw8gX3XL7V+vjuQnHJjbZE94T2rltuK3TtmmBVIZezctFRoUkGSrw8+/4=
[AVG.Lng] INFO 2017-01-24 04:05:32,872 PABLO-PC PID:4036 THID:644 ID:{92E43B1B-87EB-4c5b-8B4C-F1F0E33933BA}:255.186580.8d42da06d71dd560377137522d3e5aec2c749943.7 MSG:aDMnXyfcWhjxFagqrLiWxGbC9rP0m
[AVG.Lng] INFO 2017-01-24 04:05:32,950 PABLO-PC PID:4036 THID:644 ID:{92E43B1B-87EB-4c5b-8B4C-F1F0E33933BA}:305.186580.8d42da06d71dd560377137522d3e5aec2c749943.7 MSG:*
[AVG.Lng] INFO 2017-01-24 08:46:14,673 PABLO-PC PID:5096 THID:4024 ID:{92E43B1B-87EB-4c5b-8B4C-F1F0E33933BA}:224.186580.8d42da06d71dd560377137522d3e5aec2c749943.7 MSG:aDZralSWSgG8+9fX/LYLrKm3Xy873EaoyxMTxmyrRZUApLB8UX6W+dWbvOrFWM2IB+3KX8feNcnmGwFfoLCPu1n3Bzb5B8IocNJmVvXLVqXsww73GvFj5Nb3rhv9HtxRuXkBucii13gZ2i3/vA1IiPPtyl/H1jm8R5dZHt01EkbQJy832QfCKHDSdlbRlyblsUaDC9d9O6WrcjPmdM70UJl5AbnIotd4GYQ==
[AVG.Lng] INFO 2017-01-24 08:46:14,689 PABLO-PC PID:5096 THID:4024 ID:{92E43B1B-87EB-4c5b-8B4C-F1F0E33933BA}:255.186580.8d42da06d71dd560377137522d3e5aec2c749943.7 MSG:aDMnXyfcWhjxFagqrLiWxGbC9rP0m
[AVG.Lng] INFO 2017-01-24 08:46:14,704 PABLO-PC PID:5096 THID:4024 ID:{92E43B1B-87EB-4c5b-8B4C-F1F0E33933BA}:305.186580.8d42da06d71dd560377137522d3e5aec2c749943.7 MSG:*
[AVG.Lng] INFO 2017-01-25 08:00:05,118 PABLO-PC PID:5044 THID:3988 ID:{92E43B1B-87EB-4c5b-8B4C-F1F0E33933BA}:224.186580.8d42da06d71dd560377137522d3e5aec2c749943.7 MSG:aCIZsD+TafJfXTC2d2Dkdfeyx0RXRpZoQdO0tpwDI50taqVTjVEoYgJeGTMab1EoTwkpDZegDOY4BltZJ/X1dEQDdeySAuHbk3SBN34duXyyxpacdmuzJFw3CWsNtrpZlLcUlhSNaePOH4gmYzrUKLsJKQ2XqACTmYoDGFpwaInN013tsgLh25N0kTdaQck870MbYLvn62UhspSWhGaSWLS3FJYUjWnjzkA==
[AVG.Lng] INFO 2017-01-25 08:00:05,242 PABLO-PC PID:5044 THID:3988 ID:{92E43B1B-87EB-4c5b-8B4C-F1F0E33933BA}:255.186580.8d42da06d71dd560377137522d3e5aec2c749943.7 MSG:aCrCXUf5H5gm35MzRI6RBWL0eyPgP
[AVG.Lng] INFO 2017-01-25 08:00:05,274 PABLO-PC PID:5044 THID:3988 ID:{92E43B1B-87EB-4c5b-8B4C-F1F0E33933BA}:305.186580.8d42da06d71dd560377137522d3e5aec2c749943.7 MSG:*
[AVG.Lng] INFO 2017-01-26 02:12:07,935 PABLO-PC PID:2932 THID:3116 ID:{92E43B1B-87EB-4c5b-8B4C-F1F0E33933BA}:224.186580.8d42da06d71dd560377137522d3e5aec2c749943.7 MSG:aBUSkeamTf2Jn0zW1xRg2dDtvJoOQC5TSrRZ/oqfdy6T41v2b41wDQfhIIytx1H6ogR8na0va71nr9zX1biZUts0fs1LN8XURbb9V95pPdCVme1CL20LH1dQ5CMbKu7qKj7qM/ZRMYzLoLGZ1JLU+lYEfJ2tJ2fIxiOElqg9BK9S5FbMazfF1EW27Vf6NU2QyBxgvuLhU14q1XnekvrG6wo+6jP2UTGMy/w==
[AVG.Lng] INFO 2017-01-26 02:12:08,530 PABLO-PC PID:2932 THID:3116 ID:{92E43B1B-87EB-4c5b-8B4C-F1F0E33933BA}:255.186580.8d42da06d71dd560377137522d3e5aec2c749943.7 MSG:aALNbkW96peq29hBHvSiDAiam/uxp
[AVG.Lng] INFO 2017-01-26 02:12:08,915 PABLO-PC PID:2932 THID:3116 ID:{92E43B1B-87EB-4c5b-8B4C-F1F0E33933BA}:305.186580.8d42da06d71dd560377137522d3e5aec2c749943.7 MSG:*
[AVG.Lng] INFO 2017-01-26 02:12:32,861 PABLO-PC PID:3264 THID:3268 ID:{92E43B1B-87EB-4c5b-8B4C-F1F0E33933BA}:224.186580.8d42da06d71dd560377137522d3e5aec2c749943.7 MSG:aDMnXyfcWhgsKWD+sMR2wCPPxhPNtlxCY9lwIagoAJM8GXmaj6r5o0ZLNlyehp0r7bfll4XEaSh2t9D02yfBufob/v8jnfowwADRf7m5K8lmu4fKqMcZT2fkIEHtyCyrLBTgXjZ2uCKKCqdJ59MIK7HHtctMCZFAQ0s8cA6rmfiHnmMCqk3SMeAA0X+5uTvJQuf3ivVClLOqaHgAkE2xVqXEyF8WdrgiigqnSeeM=
[AVG.Lng] INFO 2017-01-26 02:12:32,890 PABLO-PC PID:3264 THID:3268 ID:{92E43B1B-87EB-4c5b-8B4C-F1F0E33933BA}:255.186580.8d42da06d71dd560377137522d3e5aec2c749943.7 MSG:aAuF91dkT5dFt9dc/2uLrlK07WTkr
[AVG.Lng] INFO 2017-01-26 02:12:32,903 PABLO-PC PID:3264 THID:3268 ID:{92E43B1B-87EB-4c5b-8B4C-F1F0E33933BA}:305.186580.8d42da06d71dd560377137522d3e5aec2c749943.7 MSG:*
[AVG.Lng] INFO 2017-01-26 23:08:06,229 PABLO-PC PID:3504 THID:3508 ID:{92E43B1B-87EB-4c5b-8B4C-F1F0E33933BA}:224.186580.8d42da06d71dd560377137522d3e5aec2c749943.7 MSG:aCIZsD+TafJfXTC2d2Dkdfeyx0RXRpZoQdO0tpwDI50taqVTjVEoYgJeGTMab1EoTwkpDZegDOY4BltZJ/X1dEQDdeySAuHbk3SBN34duXyyxpacdmuzJFw3CWsNtrpZlLcUlhSNaePOH4gmYzrUKLsJKQ2XqACTmYoDGFpwaInN013tsgLh25N0kTdaQck870MbYLvn62UhspSWhGaSWLS3FJYUjWnjzkA==
[AVG.Lng] INFO 2017-01-26 23:08:06,338 PABLO-PC PID:3504 THID:3508 ID:{92E43B1B-87EB-4c5b-8B4C-F1F0E33933BA}:255.186580.8d42da06d71dd560377137522d3e5aec2c749943.7 MSG:aD/kLyVqmkEsbgo+wNcu+9YD4sS1M
[AVG.Lng] INFO 2017-01-26 23:08:06,354 PABLO-PC PID:3504 THID:3508 ID:{92E43B1B-87EB-4c5b-8B4C-F1F0E33933BA}:305.186580.8d42da06d71dd560377137522d3e5aec2c749943.7 MSG:*
[AVG.Lng] INFO 2017-01-26 23:10:31,702 PABLO-PC PID:3032 THID:2776 ID:{92E43B1B-87EB-4c5b-8B4C-F1F0E33933BA}:224.186580.8d42da06d71dd560377137522d3e5aec2c749943.7 MSG:aDZralSWSgG8+9fX/LYLrKm3Xy873EaoyxMTxmyrRZUApLB8UX6W+dWbvOrFWM2J68H6QhfCLGmmPgBmoWliBo2isspQ1+opUNJmVvXLVqXswx72Xq0Dpc8uQ6YpS2mtEKkpuOii13gZ2i3/vA1Yibexqh7eD9QBk8Ls4nTlOkfwJy832QfCKHDSZlb1y0alyJ9utgMojlkCohvnVM70UJl5AbnIotd4Gdot/7xQ=
[AVG.Lng] INFO 2017-01-26 23:10:31,717 PABLO-PC PID:3032 THID:2776 ID:{92E43B1B-87EB-4c5b-8B4C-F1F0E33933BA}:255.186580.8d42da06d71dd560377137522d3e5aec2c749943.7 MSG:aAuF91dkT5dFt9dc/2uLrlK07WTkr
[AVG.Lng] INFO 2017-01-26 23:10:31,717 PABLO-PC PID:3032 THID:2776 ID:{92E43B1B-87EB-4c5b-8B4C-F1F0E33933BA}:305.186580.8d42da06d71dd560377137522d3e5aec2c749943.7 MSG:*
[AVG.Lng] INFO 2017-01-27 01:29:09,144 PABLO-PC PID:1252 THID:2952 ID:{92E43B1B-87EB-4c5b-8B4C-F1F0E33933BA}:224.186580.8d42da06d71dd560377137522d3e5aec2c749943.7 MSG:aDZralSWSgG8+9fX/LYLrKm3Xy873EaoyxMTxmyrRZUApLB8UX6W+dWbvOrFWM2IB+3KX8feNcnmGwFfoLCPu1n3Bzb5B8IocNJmVvXLVqXsww73GvFj5Nb3rhv9HtxRuXkBucii13gZ2i3/vA1IiPPtyl/H1jm8R5dZHt01EkbQJy832QfCKHDSdlbRlyblsUaDC9d9O6WrcjPmdM70UJl5AbnIotd4GYQ==
[AVG.Lng] INFO 2017-01-27 01:29:09,159 PABLO-PC PID:1252 THID:2952 ID:{92E43B1B-87EB-4c5b-8B4C-F1F0E33933BA}:255.186580.8d42da06d71dd560377137522d3e5aec2c749943.7 MSG:aBUSkeamTf1Uo4QCy2iA3ZXgjDo3b
[AVG.Lng] INFO 2017-01-27 01:29:09,175 PABLO-PC PID:1252 THID:2952 ID:{92E43B1B-87EB-4c5b-8B4C-F1F0E33933BA}:305.186580.8d42da06d71dd560377137522d3e5aec2c749943.7 MSG:*
[AVG.Lng] INFO 2017-01-27 04:50:38,902 PABLO-PC PID:3748 THID:3752 ID:{92E43B1B-87EB-4c5b-8B4C-F1F0E33933BA}:224.186580.8d42da06d71dd560377137522d3e5aec2c749943.7 MSG:aAuF91dkT5eYix+I4xdrqhe53cTdg6ywd2bptLehYhwpq3qBS3J9WokUwcmqXXFOTA8hPU6omxplh/KW3msrMpCS6av69ce+VKKuCepqNqNSzYwc/K6J/GqCVGkmFPvYkHbLRNKuPNtFVVDc0wj0TrgPIT1OoJdvxAuq16Puts8ZQsGq2vXHvlSivgnONkbjD0gB4DEi0b0XB8mUr8TT2bB2y0TSrjzbRQg==
[AVG.Lng] INFO 2017-01-27 04:50:39,261 PABLO-PC PID:3748 THID:3752 ID:{92E43B1B-87EB-4c5b-8B4C-F1F0E33933BA}:255.186580.8d42da06d71dd560377137522d3e5aec2c749943.7 MSG:aCYTZ21LLxh51xnVwfn1QYWRdZS0b
[AVG.Lng] INFO 2017-01-27 04:50:40,883 PABLO-PC PID:3748 THID:3752 ID:{92E43B1B-87EB-4c5b-8B4C-F1F0E33933BA}:305.186580.8d42da06d71dd560377137522d3e5aec2c749943.7 MSG:*
[AVG.Lng] INFO 2017-01-27 04:52:45,001 PABLO-PC PID:2744 THID:1988 ID:{92E43B1B-87EB-4c5b-8B4C-F1F0E33933BA}:224.186580.8d42da06d71dd560377137522d3e5aec2c749943.7 MSG:aA8raG73tnfvnNg6MuGK1P5z8XoeXxbI3d/TMC+VxUFprLpEs5AaQHmfNyTP37TnqZE4bc3B8sRmRNhfmVNrtz2T8shqthZfA7Vpuzuc1927B7Cjey5Txdnig1Bqdel5eaEjgApMW8G13qYxtooh5/XhaDEEDAqsU7g020zfM/ZAFm8142Y+XiO1abs7nMfdn1vA4yar3jkUbtsRF/B0hPBxC4EqTFvBtd6mMbbU=
[AVG.Lng] INFO 2017-01-27 04:52:45,016 PABLO-PC PID:2744 THID:1988 ID:{92E43B1B-87EB-4c5b-8B4C-F1F0E33933BA}:255.186580.8d42da06d71dd560377137522d3e5aec2c749943.7 MSG:aAQ5rkEN9AMZJvhEaTu/83BNRF9ft
[AVG.Lng] INFO 2017-01-27 04:52:45,016 PABLO-PC PID:2744 THID:1988 ID:{92E43B1B-87EB-4c5b-8B4C-F1F0E33933BA}:305.186580.8d42da06d71dd560377137522d3e5aec2c749943.7 MSG:*
[AVG.Lng] INFO 2017-01-29 04:24:20,801 PABLO-PC PID:4912 THID:5472 ID:{92E43B1B-87EB-4c5b-8B4C-F1F0E33933BA}:224.186580.8d42da06d71dd560377137522d3e5aec2c749943.7 MSG:aCyImk5Zn/S+0uZq6sREzkce6Irm5xJIpAml8o4MMJEfg3wO3JrEpdVrYeaW836CBjzVtLdUdjGz9atRxSG8W3od5MbjyBfdcvtX6+O5GccCarlSx8o3BLntGC8fualVpl7Ny0VGhSQZKvDz76b7gvI81bS3XHpEEnnzELikIabzzczHw8gX3XL7R+vH5WmHX+80rgpGb0XEaIXSlmmBVIZezctFRoUkGXQ==
[AVG.Lng] INFO 2017-01-29 04:24:21,066 PABLO-PC PID:4912 THID:5472 ID:{92E43B1B-87EB-4c5b-8B4C-F1F0E33933BA}:255.186580.8d42da06d71dd560377137522d3e5aec2c749943.7 MSG:aBtfKZVsoBhTIPTOJDumnPSGW5Qug
[AVG.Lng] INFO 2017-01-29 04:24:21,082 PABLO-PC PID:4912 THID:5472 ID:{92E43B1B-87EB-4c5b-8B4C-F1F0E33933BA}:305.186580.8d42da06d71dd560377137522d3e5aec2c749943.7 MSG:*
[AVG.Lng] INFO 2017-01-29 04:26:36,576 PABLO-PC PID:2140 THID:5268 ID:{92E43B1B-87EB-4c5b-8B4C-F1F0E33933BA}:224.186580.8d42da06d71dd560377137522d3e5aec2c749943.7 MSG:aCyImk5Zn/S+0uZq6sREzkce6Irm5xJIpAml8o4MMJEfg3wO3JrEpdVrYeaW836D6hDlqWdIb5Hz0KpoxPhR5q5IUTpKGD/cUvtX6+O5GccCaqlTg5ZXRaA09ZLL7BypD47lymVGhSQZKvDz76brg7ZgtfWuhZf5xixG7BF0CafTzczHw8gX3XL7V+vjuQnHJjbZE94T2rltuK3TtmmBVIZezctFRoUkGSrw8+/4=
[AVG.Lng] INFO 2017-01-29 04:26:36,592 PABLO-PC PID:2140 THID:5268 ID:{92E43B1B-87EB-4c5b-8B4C-F1F0E33933BA}:255.186580.8d42da06d71dd560377137522d3e5aec2c749943.7 MSG:aD/kLyVqmkEsbgo+wNcu+9YD4sS1M
[AVG.Lng] INFO 2017-01-29 04:26:36,607 PABLO-PC PID:2140 THID:5268 ID:{92E43B1B-87EB-4c5b-8B4C-F1F0E33933BA}:305.186580.8d42da06d71dd560377137522d3e5aec2c749943.7 MSG:*
[AVG.Lng] INFO 2017-01-29 08:25:33,484 PABLO-PC PID:3580 THID:3872 ID:{92E43B1B-87EB-4c5b-8B4C-F1F0E33933BA}:224.186580.8d42da06d71dd560377137522d3e5aec2c749943.7 MSG:aALNbkW96pd35xCVAohCCE2Xq1uIiQNeG/yTSrlm3a/FuJvnm97WGdS1Bu9rRnmPbQwxzL/295y/IhD5BdAgwDLroTLoLGK+u86hFAv1HwEI4/qDqaQmEgYYLpco00RrfGUqIgICl5gY9Jf6EhP8j5kMMcy//vvpHq5IuHhVvT27O4kzyCxivrvOsRQvqW9BVWZ3f2QoflN7nbNqoQNsalxlKiICApeYGKg==
[AVG.Lng] INFO 2017-01-29 08:25:33,735 PABLO-PC PID:3580 THID:3872 ID:{92E43B1B-87EB-4c5b-8B4C-F1F0E33933BA}:255.186580.8d42da06d71dd560377137522d3e5aec2c749943.7 MSG:aCIZsD+TafKCYfhiaxwEcbK/9+Rua
[AVG.Lng] INFO 2017-01-29 08:25:33,751 PABLO-PC PID:3580 THID:3872 ID:{92E43B1B-87EB-4c5b-8B4C-F1F0E33933BA}:305.186580.8d42da06d71dd560377137522d3e5aec2c749943.7 MSG:*
[AVG.Lng] INFO 2017-02-02 22:50:58,648 PABLO-PC PID:2588 THID:2572 ID:{92E43B1B-87EB-4c5b-8B4C-F1F0E33933BA}:224.186580.8d42da06d71dd560377137522d3e5aec2c749943.7 MSG:aBUSkeamTf2Jn0zW1xRg2dDtvJoOQC5TSrRZ/oqfdy6T41v2b41wDQfhIIytx1H6ogR8na0va71nr9zX1biZUts0fs1LN8XURbb9V95pPdCVme1CL20LH1dQ5CMbKu7qKj7qM/ZRMYzLoLGZ1JLU+lYEfJ2tJ2fIxiOElqg9BK9S5FbMazfF1EW27Vf6NU2QyBxgvuLhU14q1XnekvrG6wo+6jP2UTGMy/w==
[AVG.Lng] INFO 2017-02-02 22:50:58,991 PABLO-PC PID:2588 THID:2572 ID:{92E43B1B-87EB-4c5b-8B4C-F1F0E33933BA}:255.186580.8d42da06d71dd560377137522d3e5aec2c749943.7 MSG:aCrCXUf5H5gm35MzRI6RBWL0eyPgP
[AVG.Lng] INFO 2017-02-02 22:50:59,007 PABLO-PC PID:2588 THID:2572 ID:{92E43B1B-87EB-4c5b-8B4C-F1F0E33933BA}:305.186580.8d42da06d71dd560377137522d3e5aec2c749943.7 MSG:*
[AVG.Lng] INFO 2017-02-02 22:56:42,145 PABLO-PC PID:4348 THID:4352 ID:{92E43B1B-87EB-4c5b-8B4C-F1F0E33933BA}:224.186580.8d42da06d71dd560377137522d3e5aec2c749943.7 MSG:aBORTM8h5so+f1gi2UC/DF6S7+8URykbU+zU6hZXGGfnLWSVzrRhnej2/01KPqMe/lDyJTSQx0d1LWs42COtuL5nSOzLYEbi0lbpo9A94gUb5q42cTZsFlfRhIpTtzRf9yD9UXdoIBwkt25YM2s2HqIgonn9XT8vQNGHvA2v9fnD4tURQrBu4/JW6aPQPfIFP7rediyz4eqaXdzLLjKpon7w1VBXaCAcJLduWDM0=
[AVG.Lng] INFO 2017-02-02 22:56:42,186 PABLO-PC PID:4348 THID:4352 ID:{92E43B1B-87EB-4c5b-8B4C-F1F0E33933BA}:255.186580.8d42da06d71dd560377137522d3e5aec2c749943.7 MSG:aCrCXUf5H5gm35MzRI6RBWL0eyPgP
[AVG.Lng] INFO 2017-02-02 22:56:42,209 PABLO-PC PID:4348 THID:4352 ID:{92E43B1B-87EB-4c5b-8B4C-F1F0E33933BA}:305.186580.8d42da06d71dd560377137522d3e5aec2c749943.7 MSG:*
[AVG.Lng] INFO 2017-02-02 23:07:51,313 PABLO-PC PID:2376 THID:2948 ID:{92E43B1B-87EB-4c5b-8B4C-F1F0E33933BA}:224.186580.8d42da06d71dd560377137522d3e5aec2c749943.7 MSG:aCYTZ21LLxik69EB3YUVRcCcRTSNQSi8F2lwrsXdAnD4GeXRI8bX11gps2oFQ5iikLShBn0DMErZXkgjo0L7WgZTfzvA2qcxaMJggNT4SEyF6BTsrGwN8AqNzXNUaJu0QcRUFLoallaUaCJ/fBYdomS0oQZ9Czw/eNIQYt7HZqePg1c64NqnMWjCcIDwpDgM2G2ZEGHgVbF3CFCO3biztWHEVBS6GpZWlDQ==
[AVG.Lng] INFO 2017-02-02 23:07:51,328 PABLO-PC PID:2376 THID:2948 ID:{92E43B1B-87EB-4c5b-8B4C-F1F0E33933BA}:255.186580.8d42da06d71dd560377137522d3e5aec2c749943.7 MSG:aDZralSWSgFhxx8D4MrrqOy6b48C8
[AVG.Lng] INFO 2017-02-02 23:07:51,344 PABLO-PC PID:2376 THID:2948 ID:{92E43B1B-87EB-4c5b-8B4C-F1F0E33933BA}:305.186580.8d42da06d71dd560377137522d3e5aec2c749943.7 MSG:*
