[AVG.LOG.SM] ALL 2016-12-19 00:14:40,648 PABLO-PC PID:3096 THID:2504 ID:AVG.LOG.SM:0.0.0.0 MSG:c00000000001866881280bAA4lQVrM70rV/wFzji9kWV4k5Ln6n5y5DQK3CRJmI8Pga7nGuTKsgLNP22oVuReHpcxsFFtlbfAkwYCP/45fA0QyKMVnFDNjH8A4RIDU4nyPUeoZLv9E/jJWmnrUvu5+cp0wEo1NF4zvB5d2L3SwWytafIFXVZd/hzEcI39eG+eYvqu5iG8cGb88NA28ttU/NyyQ6xxbqU+0qnDM/f2eO61l1WD10fd7y7zlf+XN5g8o3tBkEUqF4Pd8h7I4F7OZSNWwNnAIzc2i3vA5DLIsuVODo2Jiy9DXosSFE2WvsCuhEJ3mD17oT3B8W0/XT3/bQUWeMsfiPcngSGC/dCmp/BA=
[TUUi.Plg] INFO 2016-12-19 00:14:40,679 PABLO-PC PID:3096 THID:2504 ID:DCF74CF9-60CE-46E8-A861-393CF7011289:26.181122.94ba86f3cb37e74d55370cd39afacb2fe78955b0.7 MSG:aAQ5rkkBgaPYG4AxfDoC/nA0NSYD+vk9l9oAzpFAUs5/9OfxA6rKz6DQJrT/4rQkdFpE=
[TUUi.Worker] INFO 2016-12-19 00:14:41,802 PABLO-PC PID:3096 THID:2504 ID:ED4CE104-E242-41CC-B53F-908E6CECBDAF:86.181122.94ba86f3cb37e74d55370cd39afacb2fe78955b0.7 MSG:aA8raGb7w9fznWibO5zX3bsHsKN7LkPEnb7zEGg==
[TUUi.Worker] INFO 2016-12-19 00:14:42,223 PABLO-PC PID:3096 THID:2504 ID:C479DE90-DD14-4901-B736-923AE9BB701F:279.181122.94ba86f3cb37e74d55370cd39afacb2fe78955b0.7 MSG:aCYTZ21LLxgJ03GA/IQ1XZGRdZCldQz1Vggpy8TkyvhJuUUd/z/zL8U9AgYdB3jTf
[TUUi.Worker] INFO 2016-12-19 00:14:50,663 PABLO-PC PID:3096 THID:2504 ID:A35A52D5-2CDE-4521-A985-FD13DBDCB9C7:220.181122.94ba86f3cb37e74d55370cd39afacb2fe78955b0.7 MSG:*
[TUUi.Worker] WARN 2016-12-19 00:15:04,469 PABLO-PC PID:3096 THID:2504 ID:ED4CE104-E242-41CC-B53F-908E6CECBDAF:341.181122.94ba86f3cb37e74d55370cd39afacb2fe78955b0.7 MSG:aCrCXS+RB6kn4utHCNZ1UTvUUwKcYOxvgzzQGtg==
[TUUi.Worker] WARN 2016-12-19 00:15:04,469 PABLO-PC PID:3096 THID:2504 ID:ED4CE104-E242-41CC-B53F-908E6CECBDAF:352.181122.94ba86f3cb37e74d55370cd39afacb2fe78955b0.7 MSG:aDkxXuDpjspJB6f+/88V6NVmf9dwP5PhnJaKypQ==
[TUUi.Worker] WARN 2016-12-19 00:15:04,890 PABLO-PC PID:3096 THID:2504 ID:ED4CE104-E242-41CC-B53F-908E6CECBDAF:341.181122.94ba86f3cb37e74d55370cd39afacb2fe78955b0.7 MSG:aCYTZwUjNyl46mGhjaERFdyxXbXIMH2sVxRUmoA==
[TUUi.Worker] WARN 2016-12-19 00:15:04,890 PABLO-PC PID:3096 THID:2504 ID:ED4CE104-E242-41CC-B53F-908E6CECBDAF:352.181122.94ba86f3cb37e74d55370cd39afacb2fe78955b0.7 MSG:aDkxXuDpjspJB6f+/88V6NVmf9dwP5PhnJaKypQ==
[TUUi.Worker] WARN 2016-12-19 00:15:04,890 PABLO-PC PID:3096 THID:2504 ID:ED4CE104-E242-41CC-B53F-908E6CECBDAF:341.181122.94ba86f3cb37e74d55370cd39afacb2fe78955b0.7 MSG:aAuF9z8MV6ZEiq8oszNv+guUxUWY8vmgNxvNgPA==
[TUUi.Worker] WARN 2016-12-19 00:15:04,890 PABLO-PC PID:3096 THID:2504 ID:ED4CE104-E242-41CC-B53F-908E6CECBDAF:352.181122.94ba86f3cb37e74d55370cd39afacb2fe78955b0.7 MSG:aCyImkZV6lSi01bL47kZxwJqqVODlkdE5HSBxsg==
[TUUi.Worker] INFO 2016-12-19 00:15:14,671 PABLO-PC PID:3096 THID:3224 ID:C479DE90-DD14-4901-B736-923AE9BB701F:264.181122.94ba86f3cb37e74d55370cd39afacb2fe78955b0.7 MSG:*
[AVG.LOG.SM] ALL 2016-12-19 00:21:56,971 PABLO-PC PID:1968 THID:1660 ID:AVG.LOG.SM:0.0.0.0 MSG:c00000000001913149696bAHpeGXz262BRjkGHh4g4Mwd0hSZ2iYxSHK01xV0HNbAFK0FBJhmQUeqCC1nWf++wl+6RN9pWkSSkVhzd6T6OV1ibT72dMDiUzp7/dmecxOtpLKmN0pLmP/gdr6hTNhaZedKl2w/go/BMGNIyTCPt4PbK56D5fkkhif9uQV/Fui/DsE2vXBbBp0CXVVC9qGUM9Mp51+XOPVZpMmLx0ITre67Mde65Tn7DvCBntvjnw2Yyx4PMK1ztICzZ+SsoX9dIoFs7ttBMRJhwANlR3DpU/ATHMu2fNQeyi/hlOWQ8SYt8LpgW8x6UrEqqJUJDJp4iNqjofyNQicICwnyeqRwvb5g=
[TUUi.Plg] INFO 2016-12-19 00:21:56,987 PABLO-PC PID:1968 THID:1660 ID:DCF74CF9-60CE-46E8-A861-393CF7011289:26.181122.94ba86f3cb37e74d55370cd39afacb2fe78955b0.7 MSG:aA8raGb7w9fznWibO5zX3bsHsKN7PmKQha7vEGuANNl94IOpajECtKmntzjzr1yehMUk=
[TUUi.Worker] INFO 2016-12-19 00:21:57,424 PABLO-PC PID:1968 THID:1660 ID:ED4CE104-E242-41CC-B53F-908E6CECBDAF:86.181122.94ba86f3cb37e74d55370cd39afacb2fe78955b0.7 MSG:aCYTZ2VHWri46mGg1PhITIXoBO3oMH2wVwhQjoA==
[TUUi.Worker] INFO 2016-12-19 00:21:57,954 PABLO-PC PID:1968 THID:1660 ID:C479DE90-DD14-4901-B736-923AE9BB701F:279.181122.94ba86f3cb37e74d55370cd39afacb2fe78955b0.7 MSG:aCrCXUf5H5hW2/tmefNRGXb0eyfxJZ02giCtS5/xVMAkKfvqsaiH3ENX0aXmEzAm3
[TUUi.Worker] INFO 2016-12-19 00:22:05,910 PABLO-PC PID:1968 THID:1660 ID:A35A52D5-2CDE-4521-A985-FD13DBDCB9C7:220.181122.94ba86f3cb37e74d55370cd39afacb2fe78955b0.7 MSG:*
[TUUi.Worker] WARN 2016-12-19 00:22:10,762 PABLO-PC PID:1968 THID:1660 ID:ED4CE104-E242-41CC-B53F-908E6CECBDAF:341.181122.94ba86f3cb37e74d55370cd39afacb2fe78955b0.7 MSG:aBORTKdJ/vvifuiCiWS7XEK/925RNnwLE5Hw3lA==
[TUUi.Worker] WARN 2016-12-19 00:22:10,762 PABLO-PC PID:1968 THID:1660 ID:ED4CE104-E242-41CC-B53F-908E6CECBDAF:352.181122.94ba86f3cb37e74d55370cd39afacb2fe78955b0.7 MSG:aALNbk2xnzdr5qA0C/UfAQjj6oLt+FZSW4G3fvw==
[TUUi.Worker] WARN 2016-12-19 00:22:10,808 PABLO-PC PID:1968 THID:1660 ID:ED4CE104-E242-41CC-B53F-908E6CECBDAF:341.181122.94ba86f3cb37e74d55370cd39afacb2fe78955b0.7 MSG:aALNbi3V8qar5qA1UqxGWFG6s9rN+FZOW4G3fvw==
[TUUi.Worker] WARN 2016-12-19 00:22:10,808 PABLO-PC PID:1968 THID:1660 ID:ED4CE104-E242-41CC-B53F-908E6CECBDAF:352.181122.94ba86f3cb37e74d55370cd39afacb2fe78955b0.7 MSG:aCrCXU/1ajjn4utGUY8sCGKNClq8YOxzgzzQGtg==
[TUUi.Worker] WARN 2016-12-19 00:22:10,808 PABLO-PC PID:1968 THID:1660 ID:ED4CE104-E242-41CC-B53F-908E6CECBDAF:341.181122.94ba86f3cb37e74d55370cd39afacb2fe78955b0.7 MSG:aBORTKdJ/vvifuiCiWS7XEK/925RNnwLE5Hw3lA==
[TUUi.Worker] WARN 2016-12-19 00:22:10,808 PABLO-PC PID:1968 THID:1660 ID:ED4CE104-E242-41CC-B53F-908E6CECBDAF:352.181122.94ba86f3cb37e74d55370cd39afacb2fe78955b0.7 MSG:aCyImkZV6lSi01bL47kZxwJqqVODlkdE5HSBxsg==
[TUUi.Worker] INFO 2016-12-19 01:04:57,480 PABLO-PC PID:1968 THID:5712 ID:C479DE90-DD14-4901-B736-923AE9BB701F:264.181122.94ba86f3cb37e74d55370cd39afacb2fe78955b0.7 MSG:*
[TUUi.Worker] INFO 2016-12-19 02:10:37,538 PABLO-PC PID:1968 THID:5136 ID:C479DE90-DD14-4901-B736-923AE9BB701F:258.181122.94ba86f3cb37e74d55370cd39afacb2fe78955b0.7 MSG:*
[TUUi.Worker] INFO 2016-12-19 03:18:55,669 PABLO-PC PID:1968 THID:4632 ID:C479DE90-DD14-4901-B736-923AE9BB701F:258.181122.94ba86f3cb37e74d55370cd39afacb2fe78955b0.7 MSG:*
[TUUi.Worker] INFO 2016-12-20 05:39:07,278 PABLO-PC PID:1968 THID:1660 ID:A35A52D5-2CDE-4521-A985-FD13DBDCB9C7:220.181122.94ba86f3cb37e74d55370cd39afacb2fe78955b0.7 MSG:*
[TUUi.Worker] INFO 2016-12-20 05:40:25,559 PABLO-PC PID:1968 THID:1168 ID:C479DE90-DD14-4901-B736-923AE9BB701F:258.181122.94ba86f3cb37e74d55370cd39afacb2fe78955b0.7 MSG:*
[TUUi.Worker] INFO 2016-12-20 10:56:03,517 PABLO-PC PID:1968 THID:6184 ID:C479DE90-DD14-4901-B736-923AE9BB701F:258.181122.94ba86f3cb37e74d55370cd39afacb2fe78955b0.7 MSG:*
[AVG.LOG.SM] ALL 2016-12-20 13:13:48,442 PABLO-PC PID:3852 THID:3856 ID:AVG.LOG.SM:0.0.0.0 MSG:c00000000001813338368bAANMcNp7sA87p1vgMSSekeh6W5+tjEfLBdV/NJ6g8xg4WQ2GToTxRDFrXkXU1kTCmlCzuzakh7pQWnDaksRpJU9k3OWo5sp6oZpJddVpexZsPkwCjT20oRQPdU9KtNdDNqyILg/HNUb3byDWk7HusjVFdd1s/mnylgV4g5Heo/GrwooKv3IXdUDoqQ4CM4yfF5nOji+Ht6iu0F6GWSP7WPhdY7zPKIbIkjaZvxcyibVk+pglag681STc5qoX17SM18YbV1nFYdc5AE/GjqqF3r59tvkIXC+MhstqoYBKZNni3ARuc5gb+JT7K1/akEjVTSkkYWc7QD2BND7O688y5Og=
[TUUi.Plg] INFO 2016-12-20 13:13:48,458 PABLO-PC PID:3852 THID:3856 ID:DCF74CF9-60CE-46E8-A861-393CF7011289:26.181122.94ba86f3cb37e74d55370cd39afacb2fe78955b0.7 MSG:aDMnXy/QL7gwKNBfubkryWa7h8qo1k1beu0IIew98QsoVUB3VgvhV5ZztkCi9nVSwOP4=
[TUUi.Worker] INFO 2016-12-20 13:14:00,626 PABLO-PC PID:3852 THID:3856 ID:ED4CE104-E242-41CC-B53F-908E6CECBDAF:86.181122.94ba86f3cb37e74d55370cd39afacb2fe78955b0.7 MSG:aA8raGb7w9fznWibO5zX3bsHsKN7LkPEnb7zEGg==
[TUUi.Worker] INFO 2016-12-20 13:14:00,735 PABLO-PC PID:3852 THID:3856 ID:C479DE90-DD14-4901-B736-923AE9BB701F:279.181122.94ba86f3cb37e74d55370cd39afacb2fe78955b0.7 MSG:aAQ5rkEN9ANpIpARVEZ/72RNRFtOrt0wn4s9q9Rsa97aGH7QBvL2w+38F8Tb1rwtW
[TUUi.Worker] INFO 2016-12-20 13:14:01,343 PABLO-PC PID:3852 THID:3856 ID:A35A52D5-2CDE-4521-A985-FD13DBDCB9C7:220.181122.94ba86f3cb37e74d55370cd39afacb2fe78955b0.7 MSG:*
[TUUi.Worker] WARN 2016-12-20 13:14:20,999 PABLO-PC PID:3852 THID:3856 ID:ED4CE104-E242-41CC-B53F-908E6CECBDAF:341.181122.94ba86f3cb37e74d55370cd39afacb2fe78955b0.7 MSG:aCyImiYxh8Vi01bKuuBAnlsz8AujlkdY5HSBxsg==
[TUUi.Worker] WARN 2016-12-20 13:14:20,999 PABLO-PC PID:3852 THID:3856 ID:ED4CE104-E242-41CC-B53F-908E6CECBDAF:352.181122.94ba86f3cb37e74d55370cd39afacb2fe78955b0.7 MSG:aD/kLy1m7+HtU3JL1daT9tZ6k73pbpBLnab+W5A==
[TUUi.Worker] WARN 2016-12-20 13:14:22,762 PABLO-PC PID:3852 THID:3856 ID:ED4CE104-E242-41CC-B53F-908E6CECBDAF:341.181122.94ba86f3cb37e74d55370cd39afacb2fe78955b0.7 MSG:aAQ5rill7DIYG4AwJWNbpyltbH4j66xpnpdA+pA==
[TUUi.Worker] WARN 2016-12-20 13:14:22,762 PABLO-PC PID:3852 THID:3856 ID:ED4CE104-E242-41CC-B53F-908E6CECBDAF:352.181122.94ba86f3cb37e74d55370cd39afacb2fe78955b0.7 MSG:aD/kLy1m7+HtU3JL1daT9tZ6k73pbpBLnab+W5A==
[TUUi.Worker] WARN 2016-12-20 13:14:22,762 PABLO-PC PID:3852 THID:3856 ID:ED4CE104-E242-41CC-B53F-908E6CECBDAF:341.181122.94ba86f3cb37e74d55370cd39afacb2fe78955b0.7 MSG:aDZrajz+UjBg+md3rJIP/LWaR65+rRO4i2438ig==
[TUUi.Worker] WARN 2016-12-20 13:14:22,762 PABLO-PC PID:3852 THID:3856 ID:ED4CE104-E242-41CC-B53F-908E6CECBDAF:352.181122.94ba86f3cb37e74d55370cd39afacb2fe78955b0.7 MSG:aCYTZ2VHWri46mGg1PhITIXoBO3oMH2wVxRUmoA==
[TUUi.Worker] INFO 2016-12-21 01:41:03,197 PABLO-PC PID:3852 THID:3856 ID:A35A52D5-2CDE-4521-A985-FD13DBDCB9C7:220.181122.94ba86f3cb37e74d55370cd39afacb2fe78955b0.7 MSG:*
[TUUi.Worker] INFO 2016-12-21 19:38:22,880 PABLO-PC PID:3852 THID:3856 ID:A35A52D5-2CDE-4521-A985-FD13DBDCB9C7:220.181122.94ba86f3cb37e74d55370cd39afacb2fe78955b0.7 MSG:*
[TUUi.Worker] INFO 2016-12-21 19:39:43,232 PABLO-PC PID:3852 THID:7164 ID:C479DE90-DD14-4901-B736-923AE9BB701F:258.181122.94ba86f3cb37e74d55370cd39afacb2fe78955b0.7 MSG:*
[AVG.LOG.SM] ALL 2016-12-23 11:08:38,410 PABLO-PC PID:4044 THID:1796 ID:AVG.LOG.SM:0.0.0.0 MSG:c00000000001801148672bAGOZ9MMwYVsqZI52jWEKguOSSfPdGi6yWd7uiSx8Yn4UJt9miHiBH3UA00C5+bEBPFoWEhiRDlzpBoS0/ntuYZ9pK439fG0xdzPXGWY05P8qVs9VHJhqHofeuOuDRMbKJd30oPqQMluSzqsFgPz1nUhDHcQ58Tnv6S623Wztr+bZjzzj+q5pgLyvhFjWzTkLG6hM3uRkM5ikD8ynKYDiYzMJV+KJN5Su8wtyUcOYZMJQrLxLWdYntg/nmNALFkILv+ndRNuDd+NANVDY5sQWSvMUJkDjh/NYru1fk76H8iqb8e7levMffVM68SlzgcZP/CEUBKwZT3VnL2IGoapMDYc=
[TUUi.Plg] INFO 2016-12-23 11:08:38,457 PABLO-PC PID:4044 THID:1796 ID:DCF74CF9-60CE-46E8-A861-393CF7011289:26.181122.94ba86f3cb37e74d55370cd39afacb2fe78955b0.7 MSG:aDZralyaP6Gg+md29ctWpezDHvZevEOlx3ozxii+tA0U6ImRiN+ODQWjPPb5KCXwxpXk=
[TUUi.Worker] INFO 2016-12-23 11:08:40,547 PABLO-PC PID:4044 THID:1796 ID:ED4CE104-E242-41CC-B53F-908E6CECBDAF:86.181122.94ba86f3cb37e74d55370cd39afacb2fe78955b0.7 MSG:aDkxXuDpjspJB6f+/88V6NVmf9dwP5PhnIqO3pQ==
[TUUi.Worker] INFO 2016-12-23 11:08:41,015 PABLO-PC PID:4044 THID:1796 ID:C479DE90-DD14-4901-B736-923AE9BB701F:279.181122.94ba86f3cb37e74d55370cd39afacb2fe78955b0.7 MSG:aCYTZ21LLxgJ03GA/IQ1XZGRdZCldQz1Vggpy8TkyvhJuUUd/z/zL8U9AgYdB3jTf
[TUUi.Worker] INFO 2016-12-23 11:08:41,951 PABLO-PC PID:4044 THID:1796 ID:A35A52D5-2CDE-4521-A985-FD13DBDCB9C7:220.181122.94ba86f3cb37e74d55370cd39afacb2fe78955b0.7 MSG:*
[TUUi.Worker] WARN 2016-12-23 11:08:55,555 PABLO-PC PID:4044 THID:1796 ID:ED4CE104-E242-41CC-B53F-908E6CECBDAF:341.181122.94ba86f3cb37e74d55370cd39afacb2fe78955b0.7 MSG:aCyImiYxh8Vi01bKuuBAnlsz8AujlkdY5HSBxsg==
[TUUi.Worker] WARN 2016-12-23 11:08:55,555 PABLO-PC PID:4044 THID:1796 ID:ED4CE104-E242-41CC-B53F-908E6CECBDAF:352.181122.94ba86f3cb37e74d55370cd39afacb2fe78955b0.7 MSG:aCyImkZV6lSi01bL47kZxwJqqVODlkdE5HSBxsg==
[TUUi.Worker] WARN 2016-12-23 11:08:55,679 PABLO-PC PID:4044 THID:1796 ID:ED4CE104-E242-41CC-B53F-908E6CECBDAF:341.181122.94ba86f3cb37e74d55370cd39afacb2fe78955b0.7 MSG:aCrCXS+RB6kn4utHCNZ1UTvUUwKcYOxvgzzQGtg==
[TUUi.Worker] WARN 2016-12-23 11:08:55,679 PABLO-PC PID:4044 THID:1796 ID:ED4CE104-E242-41CC-B53F-908E6CECBDAF:352.181122.94ba86f3cb37e74d55370cd39afacb2fe78955b0.7 MSG:aDkxXuDpjspJB6f+/88V6NVmf9dwP5PhnJaKypQ==
[TUUi.Worker] WARN 2016-12-23 11:08:55,679 PABLO-PC PID:4044 THID:1796 ID:ED4CE104-E242-41CC-B53F-908E6CECBDAF:341.181122.94ba86f3cb37e74d55370cd39afacb2fe78955b0.7 MSG:aDkxXoCN41uJB6f/ppZMsYw/Jo9QP5P9nJaKypQ==
[TUUi.Worker] WARN 2016-12-23 11:08:55,679 PABLO-PC PID:4044 THID:1796 ID:ED4CE104-E242-41CC-B53F-908E6CECBDAF:352.181122.94ba86f3cb37e74d55370cd39afacb2fe78955b0.7 MSG:aCYTZ2VHWri46mGg1PhITIXoBO3oMH2wVxRUmoA==
[TUUi.Worker] INFO 2016-12-23 11:12:35,731 PABLO-PC PID:4044 THID:4184 ID:C479DE90-DD14-4901-B736-923AE9BB701F:258.181122.94ba86f3cb37e74d55370cd39afacb2fe78955b0.7 MSG:*
[TUUi.Worker] INFO 2016-12-23 11:17:34,723 PABLO-PC PID:4044 THID:4184 ID:A35A52D5-2CDE-4521-A985-FD13DBDCB9C7:455.181122.94ba86f3cb37e74d55370cd39afacb2fe78955b0.7 MSG:*
[TUUi.Worker] INFO 2016-12-24 08:18:53,853 PABLO-PC PID:4044 THID:1796 ID:A35A52D5-2CDE-4521-A985-FD13DBDCB9C7:220.181122.94ba86f3cb37e74d55370cd39afacb2fe78955b0.7 MSG:*
[TUUi.Worker] INFO 2016-12-24 11:08:01,688 PABLO-PC PID:4044 THID:1796 ID:A35A52D5-2CDE-4521-A985-FD13DBDCB9C7:220.181122.94ba86f3cb37e74d55370cd39afacb2fe78955b0.7 MSG:*
[TUUi.Worker] INFO 2016-12-24 11:08:01,781 PABLO-PC PID:4044 THID:4784 ID:A35A52D5-2CDE-4521-A985-FD13DBDCB9C7:286.181122.94ba86f3cb37e74d55370cd39afacb2fe78955b0.7 MSG:*
[TUUi.Worker] WARN 2016-12-24 11:08:01,953 PABLO-PC PID:4044 THID:4784 ID:{8AA9694E-8F9E-479C-BDD3-21FD85F9A63A}:37.181122.94ba86f3cb37e74d55370cd39afacb2fe78955b0.7 MSG:aA8raAafrkYznWiaYsWOhOJe6fovLkPAnb73HGg==
[TUUi.Worker] WARN 2016-12-24 11:08:01,953 PABLO-PC PID:4044 THID:4784 ID:{8AA9694E-8F9E-479C-BDD3-21FD85F9A63A}:38.181122.94ba86f3cb37e74d55370cd39afacb2fe78955b0.7 MSG:aCyImiYxh8Vi01bKuuBAnlsz8ArXlkdA5GiIgsg==
[TUUi.Worker] INFO 2016-12-24 11:08:01,953 PABLO-PC PID:4044 THID:4784 ID:A35A52D5-2CDE-4521-A985-FD13DBDCB9C7:903.181122.94ba86f3cb37e74d55370cd39afacb2fe78955b0.7 MSG:*
[TUUi.Worker] INFO 2016-12-24 11:08:35,176 PABLO-PC PID:4044 THID:4784 ID:A35A52D5-2CDE-4521-A985-FD13DBDCB9C7:939.181122.94ba86f3cb37e74d55370cd39afacb2fe78955b0.7 MSG:*
[TUUi.Worker] WARN 2016-12-24 11:08:35,223 PABLO-PC PID:4044 THID:4784 ID:{8AA9694E-8F9E-479C-BDD3-21FD85F9A63A}:38.181122.94ba86f3cb37e74d55370cd39afacb2fe78955b0.7 MSG:aCYTZwUjNyl46mGhjaERFdyxXbS8MH20Vwhd3oA==
[TUUi.Worker] INFO 2016-12-24 11:08:35,316 PABLO-PC PID:4044 THID:4784 ID:A35A52D5-2CDE-4521-A985-FD13DBDCB9C7:1317.181122.94ba86f3cb37e74d55370cd39afacb2fe78955b0.7 MSG:*
[TUUi.Worker] INFO 2016-12-24 11:08:35,316 PABLO-PC PID:4044 THID:4784 ID:{C04BA6E1-74B1-4E06-BC48-332F832084D4}:32.181122.94ba86f3cb37e74d55370cd39afacb2fe78955b0.7 MSG:aBwx2NG2tC/oWryZeHlTev65vy8fkYwYR6Kb63PQx56huUdHBWt4AvrQttzwjdnlaRH2SiwEJVJhoo9v1PiKxNTQIBBce0xHscdZfP3RcwPKub87H838WBovCmNaHO4vJOxKWlGrkb6qZe+I3M24xUkJk/vpnfjjpDtTLlVouxWcJOQNdbb5iknasWD95M8On0A62r4Bid2LwxZ7L5F3owVYT4JQXkwexkxXkezlueVJCZP76Z3446Q7Uy5VNMtdndk12NG2tC7AC5XEZUTmG7+wsl5itbRwHl9DYh8Vq1p1oW8TAGYlb2q8kpCBgP3ULHTqRqTg7Zq1bltmfSzfJYj8VIQ5LnkWiT+8yV0tEhPPuOtzN4T1DWtqGwZDSKZfaal/axl6RGtrsY68yL3xtDC08r7k/bDL7f9e55E41oAZrW2VefcsD+haxKV9zI8LMq2a6tfANZQ6NsenXgT//zT4SlMBewVadrx6xIGw1aAdQbuysPiJtvVeW1p1KO8h2b08sXGq3cPobuSZeBlXG76tks7S0DGB0/5zx1eNm+MxydefeQtdXtZIruX5lEXQmNW2PogYFZ7B7j6z2UincDyxfKUxazUijWMNYKXcLk9ujYtnb42h3YfSg7NyHc4vILA6GgwuDEMjtceJ/M28m
[TUUi.Worker] INFO 2016-12-24 11:08:35,394 PABLO-PC PID:4044 THID:4784 ID:{C04BA6E1-74B1-4E06-BC48-332F832084D4}:123.181122.94ba86f3cb37e74d55370cd39afacb2fe78955b0.7 MSG:aDkxXujl+2vE=
[TUUi.Worker] INFO 2016-12-24 11:08:35,410 PABLO-PC PID:4044 THID:4784 ID:A35A52D5-2CDE-4521-A985-FD13DBDCB9C7:366.181122.94ba86f3cb37e74d55370cd39afacb2fe78955b0.7 MSG:*
[TUUi.Worker] INFO 2016-12-24 11:17:35,654 PABLO-PC PID:4044 THID:2412 ID:C479DE90-DD14-4901-B736-923AE9BB701F:258.181122.94ba86f3cb37e74d55370cd39afacb2fe78955b0.7 MSG:*
[TUUi.Worker] INFO 2016-12-24 11:17:42,948 PABLO-PC PID:4044 THID:4412 ID:FF225D7F-9B19-4C78-B4C2-A0D723C8E3A8:55.181122.94ba86f3cb37e74d55370cd39afacb2fe78955b0.7 MSG:aCIZsD+TafLyZZA3VmHEYa/a/4wnTpcRFLLt2/kS7ynRznjqKZws6pNKmBMeM5V89wxMKK99qXYMAzoMx2k9gMC2IJWGBvmji3j5PwYJuXymxt+MJ4qyIXjuocOIE2f47aYBKxWEFLLbUpgTJie0cIJY5FSfJal2aF5TBWJwbNDcxuC4kwLULh90jMbvyKiJ7pKbyWYqlz1w19ijHbNLySkusYeZVIAKV459N/JLHcxigKxcX7QUn+lzjgjudcEYMEYg/CtetcbHIJxjJ42MLWdf93jnK+b91GsFCx3Dg9VtXv0PhXh4cr/Gbbu2z9W8ZtyotOOIjPoV87rk7w15EKgatGw/yxRK/jikft9A5OXax6dkVifKkSWjsWft84+tZSIJc8Co+HqmH4HXCu/R0NbwRLhH5Bz7OF+KgBMhzRQcd1wIa/twTkN1oMYX2OTtJ7dTHKOj0pAIO/E/8YKX8cFuYT99CWRHx7bp0/LOydAi0HC0o+mMl4G/CrzrhUF4XI58SNtTkC+aoIyer1CkiWOKj2ij3q6RKFaFM+0qm6HBUgkzPdF8F8fqoYP+7tXcioFcuKP4wOt9zg7st7mhBF3TUAhry2xCSgUEvu4cmIUjE9sM67PmkWR7BRsR4retJRIJb3FEkGZbbn2nwvOljIp0QO3CKICXeQvuXKZUacBQClykfheIk5t03
[TUUi.Worker] INFO 2016-12-24 11:17:42,949 PABLO-PC PID:4044 THID:4412 ID:FF225D7F-9B19-4C78-B4C2-A0D723C8E3A8:236.181122.94ba86f3cb37e74d55370cd39afacb2fe78955b0.7 MSG:aDkxXujl+2vQ449vfsZotdwjC5apWuK0kMrv/unX7p8eJdurzWk/YwAiJHChtfjErRphZwb7YrJBcvTVlWbDwczpVFctNAc32WbHz+7PPZSoe2LLCS6GmMj/m96wgvZavinDj9BAs78kIgRQ5DFAzP0+DHNWj2KfDNul7Y0OC4zgtXhmGAxHR4FXvtKHx2381WZr1ykuhlztz/eC/JqHWzb4/+epgY+nHHpMSOQxeNjcMnkn/vNSxwzbwbDkB66VseVkFtghUkOs2ire8j6EPcSTI4Nta8f8yNP/u4X6EvsayTtvGS0Dd4jCwJQBFay0dY6Z/7b7klaxMkCdOQoikBwtiJYYZeofzTLyiuKbTHjgN6pOAdpG/bkTWwdYUhKL0tV/H1WlH1twuijcEZnoML3+naOyEy5qKVe8HQ3mI+ikJRDKjPX+imy+y5LahrS1iP8X1lHG9/GVf6rP7D7iu96td2Oh2VqL8LIxBf31VBC5ki2PXh+KBrlWkbE9gt/EECGkp2SRqroIunbf3j58LYj36qalvgJ1jX6HV6xm/srG8dMvyZXnKmyPUKyV8awxoZLZr2oTbgspOihRvb4nYJxN5F5E0RoS6NuvCvJmxKXIk66becoCCPF/pzrYauJiyqHTE6GZp/J031Dw3aGgEb2ecf5GH24aZUbUILnue1x8MeUDaJGqihS2f696RoXp9J/uAi2uSmW5f+sXWEIequatN1OhxetnmK7MdAGFnAzNznELWkoPyiU60OVZXmqxtPXo2mQ9v1bwZ67et5A==
[TUUi.Worker] INFO 2016-12-24 11:17:42,949 PABLO-PC PID:4044 THID:4412 ID:FF225D7F-9B19-4C78-B4C2-A0D723C8E3A8:101.181122.94ba86f3cb37e74d55370cd39afacb2fe78955b0.7 MSG:aBwx2NG2tC+lju0w9QgmX+P8y3rGqI0NFm9rQ3oEi579zUdHfXu9jkK8uvypfH3ESHj2tqyMnZ7dih5PXEm+Abj8VNEUZ0hzrAulkGUBc36XpKInZtzpIU5aH2MjUZNbXcFfY2BSMVJmvJrc7PjFzBhcm6L8+J2zkCNPd0QhdkyUoHjgIV8IA/Q63I0MCSMW6rmrO0bc6eVranM/b0niWtUQYwsZkw1KXuTSxOz4/dg5UO72VISt65AjKyotKNNVxfBkkOFyHQfZt0iBefDK1/tM428CmahFTnZ7BhYpd/r5IaeDqT+BmspcXhgJ3Cm0kOwOLhyMbXotyqoH8CVfUGg4iBAhNqVbuF+Q1WlVApLf6GqibigpRD+237rLgXeKMT3j8+W3nbYyJLZQGVBtMFicCnIYZNFGta9Wh8TJXijQMBBMtaaxzhnTqc1RSPpftyDXOj40mEgT2i5yf+2Huj1F648Ry9hmsiyvifU80RBc8Lpe9Gh1KiWueyv0raIEZDSkIV3C5f591xSAVfAyx7coKkrKTG3MC9sD6j+1m8slGU/DeYdlxy4RziCdOCkxRPBOfsBkkSe1wsLLdJFaoOhY5Nh9glVWnbbNVXmoik/3TG53FjhtsXfaI4dLuYdjKUlP/xGLJR82Qc581WglEVj85i/saJE2+b4+unDBBpwIJOWFUcLlzmHbHfDxiMsDy0Au7kJcJdw/2m+qy5F7qwVFq78R12mK2jBS+AlMGQworOba8D3w5rnCOn+QcRdxwODoXF1u8BKFCsyBPFw==
[TUUi.Worker] INFO 2016-12-24 15:55:12,182 PABLO-PC PID:4044 THID:1796 ID:A35A52D5-2CDE-4521-A985-FD13DBDCB9C7:220.181122.94ba86f3cb37e74d55370cd39afacb2fe78955b0.7 MSG:*
[TUUi.Worker] INFO 2016-12-24 16:11:57,017 PABLO-PC PID:4044 THID:1796 ID:A35A52D5-2CDE-4521-A985-FD13DBDCB9C7:455.181122.94ba86f3cb37e74d55370cd39afacb2fe78955b0.7 MSG:*
[TUUi.Worker] INFO 2016-12-24 22:56:41,756 PABLO-PC PID:4044 THID:1796 ID:A35A52D5-2CDE-4521-A985-FD13DBDCB9C7:220.181122.94ba86f3cb37e74d55370cd39afacb2fe78955b0.7 MSG:*
[TUUi.Worker] INFO 2016-12-24 22:56:41,756 PABLO-PC PID:4044 THID:2812 ID:A35A52D5-2CDE-4521-A985-FD13DBDCB9C7:286.181122.94ba86f3cb37e74d55370cd39afacb2fe78955b0.7 MSG:*
[TUUi.Worker] WARN 2016-12-24 22:56:42,036 PABLO-PC PID:4044 THID:2812 ID:{8AA9694E-8F9E-479C-BDD3-21FD85F9A63A}:37.181122.94ba86f3cb37e74d55370cd39afacb2fe78955b0.7 MSG:aCyImiYxh8Vi01bKuuBAnlsz8ArXlkdA5GiB3sg==
[TUUi.Worker] INFO 2016-12-24 22:56:42,036 PABLO-PC PID:4044 THID:2812 ID:A35A52D5-2CDE-4521-A985-FD13DBDCB9C7:903.181122.94ba86f3cb37e74d55370cd39afacb2fe78955b0.7 MSG:*
[TUUi.Worker] INFO 2016-12-24 22:56:55,586 PABLO-PC PID:4044 THID:2812 ID:A35A52D5-2CDE-4521-A985-FD13DBDCB9C7:939.181122.94ba86f3cb37e74d55370cd39afacb2fe78955b0.7 MSG:*
[TUUi.Worker] INFO 2016-12-24 22:56:55,664 PABLO-PC PID:4044 THID:2812 ID:A35A52D5-2CDE-4521-A985-FD13DBDCB9C7:1317.181122.94ba86f3cb37e74d55370cd39afacb2fe78955b0.7 MSG:*
[TUUi.Worker] INFO 2016-12-24 22:56:55,664 PABLO-PC PID:4044 THID:2812 ID:{C04BA6E1-74B1-4E06-BC48-332F832084D4}:32.181122.94ba86f3cb37e74d55370cd39afacb2fe78955b0.7 MSG:aAuF91dkT5ZQutYR5hI+20bNnAm4ron8aopYHIYI+mgxf7YZ2+tImpwwIYnfSIVv3Es0zNa81yOIQl6XAiL3Xgw7lD/aqbf+CScz9GO6HqJyzZwduPL5vDcHyZSvxNPZtCq7BI8roSbMhXjd8wjkT/xTUX0TJQqSTduC1oOyxo9Ez1Ai82QCM/E62+hjj6KvJzQZ/Bk+jDmm69WM2klKVZWevtyO3nyGoKzAxMMg5W/8U1F9EyUKkk3bgtaD7rbHRTKB91dkT5d46/9M+y+LugfEkXjFirGUM3eAlerNlqzlZ55N3uYV9wxcBcWuRaFemS4owF5YH+tcjoqeq/aiv1AX4Ku//IKvMd/WQcNGf7J3zMhVkLvw6UZC2PG2kJup+W+ONcf6dPMNURnp53itPoXuMDgeRUK6BB+PH0fiqxrBRtm6/yXXtlC6ri3jp+Kqitm5zHD/MHAXHgRQq9zCCaQ+uw3f+zXCEFztka51iSqoG3k0SkB7xxy+iqKj8pK7AVaInvd4JnpQjo4R5nI6ugbZseh17zRl/tawMKJVphWhDybBp4ttxrCoObDWURlaLY90uHKg5+8oDu9LD5La6uRayIq3uc6bNYNn6Du3Q+7W+ahByLKkOar6QESHxfPZsHbLRNKuPNtFVVDc0wjgE
[TUUi.Worker] INFO 2016-12-24 22:56:55,757 PABLO-PC PID:4044 THID:2812 ID:{C04BA6E1-74B1-4E06-BC48-332F832084D4}:123.181122.94ba86f3cb37e74d55370cd39afacb2fe78955b0.7 MSG:aCIZsD+TafPM=
[TUUi.Worker] INFO 2016-12-24 22:56:55,819 PABLO-PC PID:4044 THID:2812 ID:A35A52D5-2CDE-4521-A985-FD13DBDCB9C7:366.181122.94ba86f3cb37e74d55370cd39afacb2fe78955b0.7 MSG:*
[TUUi.Worker] WARN 2016-12-24 22:56:58,167 PABLO-PC PID:4044 THID:2640 ID:{8AA9694E-8F9E-479C-BDD3-21FD85F9A63A}:38.181122.94ba86f3cb37e74d55370cd39afacb2fe78955b0.7 MSG:aCYTZwUjNyl46mGhjaERFdyxXbS8MH20Vwhd3oA==
[TUUi.Worker] INFO 2016-12-25 01:28:16,124 PABLO-PC PID:4044 THID:1796 ID:A35A52D5-2CDE-4521-A985-FD13DBDCB9C7:220.181122.94ba86f3cb37e74d55370cd39afacb2fe78955b0.7 MSG:*
[TUUi.Worker] INFO 2016-12-25 08:07:22,290 PABLO-PC PID:4044 THID:1796 ID:A35A52D5-2CDE-4521-A985-FD13DBDCB9C7:455.181122.94ba86f3cb37e74d55370cd39afacb2fe78955b0.7 MSG:*
[TUUi.Worker] INFO 2016-12-25 08:13:14,675 PABLO-PC PID:4044 THID:6640 ID:C479DE90-DD14-4901-B736-923AE9BB701F:258.181122.94ba86f3cb37e74d55370cd39afacb2fe78955b0.7 MSG:*
[AVG.LOG.SM] ALL 2016-12-25 21:20:19,095 PABLO-PC PID:2064 THID:3080 ID:AVG.LOG.SM:0.0.0.0 MSG:c00000000001913411840bAJGh2J9OSfjG4JR+RfFkNz2gIy0LL1gbYHRMCSe3C/DirnG8NeY3Z0TN4tHc5VZT2AKWQ8FtozqopwZjP0xHF0cCYDWKGgxdJxaO5T84iCwD1Jozz7n0lG6hM/xJjpm98bot+87eV5d7xLjJaOrtW7i/dISPLE7x3JnYSxV2GEZn1G3Er7HUayHOQf7GIeDIsVt3c7fm6u2qu+rFed5P2mwAXg4EXG+lMmWoLdHRhpSYmj4cus961gGKWImY7biNdCf8VjzjDCHHvL7kyzeWXU1SMpND6gigkA0s7/C27YEePK5KWZCoJQ43/b2vK/VlESTPdnzkawMNrfqpwSY8B88=
[TUUi.Plg] INFO 2016-12-25 21:20:19,158 PABLO-PC PID:2064 THID:3080 ID:DCF74CF9-60CE-46E8-A861-393CF7011289:26.181122.94ba86f3cb37e74d55370cd39afacb2fe78955b0.7 MSG:aDkxXuDpjspJB6f+/88V6NVmf9dwK5a1ic/e/pW/y3NOyS7e/EHX231SSAyxIUC83U9Y=
[TUUi.Worker] INFO 2016-12-25 21:20:25,411 PABLO-PC PID:2064 THID:3080 ID:ED4CE104-E242-41CC-B53F-908E6CECBDAF:86.181122.94ba86f3cb37e74d55370cd39afacb2fe78955b0.7 MSG:aDMnXy/QL7gwKNBfubkryWa7h8qoxwlOI7hQAew==
[TUUi.Worker] INFO 2016-12-25 21:20:26,037 PABLO-PC PID:2064 THID:3080 ID:C479DE90-DD14-4901-B736-923AE9BB701F:279.181122.94ba86f3cb37e74d55370cd39afacb2fe78955b0.7 MSG:aD/kLyVqmkFcamJr/aru58ID4sCkK+EOnLqDCtSj14RE8fXSNYkSDchRDtHr50ZiT
[TUUi.Worker] INFO 2016-12-25 21:20:27,058 PABLO-PC PID:2064 THID:3080 ID:A35A52D5-2CDE-4521-A985-FD13DBDCB9C7:220.181122.94ba86f3cb37e74d55370cd39afacb2fe78955b0.7 MSG:*
[TUUi.Worker] WARN 2016-12-25 21:20:40,140 PABLO-PC PID:2064 THID:3080 ID:ED4CE104-E242-41CC-B53F-908E6CECBDAF:341.181122.94ba86f3cb37e74d55370cd39afacb2fe78955b0.7 MSG:aAQ5rill7DIYG4AwJWNbpyltbH4j66xpnpdA+pA==
[TUUi.Worker] WARN 2016-12-25 21:20:40,140 PABLO-PC PID:2064 THID:3080 ID:ED4CE104-E242-41CC-B53F-908E6CECBDAF:352.181122.94ba86f3cb37e74d55370cd39afacb2fe78955b0.7 MSG:aALNbk2xnzdr5qA0C/UfAQjj6oLt+FZSW4G3fvw==
[TUUi.Worker] WARN 2016-12-25 21:20:40,421 PABLO-PC PID:2064 THID:3080 ID:ED4CE104-E242-41CC-B53F-908E6CECBDAF:341.181122.94ba86f3cb37e74d55370cd39afacb2fe78955b0.7 MSG:aAQ5rill7DIYG4AwJWNbpyltbH4j66xpnpdA+pA==
[TUUi.Worker] WARN 2016-12-25 21:20:40,421 PABLO-PC PID:2064 THID:3080 ID:ED4CE104-E242-41CC-B53F-908E6CECBDAF:352.181122.94ba86f3cb37e74d55370cd39afacb2fe78955b0.7 MSG:aBtfKZ1g1biSHYy7MTobkfT/Ku1y3bUijsPZ3sA==
[TUUi.Worker] WARN 2016-12-25 21:20:40,421 PABLO-PC PID:2064 THID:3080 ID:ED4CE104-E242-41CC-B53F-908E6CECBDAF:341.181122.94ba86f3cb37e74d55370cd39afacb2fe78955b0.7 MSG:aCIZsFf7ccODXIAWJ0TgJeuf38USN8N4Aa6Qgtg==
[TUUi.Worker] WARN 2016-12-25 21:20:40,421 PABLO-PC PID:2064 THID:3080 ID:ED4CE104-E242-41CC-B53F-908E6CECBDAF:352.181122.94ba86f3cb37e74d55370cd39afacb2fe78955b0.7 MSG:aBwx2Nm6wY48asWhdAFbAuq5vzsfzfxYGjMOdwQ==
[TUUi.Worker] INFO 2016-12-25 21:20:41,456 PABLO-PC PID:2064 THID:3080 ID:A35A52D5-2CDE-4521-A985-FD13DBDCB9C7:220.181122.94ba86f3cb37e74d55370cd39afacb2fe78955b0.7 MSG:*
[TUUi.Worker] INFO 2016-12-25 21:28:54,114 PABLO-PC PID:2064 THID:3028 ID:C479DE90-DD14-4901-B736-923AE9BB701F:258.181122.94ba86f3cb37e74d55370cd39afacb2fe78955b0.7 MSG:*
[TUUi.Worker] INFO 2016-12-25 23:47:29,691 PABLO-PC PID:2064 THID:3080 ID:A35A52D5-2CDE-4521-A985-FD13DBDCB9C7:220.181122.94ba86f3cb37e74d55370cd39afacb2fe78955b0.7 MSG:*
[TUUi.Worker] INFO 2016-12-26 09:09:21,887 PABLO-PC PID:2064 THID:3080 ID:A35A52D5-2CDE-4521-A985-FD13DBDCB9C7:220.181122.94ba86f3cb37e74d55370cd39afacb2fe78955b0.7 MSG:*
[AVG.LOG.SM] ALL 2016-12-26 11:42:37,359 PABLO-PC PID:3568 THID:3572 ID:AVG.LOG.SM:0.0.0.0 MSG:c00000000001822185728bAGXpHYGIdzamQYsbujqbxnvfVLkfA5MW68znjtxFWWb2IkF0OZTXk8fAwSp65m4bpw17BqSHvxFq6fygZEDs5I9G6eeOtfbf/ZtSKIDnw3xi4M5iuUE+V/T553ed+awTq95Rdgi4uriaGi0h25f0PJhUeRea2v/jF9D+QEiqzB6AmVJOHtKHiQB22aWe6JntEiK67YvwoHCxOyEXMUMzVMKGp3laPOap2Un7PYiN5kWaQoXmqJlZ8ldDZC8kxQiRpTNAagOvt/muv6D4uFIZaH46OX6QHv+DMI7iK93CJiXS3h4qpD4XdmtGqOvJKcgU4/CVdewyUxM6ZIs82h4Zz5o=
[TUUi.Plg] INFO 2016-12-26 11:42:37,432 PABLO-PC PID:3568 THID:3572 ID:DCF74CF9-60CE-46E8-A861-393CF7011289:26.181122.94ba86f3cb37e74d55370cd39afacb2fe78955b0.7 MSG:aBUSke6qOF2Vnvx33mk90JWZ/UNrIDd/Btgt/s6KhraHr2Ibtixo+dfZoJCRt7mCY3xQ=
[TUUi.Worker] INFO 2016-12-26 11:42:45,189 PABLO-PC PID:3568 THID:3572 ID:ED4CE104-E242-41CC-B53F-908E6CECBDAF:86.181122.94ba86f3cb37e74d55370cd39afacb2fe78955b0.7 MSG:aCYTZ2VHWri46mGg1PhITIXoBO3oMH2wVwhQjoA==
[TUUi.Worker] INFO 2016-12-26 11:42:45,624 PABLO-PC PID:3568 THID:3572 ID:C479DE90-DD14-4901-B736-923AE9BB701F:279.181122.94ba86f3cb37e74d55370cd39afacb2fe78955b0.7 MSG:aDMnXyfcWhiBEcB/kcVW2HLC9rflgngLIrgpRKkRyBuNudlWU1PdW9tfhzCGwn1b7
[TUUi.Worker] INFO 2016-12-26 11:42:49,009 PABLO-PC PID:3568 THID:3572 ID:A35A52D5-2CDE-4521-A985-FD13DBDCB9C7:220.181122.94ba86f3cb37e74d55370cd39afacb2fe78955b0.7 MSG:*
[TUUi.Worker] WARN 2016-12-26 11:43:07,170 PABLO-PC PID:3568 THID:3572 ID:ED4CE104-E242-41CC-B53F-908E6CECBDAF:341.181122.94ba86f3cb37e74d55370cd39afacb2fe78955b0.7 MSG:aBwx2LnerB/8asWgLVgCW7Pg5mM/zfxEGjMOdwQ==
[TUUi.Worker] WARN 2016-12-26 11:43:07,170 PABLO-PC PID:3568 THID:3572 ID:ED4CE104-E242-41CC-B53F-908E6CECBDAF:352.181122.94ba86f3cb37e74d55370cd39afacb2fe78955b0.7 MSG:aDkxXuDpjspJB6f+/88V6NVmf9dwP5PhnJaKypQ==
[TUUi.Worker] WARN 2016-12-26 11:43:07,490 PABLO-PC PID:3568 THID:3572 ID:ED4CE104-E242-41CC-B53F-908E6CECBDAF:341.181122.94ba86f3cb37e74d55370cd39afacb2fe78955b0.7 MSG:aD/kL00CgnAtU3JKjI/Kr48jyuXJbpBXnab+W5A==
[TUUi.Worker] WARN 2016-12-26 11:43:07,490 PABLO-PC PID:3568 THID:3572 ID:ED4CE104-E242-41CC-B53F-908E6CECBDAF:352.181122.94ba86f3cb37e74d55370cd39afacb2fe78955b0.7 MSG:aDMnXy/QL7gwKNBfubkryWa7h8qoxwlOI6RUFew==
[TUUi.Worker] WARN 2016-12-26 11:43:07,492 PABLO-PC PID:3568 THID:3572 ID:ED4CE104-E242-41CC-B53F-908E6CECBDAF:341.181122.94ba86f3cb37e74d55370cd39afacb2fe78955b0.7 MSG:aDMnX0+0QinwKNBe4OBykD/i3pKIxwlSI6RUFew==
[TUUi.Worker] WARN 2016-12-26 11:43:07,492 PABLO-PC PID:3568 THID:3572 ID:ED4CE104-E242-41CC-B53F-908E6CECBDAF:352.181122.94ba86f3cb37e74d55370cd39afacb2fe78955b0.7 MSG:aDZralyaP6Gg+md29ctWpezDHvZerROki2438ig==
[TUUi.Worker] INFO 2016-12-26 18:13:20,568 PABLO-PC PID:3568 THID:3572 ID:A35A52D5-2CDE-4521-A985-FD13DBDCB9C7:220.181122.94ba86f3cb37e74d55370cd39afacb2fe78955b0.7 MSG:*
[TUUi.Worker] INFO 2016-12-26 18:13:21,067 PABLO-PC PID:3568 THID:5892 ID:A35A52D5-2CDE-4521-A985-FD13DBDCB9C7:286.181122.94ba86f3cb37e74d55370cd39afacb2fe78955b0.7 MSG:*
[TUUi.Worker] WARN 2016-12-26 18:13:22,019 PABLO-PC PID:3568 THID:5892 ID:{8AA9694E-8F9E-479C-BDD3-21FD85F9A63A}:37.181122.94ba86f3cb37e74d55370cd39afacb2fe78955b0.7 MSG:aA8raAafrkYznWiaYsWOhOJe6fovLkPAnb73HGg==
[TUUi.Worker] INFO 2016-12-26 18:13:22,081 PABLO-PC PID:3568 THID:5892 ID:A35A52D5-2CDE-4521-A985-FD13DBDCB9C7:903.181122.94ba86f3cb37e74d55370cd39afacb2fe78955b0.7 MSG:*
[TUUi.Worker] INFO 2016-12-26 18:13:36,400 PABLO-PC PID:3568 THID:5892 ID:A35A52D5-2CDE-4521-A985-FD13DBDCB9C7:939.181122.94ba86f3cb37e74d55370cd39afacb2fe78955b0.7 MSG:*
[TUUi.Worker] INFO 2016-12-26 18:13:37,383 PABLO-PC PID:3568 THID:5892 ID:A35A52D5-2CDE-4521-A985-FD13DBDCB9C7:1317.181122.94ba86f3cb37e74d55370cd39afacb2fe78955b0.7 MSG:*
[TUUi.Worker] INFO 2016-12-26 18:13:37,383 PABLO-PC PID:3568 THID:5892 ID:{C04BA6E1-74B1-4E06-BC48-332F832084D4}:32.181122.94ba86f3cb37e74d55370cd39afacb2fe78955b0.7 MSG:aBtfKZVsoBlGLfWDPUIT6eD/KvlygcVi01JMQrXjoVx0MHdFM84mmOxBDfXUbWwY5QGbbIOYki/onZUq5csaT0NrTuEYoVhxH7AQZrjqM5DU/yrtct21Io7f3cqcL4jt8WV6WGcOzyS89FSh+C0NOMUZ/t1GAU+eLQRJa2RbK54Ln4r8MWztvOet+Hq434+dgQavDNMRwKcfM8HS6aIRYdDRf4Bm+xKE0N3suMgFDBjFGf7dRgFPni0ESWtkB1vWCmJbKZVsoBhufNzeIH+miKH2J4gPpf0Kiq+Uy9kmzZigKF8RNsN79XwtKbmlYEgpoGSHYAt8Wuc8UUEjTB9Prh9HOnV99G0gJ0j10xgWUoDR/n6lWpS8d/+azK+Fe8CdvCBPaS/fGvF9IDWV7F1ESbykn5hLYQe2ZMBEoqALRguOFgNkPS04OUYtjb8498+YLOsPPLrQfO6uxhAOmDeZPeFxelE33lvAYC3B7aVQYF2RUdaUH2Q+y3xhQR9EG3+qTgZSQDVwyfVGGa2DPSIXiKDrBxi/wHj7Rw6kbpG+/SHkQOedT64DxMDZFczddPAtFMXbGCeEouNI0ST26Hs3+6sKElR1sSEUIxREeuDnbtxwyx6xAp3opxMiVBq0Lqjt9TkKGDqLUtk1JHyg2C0JZ
[TUUi.Worker] INFO 2016-12-26 18:13:38,038 PABLO-PC PID:3568 THID:5892 ID:{C04BA6E1-74B1-4E06-BC48-332F832084D4}:123.181122.94ba86f3cb37e74d55370cd39afacb2fe78955b0.7 MSG:aDkxXujl+2vE=
[TUUi.Worker] INFO 2016-12-26 18:13:38,085 PABLO-PC PID:3568 THID:5892 ID:A35A52D5-2CDE-4521-A985-FD13DBDCB9C7:366.181122.94ba86f3cb37e74d55370cd39afacb2fe78955b0.7 MSG:*
[TUUi.Worker] INFO 2016-12-26 18:16:03,273 PABLO-PC PID:3568 THID:3612 ID:FF225D7F-9B19-4C78-B4C2-A0D723C8E3A8:55.181122.94ba86f3cb37e74d55370cd39afacb2fe78955b0.7 MSG:aBORTM8h5sqTR/ij+EGfGAb61ydkTyhiBo2Nh3NG1NMbibksanllFXnifm1GFj9LH+UrpOAUKgpNYAZl3W7IRfq33BwnzRbX9k6Ru9xF6n0P5q4icW9tAq78sbNSB/yuCwV1CUZ9nR0tyj9NfnsDW79Q6wW0vFY6FWACOYAHweDj5owAVw07wvJjHC/QKBOUzvdbaiUrKEMO2a27a36cO6spRM3OzTGR/V6HwaKeJ4/T+VflbPRe+oTd67it2sxs5ktE7NfNf3quAvT3hCC2XIvT++JRMy1y2nh1U4f7PacPbSTFNuWthbGen8wm4rvHw/FD4WCUwkZRXevYfeJI0ZIPJIjn7eNz8wt4d8XcY5kf90vv1ROJhraYDaP7J1zGbvUggZNt1dHtNvpdl07PerMBQxH1CLq+yAmKRHBaRf1H70jIHrmXLjvHfaYUGBeJCvtL4nTf9ccTiAkb918M19eVLM3+CYlpgLaWUcoek493CUtRMGy6RrhJ55ARWihlNssgNUKhm34WW0AyKVwaDJ/rW+e1O4V+xqhdG/sXVH+a/Sw5/g3VwdCmk8nKAsIXe0FPqVBgtv74df+UbaZcaSa/UIQulZNuO9N80lmUd9CPw1un5BeZwjIYdVvrbz2jDyVUwYNh1c2B6v/N6oKnzqc9F+VQDAdrOEVXkCByWCWC+4TNR9Erfu9DTav1Lbw==
[TUUi.Worker] INFO 2016-12-26 18:16:03,274 PABLO-PC PID:3568 THID:3612 ID:FF225D7F-9B19-4C78-B4C2-A0D723C8E3A8:236.181122.94ba86f3cb37e74d55370cd39afacb2fe78955b0.7 MSG:aBtfKZVsoBkL+aQqsDNmzP26XqyruMR3gp+86rw37VwoRHdFS97jFFQtAdWNnMg5xGibkAMQKuNUtQQKbXouii9HOiBQvVxFAnzsiiA6M+2J4jfxC8ygW9qqyMrlYvWZiEhvYVb3b8hwLSH1yBh4RcxMQxjf3RaLSGEZX3gjAs9DrwIhEfBNTDoBiYNJIhfp/Ic+7XLJtXufymC72VbU2KA1f+2a0kPMiCV13Yk4QCjwXOOtH3xCIzRRQV98f1+mSgobcEHsPYwXFI2uxLYbhAVu//yHgeE/2ovAnsVe7aHAoN/BqxbLfCSppUkxtJzN1IiPBKOcmms8kdDilf5ye0eGHt2JAL1MU6zRzyxuT4ygprrYJwmVJ9+6FD8dtgEkYTx7hcseM1S4vemJKbkYsUjAnwy3mJYLoC0FYpWeokPDO2qZ6WSNbM+ljMag7g5wdWMu/JcEEQd7TnjfZUZ9+ABdGh3PWpbcwOm1IUwoqR08fe/8t2gDl9jVnDb0Aq/7zhe/eYUkdDi7+EQKpT/ftAFzO/CXCbDLBw/dz2H+cYBQTKN9wxb7uJxR2KEgJPRNYIgr9L8oxvPYLex2mdbO+6OPzl3t2Sggt6hplpir4vAM9q7ghwxxL3e2CO81/n3ICOTuFcPi+7zA+YixJbz0UTEQJ7y70Kb/1JWsSoHSsgfXg94pnWhEFL+4RB6kS5I4YSq+yIdMIANrCvxfHb5tsGE4e827GobQwPXZ/Um41NFUyfvA45ymk2UAbHop1v/T0896bUkhLVAHqJCOlTI+gbyg=
[TUUi.Worker] INFO 2016-12-26 18:16:03,274 PABLO-PC PID:3568 THID:3612 ID:FF225D7F-9B19-4C78-B4C2-A0D723C8E3A8:101.181122.94ba86f3cb37e74d55370cd39afacb2fe78955b0.7 MSG:aCrCXUf5H5l+BsPX0IZRVWvIfhtlBZ0mj2C1Lqa1SDzRKZe+hdhTaHMLjKnSs4BXgyvZBgCja+58sDbXMqOMfiuSp1SCKOPFd4OLd0CPBHQfkBdGxXH5CtdVwQ7/4FD5cSWPmpjx37RXC6yJlzcwK4sPAY7cbleGYGQrgif6oDtHep9Vw2XyzE/+7n4plyBwavUeWrx07CqSNWl/w9RxuFlYnxZU1POwrwP4odYXCEa3H6E7HM8DLhxUc4Ijpv1STt+GBJN5ggxi6+pTpAMsHZMc30tJPLhu13TJWt/cSME5zT86ZRB7AAOPKDVum9Sjk8vNkqAv22YUlOI/yifQj0NTg6lblQLMJlO2MkzbeBU21Jpv6bTMdtJFHfsHNKREmFGbfgUYgyifm2T1dpZQ3w+D3Zq0K9cGiCg3v8pHALfH7vftO/Ey7Lpa6zvAWznp4xEOS1m5SFZ2sXEbf8TYmPkw+uYBXCag5884XRMH4XN7Pq1qtNtCmvDQruur2w0PysIiDVexy7jOByP3xYroLZcBG0dZtOmaCvDUC3t81OCpIUOGDRBLxLt3Vd1/C7wjJ8tpYrybh/7wKN6rxg9sD6daUyk/TJegwlcOa/ge1WmahI5XSbEofnpJASsvfNio8YkO7g3kS8Dn3wXNepO8P3ZTZSq4Y+fy/JCel94LEPPTVkNdT/37lMpHI+PE/qWh91ief0nxeVJm9fWbBzzI0JhVmzZ1HDas59NUgRaXnL8TirlW4C/nnk0FXqd2D10n1xrnGZu0ktByV/dz9YcJGCrQ=
[TUUi.Worker] INFO 2016-12-26 18:18:36,013 PABLO-PC PID:3568 THID:3572 ID:A35A52D5-2CDE-4521-A985-FD13DBDCB9C7:455.181122.94ba86f3cb37e74d55370cd39afacb2fe78955b0.7 MSG:*
[TUUi.Worker] INFO 2016-12-26 18:27:19,548 PABLO-PC PID:3568 THID:6924 ID:C479DE90-DD14-4901-B736-923AE9BB701F:258.181122.94ba86f3cb37e74d55370cd39afacb2fe78955b0.7 MSG:*
[AVG.LOG.SM] ALL 2016-12-27 02:45:48,352 PABLO-PC PID:2964 THID:1272 ID:AVG.LOG.SM:0.0.0.0 MSG:c00000000001847810304bAG7pu0Eg1KclBCgr6zxRSmhdpbFqeYT7eXKTSKKFW3VpoCTUdg18vUkNt9wFSVR3Sh3vhN9/mOGZ0HkHuB5sFVrj7Q6FnRX8xyCCKdFFOuPOut2oFaOLjcp7hlQaICbtgflZntp5/3udiYqzdkMOuW0VhZfZ1+pgfKQOeVqEqZZF9YHjOnDD3/Atz9gSigVbeHznJIgFPo5Tke0OvWwCRcx6e8AK/eSU8CpqnP5W/TQQ1qN9MiLNXrlKjWf8P6FLG9nf5fTY0z1Rpg0RedbtL+G8wF9GNj1J/wfYuwXPAboRTD62cdoTAwItCa6f6rFzHmkmN6OrI28OPAmGwsgxyOo=
[TUUi.Plg] INFO 2016-12-27 02:45:48,367 PABLO-PC PID:2964 THID:1272 ID:DCF74CF9-60CE-46E8-A861-393CF7011289:26.181122.94ba86f3cb37e74d55370cd39afacb2fe78955b0.7 MSG:aDMnXy/QL7gwKNBfubkryWa7h8qo1lFWJ7BIAew98QsoVUB3VgvhV5ZztkCi9nVSwOP4=
[TUUi.Worker] INFO 2016-12-27 02:45:49,627 PABLO-PC PID:2964 THID:1272 ID:ED4CE104-E242-41CC-B53F-908E6CECBDAF:86.181122.94ba86f3cb37e74d55370cd39afacb2fe78955b0.7 MSG:aBwx2Nm6wY48asWhdAFbAuq5vzsfzfxYGi8KYwQ==
[TUUi.Worker] INFO 2016-12-27 02:45:50,134 PABLO-PC PID:2964 THID:1272 ID:C479DE90-DD14-4901-B736-923AE9BB701F:279.181122.94ba86f3cb37e74d55370cd39afacb2fe78955b0.7 MSG:aCyImk5Zn/QT6kbry8Vk1hYT2C7O0zYB5Wj8l481+BmuI9zCAGPgXUh/0IqOt57z6
[TUUi.Worker] INFO 2016-12-27 02:45:51,007 PABLO-PC PID:2964 THID:1272 ID:A35A52D5-2CDE-4521-A985-FD13DBDCB9C7:220.181122.94ba86f3cb37e74d55370cd39afacb2fe78955b0.7 MSG:*
[TUUi.Worker] INFO 2016-12-27 02:50:20,255 PABLO-PC PID:2964 THID:3844 ID:C479DE90-DD14-4901-B736-923AE9BB701F:258.181122.94ba86f3cb37e74d55370cd39afacb2fe78955b0.7 MSG:*
[TUUi.Worker] INFO 2016-12-28 03:30:59,572 PABLO-PC PID:2964 THID:3580 ID:C479DE90-DD14-4901-B736-923AE9BB701F:258.181122.94ba86f3cb37e74d55370cd39afacb2fe78955b0.7 MSG:*
[TUUi.Worker] INFO 2016-12-28 03:31:18,176 PABLO-PC PID:2964 THID:1272 ID:A35A52D5-2CDE-4521-A985-FD13DBDCB9C7:220.181122.94ba86f3cb37e74d55370cd39afacb2fe78955b0.7 MSG:*
[AVG.LOG.SM] ALL 2016-12-28 20:01:26,225 PABLO-PC PID:4856 THID:5104 ID:AVG.LOG.SM:0.0.0.0 MSG:c00000000001870092544bAM+MTdZJbt7blFQPnbWAoKw9/T6I2cpn4nWFTfvC1XTFobpbNscN5vvbwW8hSkWV2bOpco4111XKMuBSQ9Kr4tin2kmYEP64yych7RsY62bN48J7fJzMRDuDBni6FpZI9n2GlKRWoDEH/LdTuiqF1whG5qbpygXLRHn4o/gw2gLIN80eH/JomvKC2uQfoM/nc3foKTBi1svXOsWbkwZSRx+evPYXd8U+U6aujLRHR0TzpmhZfq7dXR4P6UEEtF90A+E/kgwqUpOzhNXdJT2fhARCvEf2Cz/UsvgFhwKQVzdpgPIMupymjur5HIfRfuvExBDAuyX9VKoCyNIfltqoqUs=
[TUUi.Plg] INFO 2016-12-28 20:01:26,237 PABLO-PC PID:4856 THID:5104 ID:DCF74CF9-60CE-46E8-A861-393CF7011289:26.181122.94ba86f3cb37e74d55370cd39afacb2fe78955b0.7 MSG:aALNbk2xnzdr5qA0C/UfAQjj6oLt6Q8GV5TrSv1zLDfR9KIKQn/O7QSNhvNXNpH3rHQc=
[TUUi.Worker] INFO 2016-12-28 20:01:27,177 PABLO-PC PID:4856 THID:5104 ID:ED4CE104-E242-41CC-B53F-908E6CECBDAF:86.181122.94ba86f3cb37e74d55370cd39afacb2fe78955b0.7 MSG:aBwx2Nm6wY48asWhdAFbAuq5vzsfzfxYGi8KYwQ==
[TUUi.Worker] INFO 2016-12-28 20:01:27,680 PABLO-PC PID:4856 THID:5104 ID:C479DE90-DD14-4901-B736-923AE9BB701F:279.181122.94ba86f3cb37e74d55370cd39afacb2fe78955b0.7 MSG:aCyImk5Zn/QT6kbry8Vk1hYT2C7O0zYB5Wj8l481+BmuI9zCAGPgXUh/0IqOt57z6
[TUUi.Worker] INFO 2016-12-28 20:01:28,607 PABLO-PC PID:4856 THID:5104 ID:A35A52D5-2CDE-4521-A985-FD13DBDCB9C7:220.181122.94ba86f3cb37e74d55370cd39afacb2fe78955b0.7 MSG:*
[TUUi.Worker] INFO 2016-12-28 20:06:03,035 PABLO-PC PID:4856 THID:3020 ID:C479DE90-DD14-4901-B736-923AE9BB701F:258.181122.94ba86f3cb37e74d55370cd39afacb2fe78955b0.7 MSG:*
[AVG.LOG.SM] ALL 2016-12-29 06:00:23,036 PABLO-PC PID:2360 THID:2364 ID:AVG.LOG.SM:0.0.0.0 MSG:c00000000001863407872bAMQTHQ6zQLjw47CzzfwAmehV9KOK8pFg4fIF9aNqHDFPVR+0iSUqVjM9b8LYIAHP+wrU3MMlyU06fU0MVTtdowQA0ZhQfSMfhWC7q94khkrXyso+bQyIASdu0g3YJhj2I2nTl2PNS4+5HZjrAxaIIVhG5d9vzpJBJvTjYkv59pnajCFD6SpCaQFz3W7xiIAmHRA5aw5FcAWsWhoCPyp7LZNUxLdNjhf5zZPxDfksUuig+b+F7ElKJzfkOR9T+IAG6wTAxt+qa0+C1Mu/c5lmZ+BYEEjAPzwHwCrpE/nVy1pDgX/2H1oXZF8BkHhN+oRSbGVcIAdbOpZqaIN30XqzI1U=
[TUUi.Plg] INFO 2016-12-29 06:00:23,051 PABLO-PC PID:2360 THID:2364 ID:DCF74CF9-60CE-46E8-A861-393CF7011289:26.181122.94ba86f3cb37e74d55370cd39afacb2fe78955b0.7 MSG:aCyImkZV6lSi01bL47kZxwJqqVODgkYc+HSd8soZwQkLz0XjBTvcUQVT4fqqg5b6x0T4=
[TUUi.Worker] INFO 2016-12-29 06:00:26,109 PABLO-PC PID:2360 THID:2364 ID:ED4CE104-E242-41CC-B53F-908E6CECBDAF:86.181122.94ba86f3cb37e74d55370cd39afacb2fe78955b0.7 MSG:aBORTMctk2oifuiD0D3iBRvmrjZxNnwXE430ylA==
[TUUi.Worker] INFO 2016-12-29 06:00:27,154 PABLO-PC PID:2360 THID:2364 ID:C479DE90-DD14-4901-B736-923AE9BB701F:279.181122.94ba86f3cb37e74d55370cd39afacb2fe78955b0.7 MSG:aA8raG73tndCpHi7E+CqzK9+wd42azKBnL6KVS6sDcnYDBqIb2k+uOSLhkjXm1SXq
[TUUi.Worker] INFO 2016-12-29 06:00:27,435 PABLO-PC PID:2360 THID:2364 ID:A35A52D5-2CDE-4521-A985-FD13DBDCB9C7:220.181122.94ba86f3cb37e74d55370cd39afacb2fe78955b0.7 MSG:*
[AVG.LOG.SM] ALL 2016-12-29 07:20:50,495 PABLO-PC PID:3008 THID:3012 ID:AVG.LOG.SM:0.0.0.0 MSG:c00000000001900435712bAH0D3i+WO5gaAKAZB7HNqMF/PFcUN9G2600LGT0RNKDVXh2C+NHAQELNWDdx0LPEQtQWR/gciHQCEUFwcO6Jve1iyyXP2wYLhiqPBBFKsy0DLZx68+XGF80Z48haoYr99NY0AaSYfSXWuNfB66lCfjNLnW6rbHpZE+G1QhBUJ7QgV7afc7QFHj527fslzkybvt8l8L0WsaA81C4JZa7FXgbDTzZ/o3s1A/JRkF2Oui7iOe781BlIazopH5QRhc+AwdEVKporIFVJqFp/XAvtkfzWcEytAbJ6VZnx6XnB8ap23K2f8ECmCkWARgLFgO8zrPtDFZMBe5WyxX3GL30JEps=
[TUUi.Plg] INFO 2016-12-29 07:20:50,511 PABLO-PC PID:3008 THID:3012 ID:DCF74CF9-60CE-46E8-A861-393CF7011289:26.181122.94ba86f3cb37e74d55370cd39afacb2fe78955b0.7 MSG:aD/kLy1m7+HtU3JL1daT9tZ6k73pf8kHnPL+T5GP7pThHWzzMNEuAYV9P6HP005rY3SA=
[TUUi.Worker] INFO 2016-12-29 07:20:54,395 PABLO-PC PID:3008 THID:3012 ID:ED4CE104-E242-41CC-B53F-908E6CECBDAF:86.181122.94ba86f3cb37e74d55370cd39afacb2fe78955b0.7 MSG:aAuF919oOjeEiq8p6mo2o1LNnB248vm8NwfJlPA==
[TUUi.Worker] INFO 2016-12-29 07:20:54,801 PABLO-PC PID:3008 THID:3012 ID:C479DE90-DD14-4901-B736-923AE9BB701F:279.181122.94ba86f3cb37e74d55370cd39afacb2fe78955b0.7 MSG:aA8raG73tndCpHi7E+CqzK9+wd42azKBnL6KVS6sDcnYDBqIb2k+uOSLhkjXm1SXq
[TUUi.Worker] INFO 2016-12-29 07:20:55,425 PABLO-PC PID:3008 THID:3012 ID:A35A52D5-2CDE-4521-A985-FD13DBDCB9C7:220.181122.94ba86f3cb37e74d55370cd39afacb2fe78955b0.7 MSG:*
[AVG.LOG.SM] ALL 2011-01-03 10:17:17,124 PABLO-PC PID:3484 THID:3376 ID:AVG.LOG.SM:0.0.0.0 MSG:c00000000001878677760bALooROKDCbNo+OmKYBRHcvd6pE81XTItGwTyZVane3k93fz0+8oApvAP0C1dFTcP3QQl7jQHY3sA0Xe2mR/J5VYCt2LqCU0peQW2cYGZnl3l2njVq9tbYGAtmzTxoc5zMw8RLkhozp09MUpZMJcsOoSG1otgFnugJQK5x9y3xiZU+MegICMI96KnF26/gHEfDnw+9Ua3qkTZzECXop5NzQj0rHXeDDIyb1Z3KQS7QRqhGMTbbYXSCxmQesYq6vQBKW4EBzIeDvi6jMHmFy3hq6UKeV/zjg2Vx/kxeej7AzZZ6RN38y1yUgGH3jKIk+A216Y0nVDn7SFvDOsK7yv6fcw=
[TUUi.Plg] INFO 2011-01-03 10:17:17,124 PABLO-PC PID:3484 THID:3376 ID:DCF74CF9-60CE-46E8-A861-393CF7011289:26.181122.94ba86f3cb37e74d55370cd39afacb2fe78955b0.7 MSG:aBUSke6qOF2Vnvx33mk90JWZ/UNrIC4bKs1t3s6KhraHr2Ibtixo+dfZoJCRt7mCY3xQ=
[TUUi.Worker] INFO 2011-01-03 10:17:17,389 PABLO-PC PID:3484 THID:3376 ID:ED4CE104-E242-41CC-B53F-908E6CECBDAF:86.181122.94ba86f3cb37e74d55370cd39afacb2fe78955b0.7 MSG:aAQ5rkkBgaPYG4AxfDoC/nA0NSYD66x1notE7pA==
[TUUi.Worker] INFO 2011-01-03 10:17:17,810 PABLO-PC PID:3484 THID:3376 ID:C479DE90-DD14-4901-B736-923AE9BB701F:279.181122.94ba86f3cb37e74d55370cd39afacb2fe78955b0.7 MSG:aALNbkW96pfa37AUI4liEByam/+gvScXWp3KL7hfFSd0GDsrRyfy4Umht4NzApn+g
[TUUi.Worker] INFO 2011-01-03 10:17:18,247 PABLO-PC PID:3484 THID:3376 ID:A35A52D5-2CDE-4521-A985-FD13DBDCB9C7:220.181122.94ba86f3cb37e74d55370cd39afacb2fe78955b0.7 MSG:*
[TUUi.Worker] INFO 2017-01-02 01:08:03,281 PABLO-PC PID:3484 THID:1028 ID:C479DE90-DD14-4901-B736-923AE9BB701F:258.181122.94ba86f3cb37e74d55370cd39afacb2fe78955b0.7 MSG:*
[TUUi.Worker] INFO 2017-01-02 16:50:14,021 PABLO-PC PID:3484 THID:3376 ID:A35A52D5-2CDE-4521-A985-FD13DBDCB9C7:220.181122.94ba86f3cb37e74d55370cd39afacb2fe78955b0.7 MSG:*
[TUUi.Worker] INFO 2017-01-02 16:50:14,058 PABLO-PC PID:3484 THID:3552 ID:A35A52D5-2CDE-4521-A985-FD13DBDCB9C7:286.181122.94ba86f3cb37e74d55370cd39afacb2fe78955b0.7 MSG:*
[TUUi.Worker] WARN 2017-01-02 16:50:14,177 PABLO-PC PID:3484 THID:3552 ID:{8AA9694E-8F9E-479C-BDD3-21FD85F9A63A}:37.181122.94ba86f3cb37e74d55370cd39afacb2fe78955b0.7 MSG:aA8raAafrkYznWiaYsWOhOJe6fovLkPAnb73HGg==
[TUUi.Worker] INFO 2017-01-02 16:50:14,181 PABLO-PC PID:3484 THID:3552 ID:A35A52D5-2CDE-4521-A985-FD13DBDCB9C7:903.181122.94ba86f3cb37e74d55370cd39afacb2fe78955b0.7 MSG:*
[TUUi.Worker] INFO 2017-01-02 16:50:20,097 PABLO-PC PID:3484 THID:3552 ID:A35A52D5-2CDE-4521-A985-FD13DBDCB9C7:939.181122.94ba86f3cb37e74d55370cd39afacb2fe78955b0.7 MSG:*
[TUUi.Worker] INFO 2017-01-02 16:50:20,222 PABLO-PC PID:3484 THID:3552 ID:A35A52D5-2CDE-4521-A985-FD13DBDCB9C7:1317.181122.94ba86f3cb37e74d55370cd39afacb2fe78955b0.7 MSG:*
[TUUi.Worker] INFO 2017-01-02 16:50:20,222 PABLO-PC PID:3484 THID:3552 ID:{C04BA6E1-74B1-4E06-BC48-332F832084D4}:32.181122.94ba86f3cb37e74d55370cd39afacb2fe78955b0.7 MSG:aAuF91dkT5ZQutYR5hI+20bNnAm4ron8aopYHIYI+mgxf7YZ2+tImpwwIYnfSIVv3Es0zNa81yOIQl6XAiL3Xgw7lD/aqbf+CScz9GO6HqJyzZwduPL5vDcHyZSvxNPZtCq7BI8roSbMhXjd8wjkT/xTUX0TJQqSTduC1oOyxo9Ez1Ai82QCM/E62+hjj6KvJzQZ/Bk+jDmm69WM2klKVZWevtyO3nyGoKzAxMMg5W/8U1F9EyUKkk3bgtaD7rbHRTKB91dkT5d46/9M+y+LugfEkXjFirGUM3eAlerNlqzlZ55N3uYV9wxcBcWuRaFemS4owF5YH+tcjoqeq/aiv1AX4Ku//IKvMd/WQcNGf7J3zMhVkLvw6UZC2PG2kJup+W+ONcf6dPMNURnp53itPoXuMDgeRUK6BB+PH0fiqxrBRtm6/yXXtlC6ri3jp+Kqitm5zHD/MHAXHgRQq9zCCaQ+uw3f+zXCEFztka51iSqoG3k0SkB7xxy+iqKj8pK7AVaInvd4JnpQjo4R5nI6ugbZseh17zRl/tawMKJVphWhDybBp4ttxrCoObDWURlaLY90uHKg5+8oDu9LD5La6uRayIq3uc6bNYNn6Du3Q+7W+ahByLKkOar6QESHxfPZsHbLRNKuPNtFVVDc0wjgE
[TUUi.Worker] INFO 2017-01-02 16:50:20,328 PABLO-PC PID:3484 THID:3552 ID:{C04BA6E1-74B1-4E06-BC48-332F832084D4}:123.181122.94ba86f3cb37e74d55370cd39afacb2fe78955b0.7 MSG:aDZralSWSgAs=
[TUUi.Worker] INFO 2017-01-02 16:50:20,335 PABLO-PC PID:3484 THID:3552 ID:A35A52D5-2CDE-4521-A985-FD13DBDCB9C7:366.181122.94ba86f3cb37e74d55370cd39afacb2fe78955b0.7 MSG:*
[TUUi.Worker] INFO 2017-01-02 17:13:21,164 PABLO-PC PID:3484 THID:3376 ID:A35A52D5-2CDE-4521-A985-FD13DBDCB9C7:455.181122.94ba86f3cb37e74d55370cd39afacb2fe78955b0.7 MSG:*
[TUUi.Worker] INFO 2017-01-02 17:15:35,772 PABLO-PC PID:3484 THID:3376 ID:A35A52D5-2CDE-4521-A985-FD13DBDCB9C7:220.181122.94ba86f3cb37e74d55370cd39afacb2fe78955b0.7 MSG:*
[TUUi.Worker] INFO 2017-01-02 17:15:37,940 PABLO-PC PID:3484 THID:3376 ID:A35A52D5-2CDE-4521-A985-FD13DBDCB9C7:220.181122.94ba86f3cb37e74d55370cd39afacb2fe78955b0.7 MSG:*
[TUUi.Worker] INFO 2017-01-03 01:22:01,711 PABLO-PC PID:3484 THID:3368 ID:C479DE90-DD14-4901-B736-923AE9BB701F:258.181122.94ba86f3cb37e74d55370cd39afacb2fe78955b0.7 MSG:*
[TUUi.Worker] INFO 2017-01-03 17:18:30,802 PABLO-PC PID:3484 THID:3376 ID:A35A52D5-2CDE-4521-A985-FD13DBDCB9C7:220.181122.94ba86f3cb37e74d55370cd39afacb2fe78955b0.7 MSG:*
[TUUi.Worker] INFO 2017-01-04 03:02:01,857 PABLO-PC PID:3484 THID:476 ID:C479DE90-DD14-4901-B736-923AE9BB701F:258.181122.94ba86f3cb37e74d55370cd39afacb2fe78955b0.7 MSG:*
[AVG.LOG.SM] ALL 2017-01-04 09:31:27,223 PABLO-PC PID:3052 THID:3048 ID:AVG.LOG.SM:0.0.0.0 MSG:c00000000001878153472bALYZwwS3WDS1wcloOCkkXonpUhZfiBFCrQUWega85P9/Sx+zPUSt0+tQs9TFYJK1q9kGziYMoe9RRqk90/IHSRZUMUYVkm+uwJ1xy9Akflm5ulVcU3hrcehUtVcg25gxkvjeDVW3a8cDbevJoN4p+cEVvdz0zrVi0MjE5oEyy0wPiBzh11rC/nngujwSaq+HUSkFSi+d25lVLalkVfUkzCWu1R7nVmMkPqROfzF/o3NhvgEWHaBkLqQyT6QKKprHXid6wU/TS6APtqfXIB+3Rx5J1ESD/81hW6we5PwNzcXijvXjF8ZCVUllYPHZOUX9xMrYaEcDPXQw28GvFZK3gD4=
[TUUi.Plg] INFO 2017-01-04 09:31:27,238 PABLO-PC PID:3052 THID:3048 ID:DCF74CF9-60CE-46E8-A861-393CF7011289:26.181122.94ba86f3cb37e74d55370cd39afacb2fe78955b0.7 MSG:aCYTZ2VHWri46mGg1PhITIXoBO3oKHm1Gy0AroHI8+jsVdw8+mfPI4gRM3Y5M3DaUcyM=
[TUUi.Worker] INFO 2017-01-04 09:31:27,769 PABLO-PC PID:3052 THID:3048 ID:ED4CE104-E242-41CC-B53F-908E6CECBDAF:86.181122.94ba86f3cb37e74d55370cd39afacb2fe78955b0.7 MSG:aDkxXuDpjspJB6f+/88V6NVmf9dwP5PhnIqO3pQ==
[TUUi.Worker] INFO 2017-01-04 09:31:28,658 PABLO-PC PID:3052 THID:3048 ID:C479DE90-DD14-4901-B736-923AE9BB701F:279.181122.94ba86f3cb37e74d55370cd39afacb2fe78955b0.7 MSG:aDMnXyfcWhiBEcB/kcVW2HLC9rflgngLIrgpRKkRyBuNudlWU1PdW9tfhzCGwn1b7
[TUUi.Worker] INFO 2017-01-04 09:31:29,516 PABLO-PC PID:3052 THID:3048 ID:A35A52D5-2CDE-4521-A985-FD13DBDCB9C7:220.181122.94ba86f3cb37e74d55370cd39afacb2fe78955b0.7 MSG:*
[TUUi.Worker] INFO 2017-01-04 09:35:28,898 PABLO-PC PID:3052 THID:3848 ID:A35A52D5-2CDE-4521-A985-FD13DBDCB9C7:455.181122.94ba86f3cb37e74d55370cd39afacb2fe78955b0.7 MSG:*
[AVG.LOG.SM] ALL 2017-01-04 10:15:47,264 PABLO-PC PID:5044 THID:3128 ID:AVG.LOG.SM:0.0.0.0 MSG:c00000000001933531392bAAgSsxvaDaHf4WOonYJz72fym/XSSG+tJxrak+tbLTy5BHq/NfHgvjI3Ng6uCxFzraV12GHj8lO8ub3vJQuovVfXbVVm2b501gwu+r/7ic5+uFOKudh1N25FH7Ok3Bnodeaw68htpCL++cPQQLioahD/WngbfqpCaFEsvsBrnITG6IoZiXyGBE9DBlnE7KtaXt/0SBgKA8kXIAsRnkPVz8pan8mzzto3nUOPTMh1i7kECiRu7yEWLe6M8cjuAzjVhMXsLiRfdxlcyNJIxms6nbAxFllvm65LYhp8DpVzEDFVVeHpm+1OSdfzcdGXx4+t/xwH+0laalpNmx2na1OH/cI=
[TUUi.Plg] INFO 2017-01-04 10:15:47,281 PABLO-PC PID:5044 THID:3128 ID:DCF74CF9-60CE-46E8-A861-393CF7011289:26.181122.94ba86f3cb37e74d55370cd39afacb2fe78955b0.7 MSG:aDMnXy/QL7gwKNBfubkryWa7h8qo3wFHcuBcAew98QsoVUB3VgvhV5ZztkCi9nVSwOP4=
[TUUi.Worker] INFO 2017-01-04 10:15:47,496 PABLO-PC PID:5044 THID:3128 ID:ED4CE104-E242-41CC-B53F-908E6CECBDAF:86.181122.94ba86f3cb37e74d55370cd39afacb2fe78955b0.7 MSG:aBUSke6qOF2Vnvx33mk90JWZ/UNrMXtfCtV53sw==
[TUUi.Worker] INFO 2017-01-04 10:15:49,094 PABLO-PC PID:5044 THID:3128 ID:C479DE90-DD14-4901-B736-923AE9BB701F:279.181122.94ba86f3cb37e74d55370cd39afacb2fe78955b0.7 MSG:aCrCXUf5H5hW2/tmefNRGXb0eyfxJZ02giCtS5/xVMAkKfvqsaiH3ENX0aXmEzAm3
[TUUi.Worker] INFO 2017-01-04 10:15:50,021 PABLO-PC PID:5044 THID:3128 ID:A35A52D5-2CDE-4521-A985-FD13DBDCB9C7:220.181122.94ba86f3cb37e74d55370cd39afacb2fe78955b0.7 MSG:*
[AVG.LOG.SM] ALL 2017-01-04 12:15:38,121 PABLO-PC PID:2392 THID:188 ID:AVG.LOG.SM:0.0.0.0 MSG:c00000000001948342528bAKektmn3s1eW9rmmFKRDeouhkhFV3cdxVi2L8BElcZg5qxVv7qdNLq8E9oDLdUsJqW6Of0C9YKR0GGG8MQX2tJp2RZCIx32101HvRuHa/ttLuaqDFYB1K/n10kdv4STikswB2ZquYgQ3Rfl/NqGNz7A1fOHQD+zwdMeUebqnDjOxv4FVv4ZqTHJh/GVv+HSiKKlNuy9eu1I4J7SF/a8jVY+2T6Y0LPo9GkmfETJxJT1dwsCGZOPUArU5Q1JYcS/N97YEc2es5RO+5YaZBbFG+jXjDLTqFLaxJj8kfyCopYdZ8624Mr/3J4bVYzDfCYg77cXbnxLIQL+I9DMqUdJaSSQ=
[TUUi.Plg] INFO 2017-01-04 12:15:38,137 PABLO-PC PID:2392 THID:188 ID:DCF74CF9-60CE-46E8-A861-393CF7011289:26.181122.94ba86f3cb37e74d55370cd39afacb2fe78955b0.7 MSG:aD/kLy1m7+HtU3JL1daT9tZ6k73pfp0Tib7eT5GP7pThHWzzMNEuAYV9P6HP005rY3SA=
[TUUi.Worker] INFO 2017-01-04 12:15:38,527 PABLO-PC PID:2392 THID:188 ID:ED4CE104-E242-41CC-B53F-908E6CECBDAF:86.181122.94ba86f3cb37e74d55370cd39afacb2fe78955b0.7 MSG:aCyImkZV6lSi01bL47kZxwJqqVODlkdE5GiF0sg==
[TUUi.Worker] INFO 2017-01-04 12:15:39,291 PABLO-PC PID:2392 THID:188 ID:C479DE90-DD14-4901-B736-923AE9BB701F:279.181122.94ba86f3cb37e74d55370cd39afacb2fe78955b0.7 MSG:aDMnXyfcWhiBEcB/kcVW2HLC9rflgngLIrgpRKkRyBuNudlWU1PdW9tfhzCGwn1b7
[TUUi.Worker] INFO 2017-01-04 12:15:41,147 PABLO-PC PID:2392 THID:188 ID:A35A52D5-2CDE-4521-A985-FD13DBDCB9C7:220.181122.94ba86f3cb37e74d55370cd39afacb2fe78955b0.7 MSG:*
[TUUi.Worker] INFO 2017-01-04 12:20:30,564 PABLO-PC PID:2392 THID:3952 ID:C479DE90-DD14-4901-B736-923AE9BB701F:258.181122.94ba86f3cb37e74d55370cd39afacb2fe78955b0.7 MSG:*
[AVG.LOG.SM] ALL 2017-01-05 02:22:39,334 PABLO-PC PID:2988 THID:2992 ID:AVG.LOG.SM:0.0.0.0 MSG:c00000000001954306304bANXlrFrfJ3qEwmMgHr8O+nW1HYDRCWgp55q3ve5nbH8FRH8aDIy6DQbfrAEGuaKNPptVhS50IvjJAovzqge/S8hFjyRXAPvLxGEUBIJCEUk6m72VaLS1/7p1IO/IIckdSghp9zRfObGkB/e+qJvxNE+3s8IxzTok5ug/Lrpn9cRxLjv+xucDOpAwbrRZ8/aMOSf//i1sqA5H4FI+/gv0HsONDmRTEVEt+tRZUSogftdrKI0DWlQXHjKaXmHnvJAvxN4wMlpP7VTIIyV1f37T+STpt7mWXQE5Oca/p4Ar9+J14JT2MlTEoSPp722GxO9WRR2FvBm/C1PcJuiZ5olViPc=
[TUUi.Plg] INFO 2017-01-05 02:22:39,366 PABLO-PC PID:2988 THID:2992 ID:DCF74CF9-60CE-46E8-A861-393CF7011289:26.181122.94ba86f3cb37e74d55370cd39afacb2fe78955b0.7 MSG:aBtfKZ1g1biSHYy7MTobkfT/Ku1yzPBmmv/d6sBfyLB4qIIwevYLrCldbamdCHBBtD2g=
[TUUi.Worker] INFO 2017-01-05 02:22:41,050 PABLO-PC PID:2988 THID:2992 ID:ED4CE104-E242-41CC-B53F-908E6CECBDAF:86.181122.94ba86f3cb37e74d55370cd39afacb2fe78955b0.7 MSG:aBtfKZ1g1biSHYy7MTobkfT/Ku1y3bUijt/dysA==
[TUUi.Worker] INFO 2017-01-05 02:22:42,361 PABLO-PC PID:2988 THID:2992 ID:C479DE90-DD14-4901-B736-923AE9BB701F:279.181122.94ba86f3cb37e74d55370cd39afacb2fe78955b0.7 MSG:aBUSkeamTf0kp+xX9hVAwYHgjD4mdAoaC9UAm4umv6YiQ/s6s3RU9Zr1keC1g7GLT
[TUUi.Worker] INFO 2017-01-05 02:22:43,094 PABLO-PC PID:2988 THID:2992 ID:A35A52D5-2CDE-4521-A985-FD13DBDCB9C7:220.181122.94ba86f3cb37e74d55370cd39afacb2fe78955b0.7 MSG:*
[TUUi.Worker] INFO 2017-01-05 02:32:18,666 PABLO-PC PID:2988 THID:3980 ID:A35A52D5-2CDE-4521-A985-FD13DBDCB9C7:455.181122.94ba86f3cb37e74d55370cd39afacb2fe78955b0.7 MSG:*
[AVG.LOG.SM] ALL 2017-01-06 04:36:54,292 PABLO-PC PID:2700 THID:2692 ID:AVG.LOG.SM:0.0.0.0 MSG:c00000000001855412480bAAxQQOSnOhOO21W+Tiq/KhDmXFLDxYVzaIHLeTAvakI/ksAy45JOZpK08HwaxSNJykNIUjgh8vj4n356PPTWGk1vl8Lz42NkN4BXzRSETowuNXkpf6kVtDVAwixwisSLk4MWArUH3qxZ1QaNGkUfQtdpOwXtdlZSsj9hnJRKh9DdNdC5y9p9uH/nocnpP4Y00fL7E/y14PmZeFAo3qBsZia78jZgnq/Bq9IBh3JTXJDve4GMF8TUa3UH1JWLiCA/5Rn/u1EE+hlZcywlw9MpOmjb/Nl3uMwS150c8i05g4I6nZ0h4Lyi0JPSXrKwzD0pbFOYcTv+hWjtMwIWt9lZU8s=
[TUUi.Plg] INFO 2017-01-06 04:36:54,308 PABLO-PC PID:2700 THID:2692 ID:DCF74CF9-60CE-46E8-A861-393CF7011289:26.181122.94ba86f3cb37e74d55370cd39afacb2fe78955b0.7 MSG:aBtfKZ1g1biSHYy7MTobkfT/Ku1yzbk/3v/N6sBfyLB4qIIwevYLrCldbamdCHBBtD2g=
[TUUi.Worker] INFO 2017-01-06 04:36:54,870 PABLO-PC PID:2700 THID:2692 ID:ED4CE104-E242-41CC-B53F-908E6CECBDAF:86.181122.94ba86f3cb37e74d55370cd39afacb2fe78955b0.7 MSG:aA8raGb7w9fznWibO5zX3bsHsKN7LkPEnb7zEGg==
[TUUi.Worker] INFO 2017-01-06 04:36:55,384 PABLO-PC PID:2700 THID:2692 ID:C479DE90-DD14-4901-B736-923AE9BB701F:279.181122.94ba86f3cb37e74d55370cd39afacb2fe78955b0.7 MSG:aA8raG73tndCpHi7E+CqzK9+wd42azKBnL6KVS6sDcnYDBqIb2k+uOSLhkjXm1SXq
[TUUi.Worker] INFO 2017-01-06 04:36:55,962 PABLO-PC PID:2700 THID:2692 ID:A35A52D5-2CDE-4521-A985-FD13DBDCB9C7:220.181122.94ba86f3cb37e74d55370cd39afacb2fe78955b0.7 MSG:*
[TUUi.Worker] INFO 2017-01-06 04:41:42,696 PABLO-PC PID:2700 THID:3472 ID:C479DE90-DD14-4901-B736-923AE9BB701F:258.181122.94ba86f3cb37e74d55370cd39afacb2fe78955b0.7 MSG:*
[AVG.LOG.SM] ALL 2017-01-06 11:28:04,782 PABLO-PC PID:776 THID:3948 ID:AVG.LOG.SM:0.0.0.0 MSG:c00000000001767921920bAIf8J9rOL0cz69yY5ri0Mq/hp0YqVDX0uYSCvFU1sZSoUjSKmKQyBEQDBTQevYU13h9ZC5zcLeHEtuNPqJsMF0P2xGkhDlvWMlZx6t+LphsUQYUk3gQ8YKfkD16EpV+Du3pwqDUzgSrx+sMdyAv/FG86QHuOgBYmsrI+M94bh3qpOV3mdLsQ6kGqnNOSuCkXhnkHPs6hDCnC83I1vJGXYpizCwDjeFKpDm1MCHnH6WsZoZ2zfQcUGS60f+cUFbN6mL50x8wycmfD8rWWZgzAz6oCsJuNxwmcprVFvItjZv1c9ILfX/V4R9SCBmeVIRah7NNPnTQitKQGpdlXREspD/A=
[TUUi.Plg] INFO 2017-01-06 11:28:04,922 PABLO-PC PID:776 THID:3948 ID:DCF74CF9-60CE-46E8-A861-393CF7011289:26.181122.94ba86f3cb37e74d55370cd39afacb2fe78955b0.7 MSG:aDkxXuDpjspJB6f+/88V6NVmf9dwLsfFkcaK/pW/y3NOyS7e/EHX231SSAyxIUC83U9Y=
[TUUi.Worker] INFO 2017-01-06 11:28:05,515 PABLO-PC PID:776 THID:3948 ID:ED4CE104-E242-41CC-B53F-908E6CECBDAF:86.181122.94ba86f3cb37e74d55370cd39afacb2fe78955b0.7 MSG:aCrCXU/1ajjn4utGUY8sCGKNClq8YOxzgyDUDtg==
[TUUi.Worker] INFO 2017-01-06 11:28:06,326 PABLO-PC PID:776 THID:3948 ID:C479DE90-DD14-4901-B736-923AE9BB701F:279.181122.94ba86f3cb37e74d55370cd39afacb2fe78955b0.7 MSG:aALNbkW96pfa37AUI4liEByam/+gvScXWp3KL7hfFSd0GDsrRyfy4Umht4NzApn+g
[TUUi.Worker] INFO 2017-01-06 11:28:07,309 PABLO-PC PID:776 THID:3948 ID:A35A52D5-2CDE-4521-A985-FD13DBDCB9C7:220.181122.94ba86f3cb37e74d55370cd39afacb2fe78955b0.7 MSG:*
[AVG.LOG.SM] ALL 2017-01-06 11:46:43,430 PABLO-PC PID:1920 THID:1924 ID:AVG.LOG.SM:0.0.0.0 MSG:c00000000001775851776bADJq45ZeZTK6o1ikvQrtFrWEl4ylT7A7+aNM3j/B55sEdCdOaMz2rQ+2ANdagsQUMcerxffRE0ICgCHUv6OjM1F5jLN03v9m9OhdvQqXW7cXPhpq2W81l/rndtgIPLyPutE4KKiFVVBJbpUog1UT0KIHKHTJ8I+AnVK2LZw6HV+R7rBVDlYxIbTziJl50CgbrYQAgg6W7Ld84/rPw+++c8O6vLXqCbXNyAesPT8cO8pFcPIbGSGxvNI9MJ5Ke252Xmk4AaCdgasTRkqYqJUonUBEQ92p8NTa5j1OD8ngRjinOO4luEjGPhce7Bg0NRH3XOcanNUkKrTbnQl+yspFpls=
[TUUi.Plg] INFO 2017-01-06 11:46:43,445 PABLO-PC PID:1920 THID:1924 ID:DCF74CF9-60CE-46E8-A861-393CF7011289:26.181122.94ba86f3cb37e74d55370cd39afacb2fe78955b0.7 MSG:aCyImkZV6lSi01bL47kZxwJqqVODhwtVtEyJ0soZwQkLz0XjBTvcUQVT4fqqg5b6x0T4=
[TUUi.Worker] INFO 2017-01-06 11:46:45,661 PABLO-PC PID:1920 THID:1924 ID:ED4CE104-E242-41CC-B53F-908E6CECBDAF:86.181122.94ba86f3cb37e74d55370cd39afacb2fe78955b0.7 MSG:aD/kLy1m7+HtU3JL1daT9tZ6k73pbpBLnbr6T5A==
[TUUi.Worker] WARN 2017-01-06 11:46:52,762 PABLO-PC PID:1920 THID:1924 ID:C479DE90-DD14-4901-B736-923AE9BB701F:514.181122.94ba86f3cb37e74d55370cd39afacb2fe78955b0.7 MSG:aCrCXUf5H5h6t59nLPZ5cXOBc3PpGJUW+i3FS/fceN1Q=
[TUUi.Worker] INFO 2017-01-06 11:46:52,996 PABLO-PC PID:1920 THID:1924 ID:C479DE90-DD14-4901-B736-923AE9BB701F:279.181122.94ba86f3cb37e74d55370cd39afacb2fe78955b0.7 MSG:aAuF91dkT5c1s78JwhZLska07WD1t4j5Ngew0baYqpSYC9pNl4tZohQAcKWyGZE/o
[TUUi.Worker] WARN 2017-01-06 11:46:53,168 PABLO-PC PID:1920 THID:1924 ID:C479DE90-DD14-4901-B736-923AE9BB701F:514.181122.94ba86f3cb37e74d55370cd39afacb2fe78955b0.7 MSG:aDkxXujl+2rUUtPfgrZAkcRqBtYNIsbo6fffirDCmmvSDPg==
[TUUi.Worker] WARN 2017-01-06 11:46:53,184 PABLO-PC PID:1920 THID:1924 ID:C479DE90-DD14-4901-B736-923AE9BB701F:514.181122.94ba86f3cb37e74d55370cd39afacb2fe78955b0.7 MSG:aBORTM8h5sq/K5yirUS3fArq128AUyF2AviJm1pLpLM74YEM=
[TUUi.Worker] WARN 2017-01-06 11:46:53,184 PABLO-PC PID:1920 THID:1924 ID:C479DE90-DD14-4901-B736-923AE9BB701F:514.181122.94ba86f3cb37e74d55370cd39afacb2fe78955b0.7 MSG:aALNbkW96pf2s9QVdoxKeBnvk/eonS9DDuT2E+xXFWdNIDt2X
[TUUi.Worker] INFO 2017-01-06 11:46:53,184 PABLO-PC PID:1920 THID:1924 ID:A35A52D5-2CDE-4521-A985-FD13DBDCB9C7:220.181122.94ba86f3cb37e74d55370cd39afacb2fe78955b0.7 MSG:*
[AVG.LOG.SM] ALL 2017-01-06 12:11:09,194 PABLO-PC PID:1964 THID:3320 ID:AVG.LOG.SM:0.0.0.0 MSG:c00000000001833588992bAKZA/TN/j6KHeYg9fUeqf4oiJ5eHrNeWJASp9HIYfuuUnK1VOY04qxdTyM6P5fD5ew+hRPe6epPjK62fVJ4ORf9cfnImqADrBE3yalsSFrk3dzCrjDmGVYxeoR+nTAFBEujZg4Ue8y22vZb99fCUoNl9YzoZCl78WkraGHhpBve0wpZ6zVJz9CO4w+8W4kKAPgY/1SS2Fp3QGUbyBKP1ftbsq8RJuj4alUjXgXtbkdnCxlxlcS3PajTt4i4S3Smzpo3JYE0x+CTlb5fijPfWVRttx2e5M+CNGTviY7GSHPFEHmIc83ljZVg1QIVKDMM6/Mmtszu0pfHS10TMbyG2PCg=
[TUUi.Plg] INFO 2017-01-06 12:11:09,207 PABLO-PC PID:1964 THID:3320 ID:DCF74CF9-60CE-46E8-A861-393CF7011289:26.181122.94ba86f3cb37e74d55370cd39afacb2fe78955b0.7 MSG:aDMnXy/QL7gwKNBfubkryWa7h8qoykQCA6kEAew98QsoVUB3VgvhV5ZztkCi9nVSwOP4=
[TUUi.Worker] INFO 2017-01-06 12:11:09,663 PABLO-PC PID:1964 THID:3320 ID:ED4CE104-E242-41CC-B53F-908E6CECBDAF:86.181122.94ba86f3cb37e74d55370cd39afacb2fe78955b0.7 MSG:aBwx2Nm6wY48asWhdAFbAuq5vzsfzfxYGi8KYwQ==
[TUUi.Worker] WARN 2017-01-06 12:11:15,274 PABLO-PC PID:1964 THID:3320 ID:C479DE90-DD14-4901-B736-923AE9BB701F:514.181122.94ba86f3cb37e74d55370cd39afacb2fe78955b0.7 MSG:aBtfKZVsoBgPSPiaTENO6OXzU8QnpcxH99LMj+1e3b2o=
[TUUi.Worker] INFO 2017-01-06 12:11:15,319 PABLO-PC PID:1964 THID:3320 ID:C479DE90-DD14-4901-B736-923AE9BB701F:279.181122.94ba86f3cb37e74d55370cd39afacb2fe78955b0.7 MSG:aCrCXUf5H5hW2/tmefNRGXb0eyfxJZ02giCtS5/xVMAkKfvqsaiH3ENX0aXmEzAm3
[TUUi.Worker] WARN 2017-01-06 12:11:15,362 PABLO-PC PID:1964 THID:3320 ID:C479DE90-DD14-4901-B736-923AE9BB701F:514.181122.94ba86f3cb37e74d55370cd39afacb2fe78955b0.7 MSG:aBwx2NG2tC6hP7GACXgOe/u1xjpi0KlRb1JbNyMR/2ox5GQ==
[TUUi.Worker] WARN 2017-01-06 12:11:15,367 PABLO-PC PID:1964 THID:3320 ID:C479DE90-DD14-4901-B736-923AE9BB701F:514.181122.94ba86f3cb37e74d55370cd39afacb2fe78955b0.7 MSG:aALNbkW96pf2s9QVdoxKeBnvk9ucnQszSujOO/V6YXsZdH58=
[TUUi.Worker] WARN 2017-01-06 12:11:15,369 PABLO-PC PID:1964 THID:3320 ID:C479DE90-DD14-4901-B736-923AE9BB701F:514.181122.94ba86f3cb37e74d55370cd39afacb2fe78955b0.7 MSG:aALNbkW96pf2s9QVdoxKeBnvk/eonS9DDuT2E+xXFWdNIDt2X
[TUUi.Worker] INFO 2017-01-06 12:11:15,369 PABLO-PC PID:1964 THID:3320 ID:A35A52D5-2CDE-4521-A985-FD13DBDCB9C7:220.181122.94ba86f3cb37e74d55370cd39afacb2fe78955b0.7 MSG:*
[AVG.LOG.SM] ALL 2017-01-06 16:16:37,910 PABLO-PC PID:2044 THID:668 ID:AVG.LOG.SM:0.0.0.0 MSG:c00000000001763924224bALwJiszSyrmUiSAcuEOtAGa9Yz/ykGVK0+3QnsUJDvQLyjg3w/lgSe8xcjgvXIrK67qEgc8s/DnNPAQ6IbaIiu+yX0XP9kbcaoIgNC8Kani+D/Sz5Q02B+clFIkyxOE2Aby0QyLuwMHq1p1wMV7nzvquDZDj8pQuqltV/N4XCXXcdQgE+9zRsfi9y6iYEnhkRA3cz87j4CsaawluLj2qDdpBotdeJperEdGSbkm3PThxOXp8GcSzmUqUsjiH3deOJ3VEIAw/32zHTs5ptPnJEcAywc/aCUENjh1efpGyQz5JPds5roU/0Xm6gA+f9Ln58nnvSAv6cynWM581B4rv8vo=
[TUUi.Plg] INFO 2017-01-06 16:16:37,935 PABLO-PC PID:2044 THID:668 ID:DCF74CF9-60CE-46E8-A861-393CF7011289:26.181122.94ba86f3cb37e74d55370cd39afacb2fe78955b0.7 MSG:aBORTMctk2oifuiD0D3iBRvmrjZxJlwbA4HoylJC6f/zYV14FxV5aTjOf1F2Tktn0wTs=
[TUUi.Worker] INFO 2017-01-06 16:16:50,502 PABLO-PC PID:2044 THID:668 ID:ED4CE104-E242-41CC-B53F-908E6CECBDAF:86.181122.94ba86f3cb37e74d55370cd39afacb2fe78955b0.7 MSG:aALNbk2xnzdr5qA0C/UfAQjj6oLt+FZSW52zavw==
[TUUi.Worker] WARN 2017-01-06 16:16:51,976 PABLO-PC PID:2044 THID:668 ID:C479DE90-DD14-4901-B736-923AE9BB701F:514.181122.94ba86f3cb37e74d55370cd39afacb2fe78955b0.7 MSG:aALNbkW96pf2s9QVdoxKeBnvk6u4gC83IpCiL9ByOToA=
[TUUi.Worker] INFO 2017-01-06 16:16:52,153 PABLO-PC PID:2044 THID:668 ID:C479DE90-DD14-4901-B736-923AE9BB701F:279.181122.94ba86f3cb37e74d55370cd39afacb2fe78955b0.7 MSG:aCyImk5Zn/QT6kbry8Vk1hYT2C7O0zYB5Wj8l481+BmuI9zCAGPgXUh/0IqOt57z6
[TUUi.Worker] WARN 2017-01-06 16:16:52,229 PABLO-PC PID:2044 THID:668 ID:C479DE90-DD14-4901-B736-923AE9BB701F:514.181122.94ba86f3cb37e74d55370cd39afacb2fe78955b0.7 MSG:aDkxXujl+2rUUtPfgrZAkcRqBtYNIsbo6fffirDCmmvSDPg==
[TUUi.Worker] WARN 2017-01-06 16:16:52,256 PABLO-PC PID:2044 THID:668 ID:C479DE90-DD14-4901-B736-923AE9BB701F:514.181122.94ba86f3cb37e74d55370cd39afacb2fe78955b0.7 MSG:aCyImk5Zn/Q/hiLqnsBMvhNm0Ary8xol9R34g8IQjEXDT5mU=
[TUUi.Worker] WARN 2017-01-06 16:16:52,286 PABLO-PC PID:2044 THID:668 ID:C479DE90-DD14-4901-B736-923AE9BB701F:514.181122.94ba86f3cb37e74d55370cd39afacb2fe78955b0.7 MSG:aCIZsD+TafLeCfQ2A2TsBaPK/+h3Urp1VMvR78ky61Wl8gXCS
[TUUi.Worker] INFO 2017-01-06 16:16:52,286 PABLO-PC PID:2044 THID:668 ID:A35A52D5-2CDE-4521-A985-FD13DBDCB9C7:220.181122.94ba86f3cb37e74d55370cd39afacb2fe78955b0.7 MSG:*
[AVG.LOG.SM] ALL 2017-01-06 22:09:38,686 PABLO-PC PID:1384 THID:492 ID:AVG.LOG.SM:0.0.0.0 MSG:c00000000001619351808bABSN79F84aNbkyq9ZgmcwY60lflZqxV2oKNtj6UUqr8JY3gBxM7tTtHKlh7jWQB/HTTY7qLhaRGdmrrtE1C61wI5oK1cL3hDFQpw/umbRZewKeKviSZePXhQ00BetsvzkW+e30M1X0k26qx9Hy40BqW3TuGvoCQ6GX/JHHbMStydE//8HoSIXVJmjZvnYNPRNzFjjko0u2zgi60k5OCpsNthN5TPyfqVqlL28orM8ik/aPlUbY84TRgOk6WVpy4Eff3cyVcF9PrOLlCuRugFd0NBC34L4x8DgkPfIvbNPh0C6ljq6SFdm+6E6ARxGD1vADdM1cjqaD4bU2bSNpZkny4=
[TUUi.Plg] INFO 2017-01-06 22:09:38,696 PABLO-PC PID:1384 THID:492 ID:DCF74CF9-60CE-46E8-A861-393CF7011289:26.181122.94ba86f3cb37e74d55370cd39afacb2fe78955b0.7 MSG:aCYTZ2VHWri46mGg1PhITIXoBO3oITj5ElBQroHI8+jsVdw8+mfPI4gRM3Y5M3DaUcyM=
[TUUi.Worker] INFO 2017-01-06 22:09:41,379 PABLO-PC PID:1384 THID:492 ID:ED4CE104-E242-41CC-B53F-908E6CECBDAF:86.181122.94ba86f3cb37e74d55370cd39afacb2fe78955b0.7 MSG:aA8raGb7w9fznWibO5zX3bsHsKN7LkPEnb7zEGg==
[TUUi.Worker] INFO 2017-01-06 22:09:42,875 PABLO-PC PID:1384 THID:492 ID:C479DE90-DD14-4901-B736-923AE9BB701F:279.181122.94ba86f3cb37e74d55370cd39afacb2fe78955b0.7 MSG:aDZralSWSgERw3dW3bcrtPi6b4sT6GLhinJKo22SjR2xBBCwjYeyAUiPDYbdHC356
[TUUi.Worker] INFO 2017-01-06 22:09:43,539 PABLO-PC PID:1384 THID:492 ID:A35A52D5-2CDE-4521-A985-FD13DBDCB9C7:220.181122.94ba86f3cb37e74d55370cd39afacb2fe78955b0.7 MSG:*
[TUUi.Worker] INFO 2017-01-07 21:23:24,582 PABLO-PC PID:1384 THID:5220 ID:C479DE90-DD14-4901-B736-923AE9BB701F:258.181122.94ba86f3cb37e74d55370cd39afacb2fe78955b0.7 MSG:*
[TUUi.Worker] INFO 2017-01-07 21:25:42,657 PABLO-PC PID:1384 THID:2912 ID:FF225D7F-9B19-4C78-B4C2-A0D723C8E3A8:55.181122.94ba86f3cb37e74d55370cd39afacb2fe78955b0.7 MSG:aBtfKZVsoBgjJJybGUZmjOnjU/xnpOFXm9+kh+Fb9ZyQQGZkB5oX0GhxbJWlJFxtzUDruCNRe4YxXVh+2R4O11t3Zgws+TBJWjn1k0kuG5Hg/3P8Z2DEZ/eD6J+QWn1NrCgfpTuCL4ggaWyVnTB9YbgUQ8QTCXuGVQAxd3wHX4dHB6YhOf0dxM40qG69OzpgZRt+8CaExEfC6kQfRb4VdFAoh8HTYstIwDXt0QHIkO0wCGtEz/C2t4gV3W7NlqZLKwOCKEzgfGVfYdQLBMf6RKlu+ujnWCzbJ0a5z3m65ZxszC4dxx7HuJChWKVRtNg0yOCa2NeYPmo4iS1u+eKOsnP3zlXldAA0U2BAUqy7ikX9DkNIWyzcx5smTA+B1hkoqKkP4acKw3wg0fCw1dRk/eT8KvjXgNbPsPxMCsH+MlsLhh6NnXy55FfAQFLIt44V0Qa7sFt0aMv7erRT6YoVRIDA20lTIicMFNFV7NmE3MzM7C+BQ/QmR0zxYJ51+ooHM+oS4TFYuWAvzKReLMMyNNUKX2hbKNxD6yb0bpWK4SScxNt1Ey57IFSB7f39iJyt4OxzFIuI358w4ZyyjYbKO3f3wr2VZPFAx7wdmhDDikSpbvNpVyjQ6x9SSE652hlI6MBv0cMOx6jApd1puYh4Gdy59thb+CbP6EGVT2VOxgdXW9dhcbUgMRw==
[TUUi.Worker] INFO 2017-01-07 21:25:42,672 PABLO-PC PID:1384 THID:2912 ID:FF225D7F-9B19-4C78-B4C2-A0D723C8E3A8:236.181122.94ba86f3cb37e74d55370cd39afacb2fe78955b0.7 MSG:aAuF91dkT5Ydboe4a2NL/luI6Fxhl4jpO0eotI/ctmhtC7YZo/uNFiRcLamGuSFO/SI0MFY0b+80as+3ipPDm2AX4P6StbPKFOvPGPtqHt8v0IEBwePsxWNy3JTWia6tzQeuPb7SAcoAXA2Jwz2ZRq0GWSQGQG/CecOej5L7C9ZMS8zPp43zukzatgWSYk63Us2IHeHj7AFGQrDImpHfrEXWklXHEz3SOARFkcM9oVKMCixwrjxfmnnD+tL78q7PHRvQv2eg5r5hVyIIz5+6onM8Dfns763lRmKFoTYRCkgt725VX3fVMtzEpc1CeT2qYYakbIa8g2O08ifHF+sfXuTXvLtDqZOjAPazXbP6A16zGMGMaPdsOa7+YA3LwTZM3QdSsfarwU7QNPVZ9w1t1ilfXIR3IJsLPC+XW+frKyrMLuRPD9Q6N3ynv1wno6siwxmV7NFX0E1e4txtPgHOICGzltTXV6Fa1PBFKV8Y6baVlnCYxwCbE9SKHy6GjxM2cMecPt8MQj/Fd7v8J6PPLsdJueQpr9AV6u68McZdpnwt3769A/9VcjCAcSn6ROXmLadYiMJ5D2ckAuMjqhunMsibpFLTYO4bxfPD8MOvK1p7aL3ozXfQSV5mrG2GYNp82b+iuQPDFX5srDF5QlXB6m3GdIie7Mcb3dqfM1Y3X06Ip+BPAzxKJ43TK4B6axdawxjBjGF23ElSzlgZOkD2LCHT1r23Z8Ve0CSlXXLBheqJckjdGyAXaySKR5NfyreGhJvA4xbgrvZcouZU=
[TUUi.Worker] INFO 2017-01-07 21:25:42,672 PABLO-PC PID:1384 THID:2912 ID:FF225D7F-9B19-4C78-B4C2-A0D723C8E3A8:101.181122.94ba86f3cb37e74d55370cd39afacb2fe78955b0.7 MSG:aAuF91dkT5Ydboe4a2NL/luI6Fxhl4jpO0eotI/ctmhtC7YZo/uNFiRcLamGuSFO/SI0MFY0b+80as+3ipPDm2AX4P6StbPKFOvPGPtqHt8v0IEBwePsxWNy3JTWia6tzQeuPb7SAcoAXA2Jwz2ZRq0GWSQGQG/CecOej5L7C9ZMS8zPp43zukzatgWSYk63Us2IHeHj7AFGQrDImpHfrEXWklXHEz3SOARFkcM9oVKMCixwrjxfmnnD+tL78q7PHRvQv2eg5r5hVyIIz5+6onM8Dfns763lRmKFoTYRCkgt725VX3fVMtzEpc1CeT2qYYakbIa8g2O08ifHF+sfXuTXvLtDqZOjAPazXbP6A16zGMGMaPdsOa7+YA3LwTZM3QdSsfarwU7QNPVZ9w1t1ilfXIR3IJsLPC+XW+frKyrMLuRPD9Q6N3ynv1wno6siwxmV7NFX0E1e4txtPgHOICGzltTXV6Fa1PBFKV8Y6baVlnCYxwCbE9SKHy6GjxM2cMecPt8MQj/Fd7v8J6PPLsdJueQpr9AV6u68McZdpnwt3769A/9VcjCAcSn6ROXmLadYiMJ5D2ckAuMjqhunMsibpFLTYO4bxfPD8MOvK1p7aL3ozXfQSV5mrG2GYNp82b+iuQPDFX5srDF5QlXB6m3GdIie7Mcb3dqfM1Y3X06Ip+BPAzxKJ43TK4B6axdawxjBjGF23ElSzlgZOkD2LCHT1r23Z8Ve0CSlXXLBheqJckjdGyAXaySKR5NfyreGhJvA4xbgrvZcouZU=
[AVG.LOG.SM] ALL 2017-01-09 00:39:27,219 PABLO-PC PID:2364 THID:2368 ID:AVG.LOG.SM:0.0.0.0 MSG:c00000000001737644288bAFdYf9t8P5FcvA2Wfc3Y0Lk4kEzMnH0jJ+P2DLIkP63frmcikfFi465XSBXK8vERF/Wfsjns6aFmURNsB0sDQ+XG1Wm9uJurvLkJvhPh5UbYJnXWN5UpsJaE8JvT5hk2pLMtJIqS1FYSANXc+Xa+6UhHtJu4kIOHydplHz1GVB5TWECo71cSkbeDX1YAq2Ydx39auXmIvjXtwP1t3Pe3UpHaKY74tYUX3AmZAiMnbNEA0QYhFWhhTUAmZQg6LVkg45iD7OOqpXG8LLWUTXMT8AylNH/HL1pZPoNI7Xd1xLGDPe7/nUFQ/5p9hnMuLeqyySpnn57olopItO/xHcauGzA=
[TUUi.Plg] INFO 2017-01-09 00:39:27,242 PABLO-PC PID:2364 THID:2368 ID:DCF74CF9-60CE-46E8-A861-393CF7011289:26.181122.94ba86f3cb37e74d55370cd39afacb2fe78955b0.7 MSG:aBtfKZ1g1biSHYy7MTobkfT/Ku1yzaxmlv6RysBfyLB4qIIwevYLrCldbamdCHBBtD2g=
[TUUi.Worker] INFO 2017-01-09 00:39:30,174 PABLO-PC PID:2364 THID:2368 ID:ED4CE104-E242-41CC-B53F-908E6CECBDAF:86.181122.94ba86f3cb37e74d55370cd39afacb2fe78955b0.7 MSG:aDMnXy/QL7gwKNBfubkryWa7h8qoxwlOI7hQAew==
[TUUi.Worker] INFO 2017-01-09 00:39:31,924 PABLO-PC PID:2364 THID:2368 ID:C479DE90-DD14-4901-B736-923AE9BB701F:279.181122.94ba86f3cb37e74d55370cd39afacb2fe78955b0.7 MSG:aDkxXujl+2r4Prfe17No+cEfDqo9euKknYr3m9CT8mPrJbf/+Rnr1zB+eXyVFUi18
[TUUi.Worker] INFO 2017-01-09 00:39:32,587 PABLO-PC PID:2364 THID:2368 ID:A35A52D5-2CDE-4521-A985-FD13DBDCB9C7:220.181122.94ba86f3cb37e74d55370cd39afacb2fe78955b0.7 MSG:*
[TUUi.Worker] INFO 2017-01-09 00:43:44,764 PABLO-PC PID:2364 THID:1280 ID:C479DE90-DD14-4901-B736-923AE9BB701F:258.181122.94ba86f3cb37e74d55370cd39afacb2fe78955b0.7 MSG:*
[AVG.LOG.SM] ALL 2017-01-09 18:11:40,206 PABLO-PC PID:1580 THID:2172 ID:AVG.LOG.SM:0.0.0.0 MSG:c00000000001743018240bAHyt01k7ozEC6HHE28d6lR+QhgQi+cyBZ9V4WpMGLdKZ/qtG6cwMg9hn9dqiB1eEQK+mdWgT5ai8IxiHiyJGheXRgbInzH2OqsLXri9MhejLBbKNjdKnCo2gTTmluT62zmtdx0VFi0QU8KZXq3KF20o0ps7nXNF/PYobAbNJJoDwnAAxItYLk451Rol6dISMJG9XbkcsmZa8GLhmWQRJvTFbjEDmePW2C8O5lBsud1HqZ0iC+Lf+a8OYbzoOwZx76QMJSteYUichJIkwOdlVeX2BFk7M/MCJXT5fpkMi7xx3uCv7ArnnjgaBeBsl/f4FFAP1pFQXut/+/QZzgk0kPvA=
[TUUi.Plg] INFO 2017-01-09 18:11:40,237 PABLO-PC PID:1580 THID:2172 ID:DCF74CF9-60CE-46E8-A861-393CF7011289:26.181122.94ba86f3cb37e74d55370cd39afacb2fe78955b0.7 MSG:aBwx2Nm6wY48asWhdAFbAuq5vzsf3KkVX38eYwZsrnKtIbIyTFNVNj/M1oC56MW8OC3M=
[TUUi.Worker] INFO 2017-01-09 18:11:43,527 PABLO-PC PID:1580 THID:2172 ID:ED4CE104-E242-41CC-B53F-908E6CECBDAF:86.181122.94ba86f3cb37e74d55370cd39afacb2fe78955b0.7 MSG:aBUSke6qOF2Vnvx33mk90JWZ/UNrMXtfCtV53sw==
[TUUi.Worker] INFO 2017-01-09 18:11:45,994 PABLO-PC PID:1580 THID:2172 ID:C479DE90-DD14-4901-B736-923AE9BB701F:279.181122.94ba86f3cb37e74d55370cd39afacb2fe78955b0.7 MSG:aCIZsD+TafLyZZA3VmHEbaa/9+B/crIhALLt05066xWcygWfUagMmp9KqF8CK7FZo
[TUUi.Worker] INFO 2017-01-09 18:11:46,542 PABLO-PC PID:1580 THID:2172 ID:A35A52D5-2CDE-4521-A985-FD13DBDCB9C7:220.181122.94ba86f3cb37e74d55370cd39afacb2fe78955b0.7 MSG:*
[TUUi.Worker] INFO 2017-01-09 22:38:37,146 PABLO-PC PID:1580 THID:2172 ID:A35A52D5-2CDE-4521-A985-FD13DBDCB9C7:220.181122.94ba86f3cb37e74d55370cd39afacb2fe78955b0.7 MSG:*
[AVG.LOG.SM] ALL 2011-01-01 08:58:25,191 PABLO-PC PID:2352 THID:2404 ID:AVG.LOG.SM:0.0.0.0 MSG:c00000000001751472384bALdjWbg/maMaHGWdXv/e36B2lckw63bemaU41tfKT235w5aeCy4LoEAfJgFJYjY+u3uamYRXzvWnRN2kgm6WQ0r98afuc5OVs4aH6qH28uxwFK49ylygYIAz3B0DMR8RbNBNcv/R9I6Q3eqvRXowHLxTKnMZOQxx5bGGCBtiuyuWU9N8crfURuz7ntsgXVCWMvSwQ1JfxySgymhKHR8iLEKpeLYq82DcHuHqwYizXBE4tkvInSwSCQVIQesBooJ8I2PkpZYz3dnPBKenxKlL61Ad9vZS26iun46sJmjwfJg4YUbbR9yd25R00wWZRDPNdLzNln6LzKBgOHtbOsD4MSY=
[TUUi.Plg] INFO 2011-01-01 08:58:25,211 PABLO-PC PID:2352 THID:2404 ID:DCF74CF9-60CE-46E8-A861-393CF7011289:26.181122.94ba86f3cb37e74d55370cd39afacb2fe78955b0.7 MSG:aBwx2Nm6wY48asWhdAFbAuq5vzsfwKxQF3saQwZsrnKtIbIyTFNVNj/M1oC56MW8OC3M=
[TUUi.Worker] INFO 2011-01-01 08:58:27,422 PABLO-PC PID:2352 THID:2404 ID:ED4CE104-E242-41CC-B53F-908E6CECBDAF:86.181122.94ba86f3cb37e74d55370cd39afacb2fe78955b0.7 MSG:aCrCXU/1ajjn4utGUY8sCGKNClq8YOxzgyDUDtg==
[TUUi.Worker] INFO 2011-01-01 08:58:28,498 PABLO-PC PID:2352 THID:2404 ID:C479DE90-DD14-4901-B736-923AE9BB701F:279.181122.94ba86f3cb37e74d55370cd39afacb2fe78955b0.7 MSG:aBUSkeamTf0kp+xX9hVAwYHgjD4mdAoaC9UAm4umv6YiQ/s6s3RU9Zr1keC1g7GLT
[TUUi.Worker] INFO 2011-01-01 08:58:29,200 PABLO-PC PID:2352 THID:2404 ID:A35A52D5-2CDE-4521-A985-FD13DBDCB9C7:220.181122.94ba86f3cb37e74d55370cd39afacb2fe78955b0.7 MSG:*
[TUUi.Plg] INFO 2017-01-12 03:38:48,936 PABLO-PC PID:2544 THID:2720 ID:DCF74CF9-60CE-46E8-A861-393CF7011289:26.186580.8d42da06d71dd560377137522d3e5aec2c749943.7 MSG:aAQ5rkkBgaPYG4AxfDoC/nA0NSYD+7RVgqtEzpFAUs5/9OfxA6rKz6DQJrT/4rQkdFpE=
[TUUi.Worker] INFO 2017-01-12 03:38:50,621 PABLO-PC PID:2544 THID:2720 ID:ED4CE104-E242-41CC-B53F-908E6CECBDAF:80.186580.8d42da06d71dd560377137522d3e5aec2c749943.7 MSG:aD/kLy1m7+HtU3JL1daT9tZ6k73pbpBLnbr6T5A==
[TUUi.Worker] INFO 2017-01-12 03:38:50,871 PABLO-PC PID:2544 THID:2720 ID:C479DE90-DD14-4901-B736-923AE9BB701F:289.186580.8d42da06d71dd560377137522d3e5aec2c749943.7 MSG:aDkxXujl+2r4Prfe17No+cEfDqo9euKknYr3m9CT8mPrJbf/+Rnr1zB+eXyVFUi18
[TUUi.Worker] INFO 2017-01-12 03:38:51,136 PABLO-PC PID:2544 THID:2720 ID:A35A52D5-2CDE-4521-A985-FD13DBDCB9C7:233.186580.8d42da06d71dd560377137522d3e5aec2c749943.7 MSG:*
[TUUi.Worker] INFO 2017-01-12 03:42:29,798 PABLO-PC PID:2544 THID:1580 ID:C479DE90-DD14-4901-B736-923AE9BB701F:267.186580.8d42da06d71dd560377137522d3e5aec2c749943.7 MSG:*
[TUUi.Plg] INFO 2017-01-12 05:21:16,684 PABLO-PC PID:2576 THID:3008 ID:DCF74CF9-60CE-46E8-A861-393CF7011289:26.186580.8d42da06d71dd560377137522d3e5aec2c749943.7 MSG:aBtfKZ1g1biSHYy7MTobkfT/Ku1yzOBr15vdysBfyLB4qIIwevYLrCldbamdCHBBtD2g=
[TUUi.Worker] INFO 2017-01-12 05:21:17,136 PABLO-PC PID:2576 THID:3008 ID:ED4CE104-E242-41CC-B53F-908E6CECBDAF:80.186580.8d42da06d71dd560377137522d3e5aec2c749943.7 MSG:aBUSke6qOF2Vnvx33mk90JWZ/UNrMXtfCtV53sw==
[TUUi.Worker] INFO 2017-01-12 05:21:17,510 PABLO-PC PID:2576 THID:3008 ID:C479DE90-DD14-4901-B736-923AE9BB701F:289.186580.8d42da06d71dd560377137522d3e5aec2c749943.7 MSG:aBtfKZVsoBgjJJybGUZmgOCGW5A/mMRnj9+kj4Vz8aDdRBsRf643oGRxXNm5PHhIm
[TUUi.Worker] INFO 2017-01-12 05:21:17,791 PABLO-PC PID:2576 THID:3008 ID:A35A52D5-2CDE-4521-A985-FD13DBDCB9C7:233.186580.8d42da06d71dd560377137522d3e5aec2c749943.7 MSG:*
[TUUi.Plg] INFO 2017-01-12 06:40:55,920 PABLO-PC PID:3640 THID:4976 ID:DCF74CF9-60CE-46E8-A861-393CF7011289:26.186580.8d42da06d71dd560377137522d3e5aec2c749943.7 MSG:aDMnXy/QL7gwKNBfubkryWa7h8qo0wlWKvUcIew98QsoVUB3VgvhV5ZztkCi9nVSwOP4=
[TUUi.Worker] INFO 2017-01-12 06:40:59,461 PABLO-PC PID:3640 THID:4976 ID:ED4CE104-E242-41CC-B53F-908E6CECBDAF:80.186580.8d42da06d71dd560377137522d3e5aec2c749943.7 MSG:aALNbk2xnzdr5qA0C/UfAQjj6oLt+FZSW52zavw==
[TUUi.Worker] INFO 2017-01-12 06:40:59,734 PABLO-PC PID:3640 THID:4976 ID:C479DE90-DD14-4901-B736-923AE9BB701F:289.186580.8d42da06d71dd560377137522d3e5aec2c749943.7 MSG:aDZralSWSgERw3dW3bcrtPi6b4sT6GLhinJKo22SjR2xBBCwjYeyAUiPDYbdHC356
[TUUi.Worker] INFO 2017-01-12 06:41:00,036 PABLO-PC PID:3640 THID:4976 ID:A35A52D5-2CDE-4521-A985-FD13DBDCB9C7:233.186580.8d42da06d71dd560377137522d3e5aec2c749943.7 MSG:*
[TUUi.Plg] INFO 2017-01-12 20:57:15,778 PABLO-PC PID:2792 THID:2796 ID:DCF74CF9-60CE-46E8-A861-393CF7011289:26.186580.8d42da06d71dd560377137522d3e5aec2c749943.7 MSG:aCrCXU/1ajjn4utGUY8sCGKNClq8caB7lzjULtrdbdCBxWLLtPC70A574NXCJzgv837g=
[TUUi.Worker] INFO 2017-01-12 20:57:19,628 PABLO-PC PID:2792 THID:2796 ID:ED4CE104-E242-41CC-B53F-908E6CECBDAF:80.186580.8d42da06d71dd560377137522d3e5aec2c749943.7 MSG:aALNbk2xnzdr5qA0C/UfAQjj6oLt+FZSW52zavw==
[TUUi.Worker] INFO 2017-01-12 20:57:20,755 PABLO-PC PID:2792 THID:2796 ID:C479DE90-DD14-4901-B736-923AE9BB701F:289.186580.8d42da06d71dd560377137522d3e5aec2c749943.7 MSG:aD/kLyVqmkFcamJr/aru58ID4sCkK+EOnLqDCtSj14RE8fXSNYkSDchRDtHr50ZiT
[TUUi.Worker] INFO 2017-01-12 20:57:25,078 PABLO-PC PID:2792 THID:2796 ID:A35A52D5-2CDE-4521-A985-FD13DBDCB9C7:233.186580.8d42da06d71dd560377137522d3e5aec2c749943.7 MSG:*
[TUUi.Plg] INFO 2017-01-13 00:38:38,893 PABLO-PC PID:352 THID:4692 ID:DCF74CF9-60CE-46E8-A861-393CF7011289:26.186580.8d42da06d71dd560377137522d3e5aec2c749943.7 MSG:aCrCXU/1ajjn4utGUY8sCGKNClq8cbRi1nmALtrdbdCBxWLLtPC70A574NXCJzgv837g=
[TUUi.Worker] INFO 2017-01-13 00:38:39,345 PABLO-PC PID:352 THID:4692 ID:ED4CE104-E242-41CC-B53F-908E6CECBDAF:80.186580.8d42da06d71dd560377137522d3e5aec2c749943.7 MSG:aBUSke6qOF2Vnvx33mk90JWZ/UNrMXtfCtV53sw==
[TUUi.Worker] INFO 2017-01-13 00:38:39,688 PABLO-PC PID:352 THID:4692 ID:C479DE90-DD14-4901-B736-923AE9BB701F:289.186580.8d42da06d71dd560377137522d3e5aec2c749943.7 MSG:aDZralSWSgERw3dW3bcrtPi6b4sT6GLhinJKo22SjR2xBBCwjYeyAUiPDYbdHC356
[TUUi.Worker] INFO 2017-01-13 00:38:40,094 PABLO-PC PID:352 THID:4692 ID:A35A52D5-2CDE-4521-A985-FD13DBDCB9C7:233.186580.8d42da06d71dd560377137522d3e5aec2c749943.7 MSG:*
[TUUi.Worker] INFO 2017-01-13 03:01:47,825 PABLO-PC PID:352 THID:4692 ID:A35A52D5-2CDE-4521-A985-FD13DBDCB9C7:233.186580.8d42da06d71dd560377137522d3e5aec2c749943.7 MSG:*
[TUUi.Worker] INFO 2017-01-13 03:42:35,085 PABLO-PC PID:352 THID:4212 ID:C479DE90-DD14-4901-B736-923AE9BB701F:267.186580.8d42da06d71dd560377137522d3e5aec2c749943.7 MSG:*
[TUUi.Plg] INFO 2017-01-13 04:45:27,214 PABLO-PC PID:1612 THID:1116 ID:DCF74CF9-60CE-46E8-A861-393CF7011289:26.186580.8d42da06d71dd560377137522d3e5aec2c749943.7 MSG:aCIZsDefHFJDXIAXfh25fLLGhp0yJo9tTPqQttgW0gU5Jpy+VPAwltJmmS8mH7lQjnEE=
[TUUi.Worker] INFO 2017-01-13 04:45:44,109 PABLO-PC PID:1612 THID:1116 ID:ED4CE104-E242-41CC-B53F-908E6CECBDAF:80.186580.8d42da06d71dd560377137522d3e5aec2c749943.7 MSG:aBUSke6qOF2Vnvx33mk90JWZ/UNrMXtfCtV53sw==
[TUUi.Worker] INFO 2017-01-13 04:45:46,262 PABLO-PC PID:1612 THID:1116 ID:C479DE90-DD14-4901-B736-923AE9BB701F:289.186580.8d42da06d71dd560377137522d3e5aec2c749943.7 MSG:aALNbkW96pfa37AUI4liEByam/+gvScXWp3KL7hfFSd0GDsrRyfy4Umht4NzApn+g
[TUUi.Worker] INFO 2017-01-13 04:45:47,750 PABLO-PC PID:1612 THID:1116 ID:A35A52D5-2CDE-4521-A985-FD13DBDCB9C7:233.186580.8d42da06d71dd560377137522d3e5aec2c749943.7 MSG:*
[TUUi.Plg] INFO 2017-01-14 01:33:49,832 PABLO-PC PID:3608 THID:3612 ID:DCF74CF9-60CE-46E8-A861-393CF7011289:26.186580.8d42da06d71dd560377137522d3e5aec2c749943.7 MSG:aDZralyaP6Gg+md29ctWpezDHvZeuROBz2I7xii+tA0U6ImRiN+ODQWjPPb5KCXwxpXk=
[TUUi.Worker] INFO 2017-01-14 01:34:19,237 PABLO-PC PID:3608 THID:3612 ID:ED4CE104-E242-41CC-B53F-908E6CECBDAF:80.186580.8d42da06d71dd560377137522d3e5aec2c749943.7 MSG:aALNbk2xnzdr5qA0C/UfAQjj6oLt+FZSW52zavw==
[TUUi.Worker] INFO 2017-01-14 01:34:24,369 PABLO-PC PID:3608 THID:3612 ID:C479DE90-DD14-4901-B736-923AE9BB701F:289.186580.8d42da06d71dd560377137522d3e5aec2c749943.7 MSG:aAQ5rkEN9ANpIpARVEZ/72RNRFtOrt0wn4s9q9Rsa97aGH7QBvL2w+38F8Tb1rwtW
[TUUi.Worker] INFO 2017-01-14 01:34:29,455 PABLO-PC PID:3608 THID:3612 ID:A35A52D5-2CDE-4521-A985-FD13DBDCB9C7:233.186580.8d42da06d71dd560377137522d3e5aec2c749943.7 MSG:*
[TUUi.Worker] INFO 2017-01-14 01:35:00,020 PABLO-PC PID:3608 THID:3612 ID:A35A52D5-2CDE-4521-A985-FD13DBDCB9C7:233.186580.8d42da06d71dd560377137522d3e5aec2c749943.7 MSG:*
[TUUi.Worker] INFO 2017-01-14 03:46:13,372 PABLO-PC PID:3608 THID:3612 ID:A35A52D5-2CDE-4521-A985-FD13DBDCB9C7:233.186580.8d42da06d71dd560377137522d3e5aec2c749943.7 MSG:*
[TUUi.Plg] INFO 2017-01-14 12:11:43,862 PABLO-PC PID:3228 THID:3232 ID:DCF74CF9-60CE-46E8-A861-393CF7011289:26.186580.8d42da06d71dd560377137522d3e5aec2c749943.7 MSG:aCYTZ2VHWri46mGg1PhITIXoBO3oISWRHyxwjoHI8+jsVdw8+mfPI4gRM3Y5M3DaUcyM=
[TUUi.Worker] INFO 2017-01-14 12:11:44,408 PABLO-PC PID:3228 THID:3232 ID:ED4CE104-E242-41CC-B53F-908E6CECBDAF:80.186580.8d42da06d71dd560377137522d3e5aec2c749943.7 MSG:aALNbk2xnzdr5qA0C/UfAQjj6oLt+FZSW52zavw==
[TUUi.Worker] INFO 2017-01-14 12:11:44,876 PABLO-PC PID:3228 THID:3232 ID:C479DE90-DD14-4901-B736-923AE9BB701F:289.186580.8d42da06d71dd560377137522d3e5aec2c749943.7 MSG:aDkxXujl+2r4Prfe17No+cEfDqo9euKknYr3m9CT8mPrJbf/+Rnr1zB+eXyVFUi18
[TUUi.Worker] INFO 2017-01-14 12:11:45,266 PABLO-PC PID:3228 THID:3232 ID:A35A52D5-2CDE-4521-A985-FD13DBDCB9C7:233.186580.8d42da06d71dd560377137522d3e5aec2c749943.7 MSG:*
[TUUi.Worker] INFO 2017-01-14 18:50:50,218 PABLO-PC PID:3228 THID:3232 ID:A35A52D5-2CDE-4521-A985-FD13DBDCB9C7:233.186580.8d42da06d71dd560377137522d3e5aec2c749943.7 MSG:*
[TUUi.Plg] INFO 2017-01-14 21:02:49,704 PABLO-PC PID:1952 THID:1960 ID:DCF74CF9-60CE-46E8-A861-393CF7011289:26.186580.8d42da06d71dd560377137522d3e5aec2c749943.7 MSG:aBORTMctk2oifuiD0D3iBRvmrjZxJl1PG5Sw6lJC6f/zYV14FxV5aTjOf1F2Tktn0wTs=
[TUUi.Worker] INFO 2017-01-14 21:02:51,373 PABLO-PC PID:1952 THID:1960 ID:ED4CE104-E242-41CC-B53F-908E6CECBDAF:80.186580.8d42da06d71dd560377137522d3e5aec2c749943.7 MSG:aCrCXU/1ajjn4utGUY8sCGKNClq8YOxzgyDUDtg==
[TUUi.Worker] INFO 2017-01-14 21:03:18,517 PABLO-PC PID:1952 THID:1960 ID:C479DE90-DD14-4901-B736-923AE9BB701F:289.186580.8d42da06d71dd560377137522d3e5aec2c749943.7 MSG:aA8raG73tndCpHi7E+CqzK9+wd42azKBnL6KVS6sDcnYDBqIb2k+uOSLhkjXm1SXq
[TUUi.Worker] INFO 2017-01-14 21:03:21,294 PABLO-PC PID:1952 THID:1960 ID:A35A52D5-2CDE-4521-A985-FD13DBDCB9C7:233.186580.8d42da06d71dd560377137522d3e5aec2c749943.7 MSG:*
[TUUi.Plg] INFO 2017-01-14 22:07:55,542 PABLO-PC PID:2608 THID:2368 ID:DCF74CF9-60CE-46E8-A861-393CF7011289:26.186580.8d42da06d71dd560377137522d3e5aec2c749943.7 MSG:aAuF919oOjeEiq8p6mo2o1LNnB2447WwKwKZlPO0k4Q950NsktNlrlksQdWWLZk2jXcM=
[TUUi.Worker] INFO 2017-01-14 22:07:57,818 PABLO-PC PID:2608 THID:2368 ID:ED4CE104-E242-41CC-B53F-908E6CECBDAF:80.186580.8d42da06d71dd560377137522d3e5aec2c749943.7 MSG:aBwx2Nm6wY48asWhdAFbAuq5vzsfzfxYGi8KYwQ==
[TUUi.Worker] INFO 2017-01-14 22:07:58,974 PABLO-PC PID:2608 THID:2368 ID:C479DE90-DD14-4901-B736-923AE9BB701F:289.186580.8d42da06d71dd560377137522d3e5aec2c749943.7 MSG:aBwx2NG2tC6NU9WBXH0mE/7AzkZSiI0dGy9zJkNAl2IIzSsTSQtpOnLg5/Cd3M21F
[TUUi.Worker] INFO 2017-01-14 22:07:59,297 PABLO-PC PID:2608 THID:2368 ID:A35A52D5-2CDE-4521-A985-FD13DBDCB9C7:233.186580.8d42da06d71dd560377137522d3e5aec2c749943.7 MSG:*
[TUUi.Plg] INFO 2017-01-15 02:35:59,294 PABLO-PC PID:2236 THID:2240 ID:DCF74CF9-60CE-46E8-A861-393CF7011289:26.186580.8d42da06d71dd560377137522d3e5aec2c749943.7 MSG:aD/kLy1m7+HtU3JL1daT9tZ6k73pf8hC0ZriT5GP7pThHWzzMNEuAYV9P6HP005rY3SA=
[TUUi.Worker] INFO 2017-01-15 02:36:20,603 PABLO-PC PID:2236 THID:2240 ID:ED4CE104-E242-41CC-B53F-908E6CECBDAF:80.186580.8d42da06d71dd560377137522d3e5aec2c749943.7 MSG:aCYTZ2VHWri46mGg1PhITIXoBO3oMH2wVwhQjoA==
[TUUi.Worker] INFO 2017-01-15 02:36:28,731 PABLO-PC PID:2236 THID:2240 ID:C479DE90-DD14-4901-B736-923AE9BB701F:289.186580.8d42da06d71dd560377137522d3e5aec2c749943.7 MSG:aD/kLyVqmkFcamJr/aru58ID4sCkK+EOnLqDCtSj14RE8fXSNYkSDchRDtHr50ZiT
[TUUi.Worker] INFO 2017-01-15 02:36:30,603 PABLO-PC PID:2236 THID:2240 ID:A35A52D5-2CDE-4521-A985-FD13DBDCB9C7:233.186580.8d42da06d71dd560377137522d3e5aec2c749943.7 MSG:*
[TUUi.Worker] INFO 2017-01-15 03:46:15,564 PABLO-PC PID:2236 THID:4088 ID:C479DE90-DD14-4901-B736-923AE9BB701F:267.186580.8d42da06d71dd560377137522d3e5aec2c749943.7 MSG:*
[TUUi.Plg] INFO 2017-01-15 19:22:44,930 PABLO-PC PID:2360 THID:1100 ID:DCF74CF9-60CE-46E8-A861-393CF7011289:26.186580.8d42da06d71dd560377137522d3e5aec2c749943.7 MSG:aA8raGb7w9fznWibO5zX3bsHsKN7PxPkgarXMGuANNl94IOpajECtKmntzjzr1yehMUk=
[TUUi.Worker] INFO 2017-01-15 19:22:45,694 PABLO-PC PID:2360 THID:1100 ID:ED4CE104-E242-41CC-B53F-908E6CECBDAF:80.186580.8d42da06d71dd560377137522d3e5aec2c749943.7 MSG:aDkxXuDpjspJB6f+/88V6NVmf9dwP5PhnIqO3pQ==
[TUUi.Worker] INFO 2017-01-15 19:22:47,239 PABLO-PC PID:2360 THID:1100 ID:C479DE90-DD14-4901-B736-923AE9BB701F:289.186580.8d42da06d71dd560377137522d3e5aec2c749943.7 MSG:aBUSkeamTf0kp+xX9hVAwYHgjD4mdAoaC9UAm4umv6YiQ/s6s3RU9Zr1keC1g7GLT
[TUUi.Worker] INFO 2017-01-15 19:22:48,393 PABLO-PC PID:2360 THID:1100 ID:A35A52D5-2CDE-4521-A985-FD13DBDCB9C7:233.186580.8d42da06d71dd560377137522d3e5aec2c749943.7 MSG:*
[TUUi.Plg] INFO 2017-01-15 19:44:07,604 PABLO-PC PID:3328 THID:2240 ID:DCF74CF9-60CE-46E8-A861-393CF7011289:26.186580.8d42da06d71dd560377137522d3e5aec2c749943.7 MSG:aCYTZ2VHWri46mGg1PhITIXoBO3oIGG0VkUAroHI8+jsVdw8+mfPI4gRM3Y5M3DaUcyM=
[TUUi.Worker] INFO 2017-01-15 19:44:08,134 PABLO-PC PID:3328 THID:2240 ID:ED4CE104-E242-41CC-B53F-908E6CECBDAF:80.186580.8d42da06d71dd560377137522d3e5aec2c749943.7 MSG:aDkxXuDpjspJB6f+/88V6NVmf9dwP5PhnIqO3pQ==
[TUUi.Worker] INFO 2017-01-15 19:44:08,556 PABLO-PC PID:3328 THID:2240 ID:C479DE90-DD14-4901-B736-923AE9BB701F:289.186580.8d42da06d71dd560377137522d3e5aec2c749943.7 MSG:aCrCXUf5H5hW2/tmefNRGXb0eyfxJZ02giCtS5/xVMAkKfvqsaiH3ENX0aXmEzAm3
[TUUi.Worker] INFO 2017-01-15 19:44:09,429 PABLO-PC PID:3328 THID:2240 ID:A35A52D5-2CDE-4521-A985-FD13DBDCB9C7:233.186580.8d42da06d71dd560377137522d3e5aec2c749943.7 MSG:*
[TUUi.Worker] INFO 2017-01-16 04:04:00,144 PABLO-PC PID:3328 THID:4252 ID:C479DE90-DD14-4901-B736-923AE9BB701F:267.186580.8d42da06d71dd560377137522d3e5aec2c749943.7 MSG:*
[TUUi.Plg] INFO 2017-01-16 06:28:04,832 PABLO-PC PID:512 THID:112 ID:DCF74CF9-60CE-46E8-A861-393CF7011289:26.186580.8d42da06d71dd560377137522d3e5aec2c749943.7 MSG:aBwx2Nm6wY48asWhdAFbAuq5vzsf2f0IPisCQwZsrnKtIbIyTFNVNj/M1oC56MW8OC3M=
[TUUi.Worker] INFO 2017-01-16 06:28:49,297 PABLO-PC PID:512 THID:112 ID:ED4CE104-E242-41CC-B53F-908E6CECBDAF:80.186580.8d42da06d71dd560377137522d3e5aec2c749943.7 MSG:aA8raGb7w9fznWibO5zX3bsHsKN7LkPEnb7zEGg==
[TUUi.Worker] INFO 2017-01-16 06:28:51,120 PABLO-PC PID:512 THID:112 ID:C479DE90-DD14-4901-B736-923AE9BB701F:289.186580.8d42da06d71dd560377137522d3e5aec2c749943.7 MSG:aALNbkW96pfa37AUI4liEByam/+gvScXWp3KL7hfFSd0GDsrRyfy4Umht4NzApn+g
[TUUi.Worker] INFO 2017-01-16 06:28:53,440 PABLO-PC PID:512 THID:112 ID:A35A52D5-2CDE-4521-A985-FD13DBDCB9C7:233.186580.8d42da06d71dd560377137522d3e5aec2c749943.7 MSG:*
[TUUi.Worker] INFO 2017-01-16 08:34:20,920 PABLO-PC PID:512 THID:2800 ID:A35A52D5-2CDE-4521-A985-FD13DBDCB9C7:492.186580.8d42da06d71dd560377137522d3e5aec2c749943.7 MSG:*
[TUUi.Worker] INFO 2017-01-16 08:47:02,274 PABLO-PC PID:512 THID:2904 ID:C479DE90-DD14-4901-B736-923AE9BB701F:267.186580.8d42da06d71dd560377137522d3e5aec2c749943.7 MSG:*
[TUUi.Worker] INFO 2017-01-17 06:12:53,616 PABLO-PC PID:512 THID:112 ID:A35A52D5-2CDE-4521-A985-FD13DBDCB9C7:233.186580.8d42da06d71dd560377137522d3e5aec2c749943.7 MSG:*
[TUUi.Worker] INFO 2017-01-17 06:39:08,305 PABLO-PC PID:512 THID:6100 ID:C479DE90-DD14-4901-B736-923AE9BB701F:267.186580.8d42da06d71dd560377137522d3e5aec2c749943.7 MSG:*
[TUUi.Plg] INFO 2017-01-18 01:06:10,234 PABLO-PC PID:5776 THID:4204 ID:DCF74CF9-60CE-46E8-A861-393CF7011289:26.186580.8d42da06d71dd560377137522d3e5aec2c749943.7 MSG:aCyImkZV6lSi01bL47kZxwJqqVODgktA/GCR8soZwQkLz0XjBTvcUQVT4fqqg5b6x0T4=
[TUUi.Worker] INFO 2017-01-18 01:06:11,872 PABLO-PC PID:5776 THID:4204 ID:ED4CE104-E242-41CC-B53F-908E6CECBDAF:80.186580.8d42da06d71dd560377137522d3e5aec2c749943.7 MSG:aCyImkZV6lSi01bL47kZxwJqqVODlkdE5GiF0sg==
[TUUi.Worker] INFO 2017-01-18 01:06:12,387 PABLO-PC PID:5776 THID:4204 ID:C479DE90-DD14-4901-B736-923AE9BB701F:289.186580.8d42da06d71dd560377137522d3e5aec2c749943.7 MSG:aDkxXujl+2r4Prfe17No+cEfDqo9euKknYr3m9CT8mPrJbf/+Rnr1zB+eXyVFUi18
[TUUi.Worker] INFO 2017-01-18 01:06:14,758 PABLO-PC PID:5776 THID:4204 ID:A35A52D5-2CDE-4521-A985-FD13DBDCB9C7:233.186580.8d42da06d71dd560377137522d3e5aec2c749943.7 MSG:*
[TUUi.Plg] INFO 2017-01-21 10:41:05,246 PABLO-PC PID:1184 THID:2716 ID:DCF74CF9-60CE-46E8-A861-393CF7011289:26.186580.8d42da06d71dd560377137522d3e5aec2c749943.7 MSG:aD/kLy1m7+HtU3JL1daT9tZ6k73pf8hSyP7eb5GP7pThHWzzMNEuAYV9P6HP005rY3SA=
[TUUi.Worker] INFO 2017-01-21 10:41:06,825 PABLO-PC PID:1184 THID:2716 ID:ED4CE104-E242-41CC-B53F-908E6CECBDAF:80.186580.8d42da06d71dd560377137522d3e5aec2c749943.7 MSG:aD/kLy1m7+HtU3JL1daT9tZ6k73pbpBLnbr6T5A==
[TUUi.Worker] INFO 2017-01-21 10:41:09,262 PABLO-PC PID:1184 THID:2716 ID:C479DE90-DD14-4901-B736-923AE9BB701F:289.186580.8d42da06d71dd560377137522d3e5aec2c749943.7 MSG:aBwx2NG2tC6NU9WBXH0mE/7AzkZSiI0dGy9zJkNAl2IIzSsTSQtpOnLg5/Cd3M21F
[TUUi.Worker] INFO 2017-01-21 10:41:10,061 PABLO-PC PID:1184 THID:2716 ID:A35A52D5-2CDE-4521-A985-FD13DBDCB9C7:233.186580.8d42da06d71dd560377137522d3e5aec2c749943.7 MSG:*
[TUUi.Plg] INFO 2017-01-23 07:12:37,271 PABLO-PC PID:3268 THID:5020 ID:DCF74CF9-60CE-46E8-A861-393CF7011289:26.186580.8d42da06d71dd560377137522d3e5aec2c749943.7 MSG:aAuF919oOjeEiq8p6mo2o1LNnB244uG9bxfZtPO0k4Q950NsktNlrlksQdWWLZk2jXcM=
[TUUi.Worker] INFO 2017-01-23 07:12:37,996 PABLO-PC PID:3268 THID:5020 ID:ED4CE104-E242-41CC-B53F-908E6CECBDAF:80.186580.8d42da06d71dd560377137522d3e5aec2c749943.7 MSG:aBtfKZ1g1biSHYy7MTobkfT/Ku1y3bUijt/dysA==
[TUUi.Worker] INFO 2017-01-23 07:12:42,703 PABLO-PC PID:3268 THID:5020 ID:C479DE90-DD14-4901-B736-923AE9BB701F:289.186580.8d42da06d71dd560377137522d3e5aec2c749943.7 MSG:aCyImk5Zn/QT6kbry8Vk1hYT2C7O0zYB5Wj8l481+BmuI9zCAGPgXUh/0IqOt57z6
[TUUi.Worker] INFO 2017-01-23 07:12:43,768 PABLO-PC PID:3268 THID:5020 ID:A35A52D5-2CDE-4521-A985-FD13DBDCB9C7:233.186580.8d42da06d71dd560377137522d3e5aec2c749943.7 MSG:*
[TUUi.Plg] INFO 2017-01-24 04:05:30,625 PABLO-PC PID:4036 THID:644 ID:DCF74CF9-60CE-46E8-A861-393CF7011289:26.186580.8d42da06d71dd560377137522d3e5aec2c749943.7 MSG:aCrCXU/1ajjn4utGUY8sCGKNClq8cbR62zjcLtrdbdCBxWLLtPC70A574NXCJzgv837g=
[TUUi.Worker] INFO 2017-01-24 04:05:33,168 PABLO-PC PID:4036 THID:644 ID:ED4CE104-E242-41CC-B53F-908E6CECBDAF:80.186580.8d42da06d71dd560377137522d3e5aec2c749943.7 MSG:aDZralyaP6Gg+md29ctWpezDHvZerROki3Iz5ig==
[TUUi.Worker] INFO 2017-01-24 04:05:36,553 PABLO-PC PID:4036 THID:644 ID:C479DE90-DD14-4901-B736-923AE9BB701F:289.186580.8d42da06d71dd560377137522d3e5aec2c749943.7 MSG:aD/kLyVqmkFcamJr/aru58ID4sCkK+EOnLqDCtSj14RE8fXSNYkSDchRDtHr50ZiT
[TUUi.Worker] INFO 2017-01-24 04:05:38,613 PABLO-PC PID:4036 THID:644 ID:A35A52D5-2CDE-4521-A985-FD13DBDCB9C7:233.186580.8d42da06d71dd560377137522d3e5aec2c749943.7 MSG:*
[TUUi.Worker] INFO 2017-01-24 04:07:08,687 PABLO-PC PID:4036 THID:2532 ID:A35A52D5-2CDE-4521-A985-FD13DBDCB9C7:492.186580.8d42da06d71dd560377137522d3e5aec2c749943.7 MSG:*
[TUUi.Worker] INFO 2017-01-24 04:30:20,985 PABLO-PC PID:4036 THID:2404 ID:C479DE90-DD14-4901-B736-923AE9BB701F:267.186580.8d42da06d71dd560377137522d3e5aec2c749943.7 MSG:*
[TUUi.Worker] INFO 2017-01-25 04:30:21,380 PABLO-PC PID:4036 THID:4032 ID:C479DE90-DD14-4901-B736-923AE9BB701F:267.186580.8d42da06d71dd560377137522d3e5aec2c749943.7 MSG:*
[TUUi.Plg] INFO 2017-01-26 02:12:32,379 PABLO-PC PID:3264 THID:3268 ID:DCF74CF9-60CE-46E8-A861-393CF7011289:26.186580.8d42da06d71dd560377137522d3e5aec2c749943.7 MSG:aBwx2Nm6wY48asWhdAFbAuq5vzsf2fxEEg8qQwZsrnKtIbIyTFNVNj/M1oC56MW8OC3M=
[TUUi.Worker] INFO 2017-01-26 02:12:33,018 PABLO-PC PID:3264 THID:3268 ID:ED4CE104-E242-41CC-B53F-908E6CECBDAF:80.186580.8d42da06d71dd560377137522d3e5aec2c749943.7 MSG:aDMnXy/QL7gwKNBfubkryWa7h8qoxwlOI7hQAew==
[TUUi.Worker] INFO 2017-01-26 02:12:42,335 PABLO-PC PID:3264 THID:3268 ID:C479DE90-DD14-4901-B736-923AE9BB701F:289.186580.8d42da06d71dd560377137522d3e5aec2c749943.7 MSG:aALNbkW96pfa37AUI4liEByam/+gvScXWp3KL7hfFSd0GDsrRyfy4Umht4NzApn+g
[TUUi.Worker] INFO 2017-01-26 02:12:42,975 PABLO-PC PID:3264 THID:3268 ID:A35A52D5-2CDE-4521-A985-FD13DBDCB9C7:233.186580.8d42da06d71dd560377137522d3e5aec2c749943.7 MSG:*
[TUUi.Worker] INFO 2017-01-26 04:52:21,490 PABLO-PC PID:3264 THID:5864 ID:C479DE90-DD14-4901-B736-923AE9BB701F:267.186580.8d42da06d71dd560377137522d3e5aec2c749943.7 MSG:*
[TUUi.Plg] INFO 2017-01-26 23:10:31,343 PABLO-PC PID:3032 THID:2776 ID:DCF74CF9-60CE-46E8-A861-393CF7011289:26.186580.8d42da06d71dd560377137522d3e5aec2c749943.7 MSG:aDZralyaP6Gg+md29ctWpezDHvZevF79ziNj5ii+tA0U6ImRiN+ODQWjPPb5KCXwxpXk=
[TUUi.Worker] INFO 2017-01-26 23:10:31,811 PABLO-PC PID:3032 THID:2776 ID:ED4CE104-E242-41CC-B53F-908E6CECBDAF:80.186580.8d42da06d71dd560377137522d3e5aec2c749943.7 MSG:aD/kLy1m7+HtU3JL1daT9tZ6k73pbpBLnbr6T5A==
[TUUi.Worker] INFO 2017-01-26 23:10:33,714 PABLO-PC PID:3032 THID:2776 ID:C479DE90-DD14-4901-B736-923AE9BB701F:289.186580.8d42da06d71dd560377137522d3e5aec2c749943.7 MSG:aDkxXujl+2r4Prfe17No+cEfDqo9euKknYr3m9CT8mPrJbf/+Rnr1zB+eXyVFUi18
[TUUi.Worker] INFO 2017-01-26 23:10:33,995 PABLO-PC PID:3032 THID:2776 ID:A35A52D5-2CDE-4521-A985-FD13DBDCB9C7:233.186580.8d42da06d71dd560377137522d3e5aec2c749943.7 MSG:*
[TUUi.Plg] INFO 2017-01-27 04:52:40,430 PABLO-PC PID:2744 THID:1988 ID:DCF74CF9-60CE-46E8-A861-393CF7011289:26.186580.8d42da06d71dd560377137522d3e5aec2c749943.7 MSG:aCyImkZV6lSi01bL47kZxwJqqVODhw4drHyN0soZwQkLz0XjBTvcUQVT4fqqg5b6x0T4=
[TUUi.Worker] INFO 2017-01-27 04:52:45,328 PABLO-PC PID:2744 THID:1988 ID:ED4CE104-E242-41CC-B53F-908E6CECBDAF:80.186580.8d42da06d71dd560377137522d3e5aec2c749943.7 MSG:aCrCXU/1ajjn4utGUY8sCGKNClq8YOxzgyDUDtg==
[TUUi.Worker] INFO 2017-01-27 04:52:56,716 PABLO-PC PID:2744 THID:1988 ID:C479DE90-DD14-4901-B736-923AE9BB701F:289.186580.8d42da06d71dd560377137522d3e5aec2c749943.7 MSG:aCIZsD+TafLyZZA3VmHEbaa/9+B/crIhALLt05066xWcygWfUagMmp9KqF8CK7FZo
[TUUi.Worker] INFO 2017-01-27 04:52:58,557 PABLO-PC PID:2744 THID:1988 ID:A35A52D5-2CDE-4521-A985-FD13DBDCB9C7:233.186580.8d42da06d71dd560377137522d3e5aec2c749943.7 MSG:*
[TUUi.Worker] INFO 2017-01-27 04:55:50,992 PABLO-PC PID:2744 THID:4760 ID:C479DE90-DD14-4901-B736-923AE9BB701F:267.186580.8d42da06d71dd560377137522d3e5aec2c749943.7 MSG:*
[TUUi.Plg] INFO 2017-01-29 04:26:36,030 PABLO-PC PID:2140 THID:5268 ID:DCF74CF9-60CE-46E8-A861-393CF7011289:26.186580.8d42da06d71dd560377137522d3e5aec2c749943.7 MSG:aBORTMctk2oifuiD0D3iBRvmrjZxJm1bMsH86lJC6f/zYV14FxV5aTjOf1F2Tktn0wTs=
[TUUi.Worker] INFO 2017-01-29 04:26:36,654 PABLO-PC PID:2140 THID:5268 ID:ED4CE104-E242-41CC-B53F-908E6CECBDAF:80.186580.8d42da06d71dd560377137522d3e5aec2c749943.7 MSG:aCYTZ2VHWri46mGg1PhITIXoBO3oMH2wVwhQjoA==
[TUUi.Worker] INFO 2017-01-29 04:26:38,370 PABLO-PC PID:2140 THID:5268 ID:C479DE90-DD14-4901-B736-923AE9BB701F:289.186580.8d42da06d71dd560377137522d3e5aec2c749943.7 MSG:aCYTZ21LLxgJ03GA/IQ1XZGRdZCldQz1Vggpy8TkyvhJuUUd/z/zL8U9AgYdB3jTf
[TUUi.Worker] INFO 2017-01-29 04:26:38,604 PABLO-PC PID:2140 THID:5268 ID:A35A52D5-2CDE-4521-A985-FD13DBDCB9C7:233.186580.8d42da06d71dd560377137522d3e5aec2c749943.7 MSG:*
[TUUi.Worker] INFO 2017-01-29 04:29:21,933 PABLO-PC PID:2140 THID:1904 ID:C479DE90-DD14-4901-B736-923AE9BB701F:267.186580.8d42da06d71dd560377137522d3e5aec2c749943.7 MSG:*
[TUUi.Worker] INFO 2017-01-29 06:03:11,086 PABLO-PC PID:2140 THID:5268 ID:A35A52D5-2CDE-4521-A985-FD13DBDCB9C7:233.186580.8d42da06d71dd560377137522d3e5aec2c749943.7 MSG:*
[TUUi.Worker] INFO 2017-01-30 00:27:15,535 PABLO-PC PID:2140 THID:5268 ID:A35A52D5-2CDE-4521-A985-FD13DBDCB9C7:233.186580.8d42da06d71dd560377137522d3e5aec2c749943.7 MSG:*
[TUUi.Plg] INFO 2017-02-02 22:56:36,759 PABLO-PC PID:4348 THID:4352 ID:DCF74CF9-60CE-46E8-A861-393CF7011289:26.186580.8d42da06d71dd560377137522d3e5aec2c749943.7 MSG:aDkxXuDpjspJB6f+/88V6NVmf9dwLsq5vJfW3pW/y3NOyS7e/EHX231SSAyxIUC83U9Y=
[TUUi.Worker] INFO 2017-02-02 22:56:42,635 PABLO-PC PID:4348 THID:4352 ID:ED4CE104-E242-41CC-B53F-908E6CECBDAF:80.186580.8d42da06d71dd560377137522d3e5aec2c749943.7 MSG:aAQ5rkkBgaPYG4AxfDoC/nA0NSYD66x1notE7pA==
[TUUi.Worker] INFO 2017-02-02 22:56:45,463 PABLO-PC PID:4348 THID:4352 ID:C479DE90-DD14-4901-B736-923AE9BB701F:289.186580.8d42da06d71dd560377137522d3e5aec2c749943.7 MSG:aALNbkW96pfa37AUI4liEByam/+gvScXWp3KL7hfFSd0GDsrRyfy4Umht4NzApn+g
[TUUi.Worker] INFO 2017-02-02 22:56:52,451 PABLO-PC PID:4348 THID:4352 ID:A35A52D5-2CDE-4521-A985-FD13DBDCB9C7:233.186580.8d42da06d71dd560377137522d3e5aec2c749943.7 MSG:*
